[ 2017-12-28T05:17:07+08:00 ] 106.11.226.73 /index.php/Mobile/Index/index.html
INFO: [ app_init ] --START--
INFO: Run Behavior\BuildLiteBehavior [ RunTime:0.000019s ]
INFO: [ app_init ] --END-- [ RunTime:0.000324s ]
INFO: [ app_begin ] --START--
INFO: Run Behavior\ReadHtmlCacheBehavior [ RunTime:0.000409s ]
INFO: [ app_begin ] --END-- [ RunTime:0.000464s ]
NOTIC: [8] Undefined variable: arr C:\wwwroot\shop_31u1a2\web\Application\Common\Common\common.php 第 1293 行.
NOTIC: [2] Invalid argument supplied for foreach() C:\wwwroot\shop_31u1a2\web\Application\Common\Common\common.php 第 1293 行.
NOTIC: [8] Undefined variable: tree C:\wwwroot\shop_31u1a2\web\Application\Common\Common\common.php 第 1299 行.
NOTIC: [2] Invalid argument supplied for foreach() C:\wwwroot\shop_31u1a2\web\Application\Common\Common\common.php 第 1299 行.
INFO: [ view_begin ] --START--
INFO: Run Home\Behaviors\testBehavior [ RunTime:0.000536s ]
INFO: [ view_begin ] --END-- [ RunTime:0.000601s ]
INFO: [ view_parse ] --START--
NOTIC: [8] Undefined index: order C:\wwwroot\shop_31u1a2\web\ThinkPHP\Library\Think\Template\TagLib\Tpshop.class.php 第 35 行.
NOTIC: [8] Undefined index: where C:\wwwroot\shop_31u1a2\web\ThinkPHP\Library\Think\Template\TagLib\Tpshop.class.php 第 37 行.
NOTIC: [8] Undefined index: order C:\wwwroot\shop_31u1a2\web\ThinkPHP\Library\Think\Template\TagLib\Tpshop.class.php 第 35 行.
NOTIC: [8] Undefined index: where C:\wwwroot\shop_31u1a2\web\ThinkPHP\Library\Think\Template\TagLib\Tpshop.class.php 第 37 行.
NOTIC: [8] Undefined index: order C:\wwwroot\shop_31u1a2\web\ThinkPHP\Library\Think\Template\TagLib\Tpshop.class.php 第 35 行.
NOTIC: [8] Undefined index: where C:\wwwroot\shop_31u1a2\web\ThinkPHP\Library\Think\Template\TagLib\Tpshop.class.php 第 37 行.
NOTIC: [8] Undefined index: order C:\wwwroot\shop_31u1a2\web\ThinkPHP\Library\Think\Template\TagLib\Tpshop.class.php 第 35 行.
NOTIC: [8] Undefined index: where C:\wwwroot\shop_31u1a2\web\ThinkPHP\Library\Think\Template\TagLib\Tpshop.class.php 第 37 行.
NOTIC: [8] Undefined index: order C:\wwwroot\shop_31u1a2\web\ThinkPHP\Library\Think\Template\TagLib\Tpshop.class.php 第 35 行.
NOTIC: [8] Undefined index: where C:\wwwroot\shop_31u1a2\web\ThinkPHP\Library\Think\Template\TagLib\Tpshop.class.php 第 37 行.
NOTIC: [8] Undefined index: order C:\wwwroot\shop_31u1a2\web\ThinkPHP\Library\Think\Template\TagLib\Tpshop.class.php 第 35 行.
NOTIC: [8] Undefined index: where C:\wwwroot\shop_31u1a2\web\ThinkPHP\Library\Think\Template\TagLib\Tpshop.class.php 第 37 行.
NOTIC: [8] Undefined index: order C:\wwwroot\shop_31u1a2\web\ThinkPHP\Library\Think\Template\TagLib\Tpshop.class.php 第 35 行.
NOTIC: [8] Undefined index: where C:\wwwroot\shop_31u1a2\web\ThinkPHP\Library\Think\Template\TagLib\Tpshop.class.php 第 37 行.
NOTIC: [8] Undefined index: order C:\wwwroot\shop_31u1a2\web\ThinkPHP\Library\Think\Template\TagLib\Tpshop.class.php 第 35 行.
NOTIC: [8] Undefined index: where C:\wwwroot\shop_31u1a2\web\ThinkPHP\Library\Think\Template\TagLib\Tpshop.class.php 第 37 行.
NOTIC: [8] Undefined index: order C:\wwwroot\shop_31u1a2\web\ThinkPHP\Library\Think\Template\TagLib\Tpshop.class.php 第 35 行.
NOTIC: [8] Undefined index: where C:\wwwroot\shop_31u1a2\web\ThinkPHP\Library\Think\Template\TagLib\Tpshop.class.php 第 37 行.
NOTIC: [8] Undefined index: order C:\wwwroot\shop_31u1a2\web\ThinkPHP\Library\Think\Template\TagLib\Tpshop.class.php 第 35 行.
NOTIC: [8] Undefined index: where C:\wwwroot\shop_31u1a2\web\ThinkPHP\Library\Think\Template\TagLib\Tpshop.class.php 第 37 行.
NOTIC: [8] Undefined index: order C:\wwwroot\shop_31u1a2\web\ThinkPHP\Library\Think\Template\TagLib\Tpshop.class.php 第 35 行.
NOTIC: [8] Undefined index: where C:\wwwroot\shop_31u1a2\web\ThinkPHP\Library\Think\Template\TagLib\Tpshop.class.php 第 37 行.
NOTIC: [8] Undefined index: level C:\wwwroot\shop_31u1a2\web\ThinkPHP\Library\Think\Template\TagLib\Tpshop.class.php 第 155 行.
NOTIC: [8] Undefined index: level C:\wwwroot\shop_31u1a2\web\ThinkPHP\Library\Think\Template\TagLib\Tpshop.class.php 第 155 行.
NOTIC: [8] Undefined index: level C:\wwwroot\shop_31u1a2\web\ThinkPHP\Library\Think\Template\TagLib\Tpshop.class.php 第 155 行.
NOTIC: [8] Undefined index: level C:\wwwroot\shop_31u1a2\web\ThinkPHP\Library\Think\Template\TagLib\Tpshop.class.php 第 155 行.
NOTIC: [8] Undefined index: level C:\wwwroot\shop_31u1a2\web\ThinkPHP\Library\Think\Template\TagLib\Tpshop.class.php 第 155 行.
INFO: [ template_filter ] --START--
INFO: Run Behavior\ContentReplaceBehavior [ RunTime:0.000527s ]
INFO: [ template_filter ] --END-- [ RunTime:0.000576s ]
NOTIC: [8] Use of undefined constant edit_ad - assumed 'edit_ad' C:\wwwroot\shop_31u1a2\web\Application\Runtime\Cache\Mobile\b5bbc2774616647d2eecc9fe44b263ed.php 第 33 行.
NOTIC: [8] Undefined index: edit_ad C:\wwwroot\shop_31u1a2\web\Application\Runtime\Cache\Mobile\b5bbc2774616647d2eecc9fe44b263ed.php 第 33 行.
NOTIC: [8] Use of undefined constant edit_ad - assumed 'edit_ad' C:\wwwroot\shop_31u1a2\web\Application\Runtime\Cache\Mobile\b5bbc2774616647d2eecc9fe44b263ed.php 第 114 行.
NOTIC: [8] Undefined index: edit_ad C:\wwwroot\shop_31u1a2\web\Application\Runtime\Cache\Mobile\b5bbc2774616647d2eecc9fe44b263ed.php 第 114 行.
NOTIC: [8] Use of undefined constant edit_ad - assumed 'edit_ad' C:\wwwroot\shop_31u1a2\web\Application\Runtime\Cache\Mobile\b5bbc2774616647d2eecc9fe44b263ed.php 第 120 行.
NOTIC: [8] Undefined index: edit_ad C:\wwwroot\shop_31u1a2\web\Application\Runtime\Cache\Mobile\b5bbc2774616647d2eecc9fe44b263ed.php 第 120 行.
NOTIC: [8] Use of undefined constant edit_ad - assumed 'edit_ad' C:\wwwroot\shop_31u1a2\web\Application\Runtime\Cache\Mobile\b5bbc2774616647d2eecc9fe44b263ed.php 第 125 行.
NOTIC: [8] Undefined index: edit_ad C:\wwwroot\shop_31u1a2\web\Application\Runtime\Cache\Mobile\b5bbc2774616647d2eecc9fe44b263ed.php 第 125 行.
NOTIC: [8] Use of undefined constant edit_ad - assumed 'edit_ad' C:\wwwroot\shop_31u1a2\web\Application\Runtime\Cache\Mobile\b5bbc2774616647d2eecc9fe44b263ed.php 第 133 行.
NOTIC: [8] Undefined index: edit_ad C:\wwwroot\shop_31u1a2\web\Application\Runtime\Cache\Mobile\b5bbc2774616647d2eecc9fe44b263ed.php 第 133 行.
NOTIC: [8] Use of undefined constant edit_ad - assumed 'edit_ad' C:\wwwroot\shop_31u1a2\web\Application\Runtime\Cache\Mobile\b5bbc2774616647d2eecc9fe44b263ed.php 第 138 行.
NOTIC: [8] Undefined index: edit_ad C:\wwwroot\shop_31u1a2\web\Application\Runtime\Cache\Mobile\b5bbc2774616647d2eecc9fe44b263ed.php 第 138 行.
NOTIC: [8] Use of undefined constant edit_ad - assumed 'edit_ad' C:\wwwroot\shop_31u1a2\web\Application\Runtime\Cache\Mobile\b5bbc2774616647d2eecc9fe44b263ed.php 第 235 行.
NOTIC: [8] Undefined index: edit_ad C:\wwwroot\shop_31u1a2\web\Application\Runtime\Cache\Mobile\b5bbc2774616647d2eecc9fe44b263ed.php 第 235 行.
NOTIC: [8] Use of undefined constant edit_ad - assumed 'edit_ad' C:\wwwroot\shop_31u1a2\web\Application\Runtime\Cache\Mobile\b5bbc2774616647d2eecc9fe44b263ed.php 第 241 行.
NOTIC: [8] Undefined index: edit_ad C:\wwwroot\shop_31u1a2\web\Application\Runtime\Cache\Mobile\b5bbc2774616647d2eecc9fe44b263ed.php 第 241 行.
NOTIC: [8] Use of undefined constant edit_ad - assumed 'edit_ad' C:\wwwroot\shop_31u1a2\web\Application\Runtime\Cache\Mobile\b5bbc2774616647d2eecc9fe44b263ed.php 第 246 行.
NOTIC: [8] Undefined index: edit_ad C:\wwwroot\shop_31u1a2\web\Application\Runtime\Cache\Mobile\b5bbc2774616647d2eecc9fe44b263ed.php 第 246 行.
NOTIC: [8] Use of undefined constant edit_ad - assumed 'edit_ad' C:\wwwroot\shop_31u1a2\web\Application\Runtime\Cache\Mobile\b5bbc2774616647d2eecc9fe44b263ed.php 第 253 行.
NOTIC: [8] Undefined index: edit_ad C:\wwwroot\shop_31u1a2\web\Application\Runtime\Cache\Mobile\b5bbc2774616647d2eecc9fe44b263ed.php 第 253 行.
NOTIC: [8] Use of undefined constant edit_ad - assumed 'edit_ad' C:\wwwroot\shop_31u1a2\web\Application\Runtime\Cache\Mobile\b5bbc2774616647d2eecc9fe44b263ed.php 第 403 行.
NOTIC: [8] Undefined index: edit_ad C:\wwwroot\shop_31u1a2\web\Application\Runtime\Cache\Mobile\b5bbc2774616647d2eecc9fe44b263ed.php 第 403 行.
NOTIC: [8] Undefined variable: user_id C:\wwwroot\shop_31u1a2\web\Application\Runtime\Cache\Mobile\b5bbc2774616647d2eecc9fe44b263ed.php 第 469 行.
NOTIC: [8] Undefined variable: signPackage C:\wwwroot\shop_31u1a2\web\Application\Runtime\Cache\Mobile\b5bbc2774616647d2eecc9fe44b263ed.php 第 582 行.
INFO: Run Behavior\ParseTemplateBehavior [ RunTime:0.064276s ]
INFO: [ view_parse ] --END-- [ RunTime:0.064338s ]
INFO: [ view_filter ] --START--
INFO: Run Behavior\WriteHtmlCacheBehavior [ RunTime:0.000378s ]
INFO: Run Behavior\TokenBuildBehavior [ RunTime:0.000960s ]
INFO: [ view_filter ] --END-- [ RunTime:0.001396s ]
INFO: [ app_end ] --START--
INFO: Run Behavior\ShowPageTraceBehavior [ RunTime:0.000405s ]
INFO: [ app_end ] --END-- [ RunTime:0.000443s ]

[ 2017-12-28T16:23:51+08:00 ] 106.11.225.127 /index.php/Mobile/Index/index.html
INFO: [ app_init ] --START--
INFO: Run Behavior\BuildLiteBehavior [ RunTime:0.000015s ]
INFO: [ app_init ] --END-- [ RunTime:0.000309s ]
INFO: [ app_begin ] --START--
INFO: Run Behavior\ReadHtmlCacheBehavior [ RunTime:0.000533s ]
INFO: [ app_begin ] --END-- [ RunTime:0.000587s ]
NOTIC: [8] Undefined variable: arr C:\wwwroot\shop_31u1a2\web\Application\Common\Common\common.php 第 1293 行.
NOTIC: [2] Invalid argument supplied for foreach() C:\wwwroot\shop_31u1a2\web\Application\Common\Common\common.php 第 1293 行.
NOTIC: [8] Undefined variable: tree C:\wwwroot\shop_31u1a2\web\Application\Common\Common\common.php 第 1299 行.
NOTIC: [2] Invalid argument supplied for foreach() C:\wwwroot\shop_31u1a2\web\Application\Common\Common\common.php 第 1299 行.
INFO: [ view_begin ] --START--
INFO: Run Home\Behaviors\testBehavior [ RunTime:0.000565s ]
INFO: [ view_begin ] --END-- [ RunTime:0.000631s ]
INFO: [ view_parse ] --START--
NOTIC: [8] Undefined index: order C:\wwwroot\shop_31u1a2\web\ThinkPHP\Library\Think\Template\TagLib\Tpshop.class.php 第 35 行.
NOTIC: [8] Undefined index: where C:\wwwroot\shop_31u1a2\web\ThinkPHP\Library\Think\Template\TagLib\Tpshop.class.php 第 37 行.
NOTIC: [8] Undefined index: order C:\wwwroot\shop_31u1a2\web\ThinkPHP\Library\Think\Template\TagLib\Tpshop.class.php 第 35 行.
NOTIC: [8] Undefined index: where C:\wwwroot\shop_31u1a2\web\ThinkPHP\Library\Think\Template\TagLib\Tpshop.class.php 第 37 行.
NOTIC: [8] Undefined index: order C:\wwwroot\shop_31u1a2\web\ThinkPHP\Library\Think\Template\TagLib\Tpshop.class.php 第 35 行.
NOTIC: [8] Undefined index: where C:\wwwroot\shop_31u1a2\web\ThinkPHP\Library\Think\Template\TagLib\Tpshop.class.php 第 37 行.
NOTIC: [8] Undefined index: order C:\wwwroot\shop_31u1a2\web\ThinkPHP\Library\Think\Template\TagLib\Tpshop.class.php 第 35 行.
NOTIC: [8] Undefined index: where C:\wwwroot\shop_31u1a2\web\ThinkPHP\Library\Think\Template\TagLib\Tpshop.class.php 第 37 行.
NOTIC: [8] Undefined index: order C:\wwwroot\shop_31u1a2\web\ThinkPHP\Library\Think\Template\TagLib\Tpshop.class.php 第 35 行.
NOTIC: [8] Undefined index: where C:\wwwroot\shop_31u1a2\web\ThinkPHP\Library\Think\Template\TagLib\Tpshop.class.php 第 37 行.
NOTIC: [8] Undefined index: order C:\wwwroot\shop_31u1a2\web\ThinkPHP\Library\Think\Template\TagLib\Tpshop.class.php 第 35 行.
NOTIC: [8] Undefined index: where C:\wwwroot\shop_31u1a2\web\ThinkPHP\Library\Think\Template\TagLib\Tpshop.class.php 第 37 行.
NOTIC: [8] Undefined index: order C:\wwwroot\shop_31u1a2\web\ThinkPHP\Library\Think\Template\TagLib\Tpshop.class.php 第 35 行.
NOTIC: [8] Undefined index: where C:\wwwroot\shop_31u1a2\web\ThinkPHP\Library\Think\Template\TagLib\Tpshop.class.php 第 37 行.
NOTIC: [8] Undefined index: order C:\wwwroot\shop_31u1a2\web\ThinkPHP\Library\Think\Template\TagLib\Tpshop.class.php 第 35 行.
NOTIC: [8] Undefined index: where C:\wwwroot\shop_31u1a2\web\ThinkPHP\Library\Think\Template\TagLib\Tpshop.class.php 第 37 行.
NOTIC: [8] Undefined index: order C:\wwwroot\shop_31u1a2\web\ThinkPHP\Library\Think\Template\TagLib\Tpshop.class.php 第 35 行.
NOTIC: [8] Undefined index: where C:\wwwroot\shop_31u1a2\web\ThinkPHP\Library\Think\Template\TagLib\Tpshop.class.php 第 37 行.
NOTIC: [8] Undefined index: order C:\wwwroot\shop_31u1a2\web\ThinkPHP\Library\Think\Template\TagLib\Tpshop.class.php 第 35 行.
NOTIC: [8] Undefined index: where C:\wwwroot\shop_31u1a2\web\ThinkPHP\Library\Think\Template\TagLib\Tpshop.class.php 第 37 行.
NOTIC: [8] Undefined index: order C:\wwwroot\shop_31u1a2\web\ThinkPHP\Library\Think\Template\TagLib\Tpshop.class.php 第 35 行.
NOTIC: [8] Undefined index: where C:\wwwroot\shop_31u1a2\web\ThinkPHP\Library\Think\Template\TagLib\Tpshop.class.php 第 37 行.
NOTIC: [8] Undefined index: level C:\wwwroot\shop_31u1a2\web\ThinkPHP\Library\Think\Template\TagLib\Tpshop.class.php 第 155 行.
NOTIC: [8] Undefined index: level C:\wwwroot\shop_31u1a2\web\ThinkPHP\Library\Think\Template\TagLib\Tpshop.class.php 第 155 行.
NOTIC: [8] Undefined index: level C:\wwwroot\shop_31u1a2\web\ThinkPHP\Library\Think\Template\TagLib\Tpshop.class.php 第 155 行.
NOTIC: [8] Undefined index: level C:\wwwroot\shop_31u1a2\web\ThinkPHP\Library\Think\Template\TagLib\Tpshop.class.php 第 155 行.
NOTIC: [8] Undefined index: level C:\wwwroot\shop_31u1a2\web\ThinkPHP\Library\Think\Template\TagLib\Tpshop.class.php 第 155 行.
INFO: [ template_filter ] --START--
INFO: Run Behavior\ContentReplaceBehavior [ RunTime:0.000574s ]
INFO: [ template_filter ] --END-- [ RunTime:0.000626s ]
NOTIC: [8] Use of undefined constant edit_ad - assumed 'edit_ad' C:\wwwroot\shop_31u1a2\web\Application\Runtime\Cache\Mobile\b5bbc2774616647d2eecc9fe44b263ed.php 第 33 行.
NOTIC: [8] Undefined index: edit_ad C:\wwwroot\shop_31u1a2\web\Application\Runtime\Cache\Mobile\b5bbc2774616647d2eecc9fe44b263ed.php 第 33 行.
NOTIC: [8] Use of undefined constant edit_ad - assumed 'edit_ad' C:\wwwroot\shop_31u1a2\web\Application\Runtime\Cache\Mobile\b5bbc2774616647d2eecc9fe44b263ed.php 第 114 行.
NOTIC: [8] Undefined index: edit_ad C:\wwwroot\shop_31u1a2\web\Application\Runtime\Cache\Mobile\b5bbc2774616647d2eecc9fe44b263ed.php 第 114 行.
NOTIC: [8] Use of undefined constant edit_ad - assumed 'edit_ad' C:\wwwroot\shop_31u1a2\web\Application\Runtime\Cache\Mobile\b5bbc2774616647d2eecc9fe44b263ed.php 第 120 行.
NOTIC: [8] Undefined index: edit_ad C:\wwwroot\shop_31u1a2\web\Application\Runtime\Cache\Mobile\b5bbc2774616647d2eecc9fe44b263ed.php 第 120 行.
NOTIC: [8] Use of undefined constant edit_ad - assumed 'edit_ad' C:\wwwroot\shop_31u1a2\web\Application\Runtime\Cache\Mobile\b5bbc2774616647d2eecc9fe44b263ed.php 第 125 行.
NOTIC: [8] Undefined index: edit_ad C:\wwwroot\shop_31u1a2\web\Application\Runtime\Cache\Mobile\b5bbc2774616647d2eecc9fe44b263ed.php 第 125 行.
NOTIC: [8] Use of undefined constant edit_ad - assumed 'edit_ad' C:\wwwroot\shop_31u1a2\web\Application\Runtime\Cache\Mobile\b5bbc2774616647d2eecc9fe44b263ed.php 第 133 行.
NOTIC: [8] Undefined index: edit_ad C:\wwwroot\shop_31u1a2\web\Application\Runtime\Cache\Mobile\b5bbc2774616647d2eecc9fe44b263ed.php 第 133 行.
NOTIC: [8] Use of undefined constant edit_ad - assumed 'edit_ad' C:\wwwroot\shop_31u1a2\web\Application\Runtime\Cache\Mobile\b5bbc2774616647d2eecc9fe44b263ed.php 第 138 行.
NOTIC: [8] Undefined index: edit_ad C:\wwwroot\shop_31u1a2\web\Application\Runtime\Cache\Mobile\b5bbc2774616647d2eecc9fe44b263ed.php 第 138 行.
NOTIC: [8] Use of undefined constant edit_ad - assumed 'edit_ad' C:\wwwroot\shop_31u1a2\web\Application\Runtime\Cache\Mobile\b5bbc2774616647d2eecc9fe44b263ed.php 第 235 行.
NOTIC: [8] Undefined index: edit_ad C:\wwwroot\shop_31u1a2\web\Application\Runtime\Cache\Mobile\b5bbc2774616647d2eecc9fe44b263ed.php 第 235 行.
NOTIC: [8] Use of undefined constant edit_ad - assumed 'edit_ad' C:\wwwroot\shop_31u1a2\web\Application\Runtime\Cache\Mobile\b5bbc2774616647d2eecc9fe44b263ed.php 第 241 行.
NOTIC: [8] Undefined index: edit_ad C:\wwwroot\shop_31u1a2\web\Application\Runtime\Cache\Mobile\b5bbc2774616647d2eecc9fe44b263ed.php 第 241 行.
NOTIC: [8] Use of undefined constant edit_ad - assumed 'edit_ad' C:\wwwroot\shop_31u1a2\web\Application\Runtime\Cache\Mobile\b5bbc2774616647d2eecc9fe44b263ed.php 第 246 行.
NOTIC: [8] Undefined index: edit_ad C:\wwwroot\shop_31u1a2\web\Application\Runtime\Cache\Mobile\b5bbc2774616647d2eecc9fe44b263ed.php 第 246 行.
NOTIC: [8] Use of undefined constant edit_ad - assumed 'edit_ad' C:\wwwroot\shop_31u1a2\web\Application\Runtime\Cache\Mobile\b5bbc2774616647d2eecc9fe44b263ed.php 第 253 行.
NOTIC: [8] Undefined index: edit_ad C:\wwwroot\shop_31u1a2\web\Application\Runtime\Cache\Mobile\b5bbc2774616647d2eecc9fe44b263ed.php 第 253 行.
NOTIC: [8] Use of undefined constant edit_ad - assumed 'edit_ad' C:\wwwroot\shop_31u1a2\web\Application\Runtime\Cache\Mobile\b5bbc2774616647d2eecc9fe44b263ed.php 第 403 行.
NOTIC: [8] Undefined index: edit_ad C:\wwwroot\shop_31u1a2\web\Application\Runtime\Cache\Mobile\b5bbc2774616647d2eecc9fe44b263ed.php 第 403 行.
NOTIC: [8] Undefined variable: user_id C:\wwwroot\shop_31u1a2\web\Application\Runtime\Cache\Mobile\b5bbc2774616647d2eecc9fe44b263ed.php 第 469 行.
NOTIC: [8] Undefined variable: signPackage C:\wwwroot\shop_31u1a2\web\Application\Runtime\Cache\Mobile\b5bbc2774616647d2eecc9fe44b263ed.php 第 582 行.
INFO: Run Behavior\ParseTemplateBehavior [ RunTime:0.057595s ]
INFO: [ view_parse ] --END-- [ RunTime:0.057644s ]
INFO: [ view_filter ] --START--
INFO: Run Behavior\WriteHtmlCacheBehavior [ RunTime:0.000341s ]
INFO: Run Behavior\TokenBuildBehavior [ RunTime:0.000999s ]
INFO: [ view_filter ] --END-- [ RunTime:0.001400s ]
INFO: [ app_end ] --START--
INFO: Run Behavior\ShowPageTraceBehavior [ RunTime:0.000479s ]
INFO: [ app_end ] --END-- [ RunTime:0.000530s ]

