[ 2017-12-27T05:10:49+08:00 ] 106.11.226.149 /index.php/Mobile/Index/index.html
INFO: [ app_init ] --START--
INFO: Run Behavior\BuildLiteBehavior [ RunTime:0.000014s ]
INFO: [ app_init ] --END-- [ RunTime:0.000310s ]
INFO: [ app_begin ] --START--
INFO: Run Behavior\ReadHtmlCacheBehavior [ RunTime:0.000402s ]
INFO: [ app_begin ] --END-- [ RunTime:0.000453s ]
NOTIC: [8] Undefined variable: arr C:\wwwroot\shop_31u1a2\web\Application\Common\Common\common.php 第 1293 行.
NOTIC: [2] Invalid argument supplied for foreach() C:\wwwroot\shop_31u1a2\web\Application\Common\Common\common.php 第 1293 行.
NOTIC: [8] Undefined variable: tree C:\wwwroot\shop_31u1a2\web\Application\Common\Common\common.php 第 1299 行.
NOTIC: [2] Invalid argument supplied for foreach() C:\wwwroot\shop_31u1a2\web\Application\Common\Common\common.php 第 1299 行.
INFO: [ view_begin ] --START--
INFO: Run Home\Behaviors\testBehavior [ RunTime:0.000503s ]
INFO: [ view_begin ] --END-- [ RunTime:0.000576s ]
INFO: [ view_parse ] --START--
NOTIC: [8] Undefined index: order C:\wwwroot\shop_31u1a2\web\ThinkPHP\Library\Think\Template\TagLib\Tpshop.class.php 第 35 行.
NOTIC: [8] Undefined index: where C:\wwwroot\shop_31u1a2\web\ThinkPHP\Library\Think\Template\TagLib\Tpshop.class.php 第 37 行.
NOTIC: [8] Undefined index: order C:\wwwroot\shop_31u1a2\web\ThinkPHP\Library\Think\Template\TagLib\Tpshop.class.php 第 35 行.
NOTIC: [8] Undefined index: where C:\wwwroot\shop_31u1a2\web\ThinkPHP\Library\Think\Template\TagLib\Tpshop.class.php 第 37 行.
NOTIC: [8] Undefined index: order C:\wwwroot\shop_31u1a2\web\ThinkPHP\Library\Think\Template\TagLib\Tpshop.class.php 第 35 行.
NOTIC: [8] Undefined index: where C:\wwwroot\shop_31u1a2\web\ThinkPHP\Library\Think\Template\TagLib\Tpshop.class.php 第 37 行.
NOTIC: [8] Undefined index: order C:\wwwroot\shop_31u1a2\web\ThinkPHP\Library\Think\Template\TagLib\Tpshop.class.php 第 35 行.
NOTIC: [8] Undefined index: where C:\wwwroot\shop_31u1a2\web\ThinkPHP\Library\Think\Template\TagLib\Tpshop.class.php 第 37 行.
NOTIC: [8] Undefined index: order C:\wwwroot\shop_31u1a2\web\ThinkPHP\Library\Think\Template\TagLib\Tpshop.class.php 第 35 行.
NOTIC: [8] Undefined index: where C:\wwwroot\shop_31u1a2\web\ThinkPHP\Library\Think\Template\TagLib\Tpshop.class.php 第 37 行.
NOTIC: [8] Undefined index: order C:\wwwroot\shop_31u1a2\web\ThinkPHP\Library\Think\Template\TagLib\Tpshop.class.php 第 35 行.
NOTIC: [8] Undefined index: where C:\wwwroot\shop_31u1a2\web\ThinkPHP\Library\Think\Template\TagLib\Tpshop.class.php 第 37 行.
NOTIC: [8] Undefined index: order C:\wwwroot\shop_31u1a2\web\ThinkPHP\Library\Think\Template\TagLib\Tpshop.class.php 第 35 行.
NOTIC: [8] Undefined index: where C:\wwwroot\shop_31u1a2\web\ThinkPHP\Library\Think\Template\TagLib\Tpshop.class.php 第 37 行.
NOTIC: [8] Undefined index: order C:\wwwroot\shop_31u1a2\web\ThinkPHP\Library\Think\Template\TagLib\Tpshop.class.php 第 35 行.
NOTIC: [8] Undefined index: where C:\wwwroot\shop_31u1a2\web\ThinkPHP\Library\Think\Template\TagLib\Tpshop.class.php 第 37 行.
NOTIC: [8] Undefined index: order C:\wwwroot\shop_31u1a2\web\ThinkPHP\Library\Think\Template\TagLib\Tpshop.class.php 第 35 行.
NOTIC: [8] Undefined index: where C:\wwwroot\shop_31u1a2\web\ThinkPHP\Library\Think\Template\TagLib\Tpshop.class.php 第 37 行.
NOTIC: [8] Undefined index: order C:\wwwroot\shop_31u1a2\web\ThinkPHP\Library\Think\Template\TagLib\Tpshop.class.php 第 35 行.
NOTIC: [8] Undefined index: where C:\wwwroot\shop_31u1a2\web\ThinkPHP\Library\Think\Template\TagLib\Tpshop.class.php 第 37 行.
NOTIC: [8] Undefined index: order C:\wwwroot\shop_31u1a2\web\ThinkPHP\Library\Think\Template\TagLib\Tpshop.class.php 第 35 行.
NOTIC: [8] Undefined index: where C:\wwwroot\shop_31u1a2\web\ThinkPHP\Library\Think\Template\TagLib\Tpshop.class.php 第 37 行.
NOTIC: [8] Undefined index: level C:\wwwroot\shop_31u1a2\web\ThinkPHP\Library\Think\Template\TagLib\Tpshop.class.php 第 155 行.
NOTIC: [8] Undefined index: level C:\wwwroot\shop_31u1a2\web\ThinkPHP\Library\Think\Template\TagLib\Tpshop.class.php 第 155 行.
NOTIC: [8] Undefined index: level C:\wwwroot\shop_31u1a2\web\ThinkPHP\Library\Think\Template\TagLib\Tpshop.class.php 第 155 行.
NOTIC: [8] Undefined index: level C:\wwwroot\shop_31u1a2\web\ThinkPHP\Library\Think\Template\TagLib\Tpshop.class.php 第 155 行.
NOTIC: [8] Undefined index: level C:\wwwroot\shop_31u1a2\web\ThinkPHP\Library\Think\Template\TagLib\Tpshop.class.php 第 155 行.
INFO: [ template_filter ] --START--
INFO: Run Behavior\ContentReplaceBehavior [ RunTime:0.000510s ]
INFO: [ template_filter ] --END-- [ RunTime:0.000558s ]
NOTIC: [8] Use of undefined constant edit_ad - assumed 'edit_ad' C:\wwwroot\shop_31u1a2\web\Application\Runtime\Cache\Mobile\b5bbc2774616647d2eecc9fe44b263ed.php 第 33 行.
NOTIC: [8] Undefined index: edit_ad C:\wwwroot\shop_31u1a2\web\Application\Runtime\Cache\Mobile\b5bbc2774616647d2eecc9fe44b263ed.php 第 33 行.
NOTIC: [8] Use of undefined constant edit_ad - assumed 'edit_ad' C:\wwwroot\shop_31u1a2\web\Application\Runtime\Cache\Mobile\b5bbc2774616647d2eecc9fe44b263ed.php 第 114 行.
NOTIC: [8] Undefined index: edit_ad C:\wwwroot\shop_31u1a2\web\Application\Runtime\Cache\Mobile\b5bbc2774616647d2eecc9fe44b263ed.php 第 114 行.
NOTIC: [8] Use of undefined constant edit_ad - assumed 'edit_ad' C:\wwwroot\shop_31u1a2\web\Application\Runtime\Cache\Mobile\b5bbc2774616647d2eecc9fe44b263ed.php 第 120 行.
NOTIC: [8] Undefined index: edit_ad C:\wwwroot\shop_31u1a2\web\Application\Runtime\Cache\Mobile\b5bbc2774616647d2eecc9fe44b263ed.php 第 120 行.
NOTIC: [8] Use of undefined constant edit_ad - assumed 'edit_ad' C:\wwwroot\shop_31u1a2\web\Application\Runtime\Cache\Mobile\b5bbc2774616647d2eecc9fe44b263ed.php 第 125 行.
NOTIC: [8] Undefined index: edit_ad C:\wwwroot\shop_31u1a2\web\Application\Runtime\Cache\Mobile\b5bbc2774616647d2eecc9fe44b263ed.php 第 125 行.
NOTIC: [8] Use of undefined constant edit_ad - assumed 'edit_ad' C:\wwwroot\shop_31u1a2\web\Application\Runtime\Cache\Mobile\b5bbc2774616647d2eecc9fe44b263ed.php 第 133 行.
NOTIC: [8] Undefined index: edit_ad C:\wwwroot\shop_31u1a2\web\Application\Runtime\Cache\Mobile\b5bbc2774616647d2eecc9fe44b263ed.php 第 133 行.
NOTIC: [8] Use of undefined constant edit_ad - assumed 'edit_ad' C:\wwwroot\shop_31u1a2\web\Application\Runtime\Cache\Mobile\b5bbc2774616647d2eecc9fe44b263ed.php 第 138 行.
NOTIC: [8] Undefined index: edit_ad C:\wwwroot\shop_31u1a2\web\Application\Runtime\Cache\Mobile\b5bbc2774616647d2eecc9fe44b263ed.php 第 138 行.
NOTIC: [8] Use of undefined constant edit_ad - assumed 'edit_ad' C:\wwwroot\shop_31u1a2\web\Application\Runtime\Cache\Mobile\b5bbc2774616647d2eecc9fe44b263ed.php 第 235 行.
NOTIC: [8] Undefined index: edit_ad C:\wwwroot\shop_31u1a2\web\Application\Runtime\Cache\Mobile\b5bbc2774616647d2eecc9fe44b263ed.php 第 235 行.
NOTIC: [8] Use of undefined constant edit_ad - assumed 'edit_ad' C:\wwwroot\shop_31u1a2\web\Application\Runtime\Cache\Mobile\b5bbc2774616647d2eecc9fe44b263ed.php 第 241 行.
NOTIC: [8] Undefined index: edit_ad C:\wwwroot\shop_31u1a2\web\Application\Runtime\Cache\Mobile\b5bbc2774616647d2eecc9fe44b263ed.php 第 241 行.
NOTIC: [8] Use of undefined constant edit_ad - assumed 'edit_ad' C:\wwwroot\shop_31u1a2\web\Application\Runtime\Cache\Mobile\b5bbc2774616647d2eecc9fe44b263ed.php 第 246 行.
NOTIC: [8] Undefined index: edit_ad C:\wwwroot\shop_31u1a2\web\Application\Runtime\Cache\Mobile\b5bbc2774616647d2eecc9fe44b263ed.php 第 246 行.
NOTIC: [8] Use of undefined constant edit_ad - assumed 'edit_ad' C:\wwwroot\shop_31u1a2\web\Application\Runtime\Cache\Mobile\b5bbc2774616647d2eecc9fe44b263ed.php 第 253 行.
NOTIC: [8] Undefined index: edit_ad C:\wwwroot\shop_31u1a2\web\Application\Runtime\Cache\Mobile\b5bbc2774616647d2eecc9fe44b263ed.php 第 253 行.
NOTIC: [8] Use of undefined constant edit_ad - assumed 'edit_ad' C:\wwwroot\shop_31u1a2\web\Application\Runtime\Cache\Mobile\b5bbc2774616647d2eecc9fe44b263ed.php 第 403 行.
NOTIC: [8] Undefined index: edit_ad C:\wwwroot\shop_31u1a2\web\Application\Runtime\Cache\Mobile\b5bbc2774616647d2eecc9fe44b263ed.php 第 403 行.
NOTIC: [8] Undefined variable: user_id C:\wwwroot\shop_31u1a2\web\Application\Runtime\Cache\Mobile\b5bbc2774616647d2eecc9fe44b263ed.php 第 469 行.
NOTIC: [8] Undefined variable: signPackage C:\wwwroot\shop_31u1a2\web\Application\Runtime\Cache\Mobile\b5bbc2774616647d2eecc9fe44b263ed.php 第 582 行.
INFO: Run Behavior\ParseTemplateBehavior [ RunTime:0.061520s ]
INFO: [ view_parse ] --END-- [ RunTime:0.061567s ]
INFO: [ view_filter ] --START--
INFO: Run Behavior\WriteHtmlCacheBehavior [ RunTime:0.000342s ]
INFO: Run Behavior\TokenBuildBehavior [ RunTime:0.000955s ]
INFO: [ view_filter ] --END-- [ RunTime:0.001354s ]
INFO: [ app_end ] --START--
INFO: Run Behavior\ShowPageTraceBehavior [ RunTime:0.000467s ]
INFO: [ app_end ] --END-- [ RunTime:0.000506s ]

[ 2017-12-27T16:22:51+08:00 ] 106.11.226.144 /index.php/Mobile/Index/index.html
INFO: [ app_init ] --START--
INFO: Run Behavior\BuildLiteBehavior [ RunTime:0.000014s ]
INFO: [ app_init ] --END-- [ RunTime:0.000302s ]
INFO: [ app_begin ] --START--
INFO: Run Behavior\ReadHtmlCacheBehavior [ RunTime:0.000397s ]
INFO: [ app_begin ] --END-- [ RunTime:0.000448s ]
NOTIC: [8] Undefined variable: arr C:\wwwroot\shop_31u1a2\web\Application\Common\Common\common.php 第 1293 行.
NOTIC: [2] Invalid argument supplied for foreach() C:\wwwroot\shop_31u1a2\web\Application\Common\Common\common.php 第 1293 行.
NOTIC: [8] Undefined variable: tree C:\wwwroot\shop_31u1a2\web\Application\Common\Common\common.php 第 1299 行.
NOTIC: [2] Invalid argument supplied for foreach() C:\wwwroot\shop_31u1a2\web\Application\Common\Common\common.php 第 1299 行.
INFO: [ view_begin ] --START--
INFO: Run Home\Behaviors\testBehavior [ RunTime:0.000486s ]
INFO: [ view_begin ] --END-- [ RunTime:0.000545s ]
INFO: [ view_parse ] --START--
NOTIC: [8] Undefined index: order C:\wwwroot\shop_31u1a2\web\ThinkPHP\Library\Think\Template\TagLib\Tpshop.class.php 第 35 行.
NOTIC: [8] Undefined index: where C:\wwwroot\shop_31u1a2\web\ThinkPHP\Library\Think\Template\TagLib\Tpshop.class.php 第 37 行.
NOTIC: [8] Undefined index: order C:\wwwroot\shop_31u1a2\web\ThinkPHP\Library\Think\Template\TagLib\Tpshop.class.php 第 35 行.
NOTIC: [8] Undefined index: where C:\wwwroot\shop_31u1a2\web\ThinkPHP\Library\Think\Template\TagLib\Tpshop.class.php 第 37 行.
NOTIC: [8] Undefined index: order C:\wwwroot\shop_31u1a2\web\ThinkPHP\Library\Think\Template\TagLib\Tpshop.class.php 第 35 行.
NOTIC: [8] Undefined index: where C:\wwwroot\shop_31u1a2\web\ThinkPHP\Library\Think\Template\TagLib\Tpshop.class.php 第 37 行.
NOTIC: [8] Undefined index: order C:\wwwroot\shop_31u1a2\web\ThinkPHP\Library\Think\Template\TagLib\Tpshop.class.php 第 35 行.
NOTIC: [8] Undefined index: where C:\wwwroot\shop_31u1a2\web\ThinkPHP\Library\Think\Template\TagLib\Tpshop.class.php 第 37 行.
NOTIC: [8] Undefined index: order C:\wwwroot\shop_31u1a2\web\ThinkPHP\Library\Think\Template\TagLib\Tpshop.class.php 第 35 行.
NOTIC: [8] Undefined index: where C:\wwwroot\shop_31u1a2\web\ThinkPHP\Library\Think\Template\TagLib\Tpshop.class.php 第 37 行.
NOTIC: [8] Undefined index: order C:\wwwroot\shop_31u1a2\web\ThinkPHP\Library\Think\Template\TagLib\Tpshop.class.php 第 35 行.
NOTIC: [8] Undefined index: where C:\wwwroot\shop_31u1a2\web\ThinkPHP\Library\Think\Template\TagLib\Tpshop.class.php 第 37 行.
NOTIC: [8] Undefined index: order C:\wwwroot\shop_31u1a2\web\ThinkPHP\Library\Think\Template\TagLib\Tpshop.class.php 第 35 行.
NOTIC: [8] Undefined index: where C:\wwwroot\shop_31u1a2\web\ThinkPHP\Library\Think\Template\TagLib\Tpshop.class.php 第 37 行.
NOTIC: [8] Undefined index: order C:\wwwroot\shop_31u1a2\web\ThinkPHP\Library\Think\Template\TagLib\Tpshop.class.php 第 35 行.
NOTIC: [8] Undefined index: where C:\wwwroot\shop_31u1a2\web\ThinkPHP\Library\Think\Template\TagLib\Tpshop.class.php 第 37 行.
NOTIC: [8] Undefined index: order C:\wwwroot\shop_31u1a2\web\ThinkPHP\Library\Think\Template\TagLib\Tpshop.class.php 第 35 行.
NOTIC: [8] Undefined index: where C:\wwwroot\shop_31u1a2\web\ThinkPHP\Library\Think\Template\TagLib\Tpshop.class.php 第 37 行.
NOTIC: [8] Undefined index: order C:\wwwroot\shop_31u1a2\web\ThinkPHP\Library\Think\Template\TagLib\Tpshop.class.php 第 35 行.
NOTIC: [8] Undefined index: where C:\wwwroot\shop_31u1a2\web\ThinkPHP\Library\Think\Template\TagLib\Tpshop.class.php 第 37 行.
NOTIC: [8] Undefined index: order C:\wwwroot\shop_31u1a2\web\ThinkPHP\Library\Think\Template\TagLib\Tpshop.class.php 第 35 行.
NOTIC: [8] Undefined index: where C:\wwwroot\shop_31u1a2\web\ThinkPHP\Library\Think\Template\TagLib\Tpshop.class.php 第 37 行.
NOTIC: [8] Undefined index: level C:\wwwroot\shop_31u1a2\web\ThinkPHP\Library\Think\Template\TagLib\Tpshop.class.php 第 155 行.
NOTIC: [8] Undefined index: level C:\wwwroot\shop_31u1a2\web\ThinkPHP\Library\Think\Template\TagLib\Tpshop.class.php 第 155 行.
NOTIC: [8] Undefined index: level C:\wwwroot\shop_31u1a2\web\ThinkPHP\Library\Think\Template\TagLib\Tpshop.class.php 第 155 行.
NOTIC: [8] Undefined index: level C:\wwwroot\shop_31u1a2\web\ThinkPHP\Library\Think\Template\TagLib\Tpshop.class.php 第 155 行.
NOTIC: [8] Undefined index: level C:\wwwroot\shop_31u1a2\web\ThinkPHP\Library\Think\Template\TagLib\Tpshop.class.php 第 155 行.
INFO: [ template_filter ] --START--
INFO: Run Behavior\ContentReplaceBehavior [ RunTime:0.000500s ]
INFO: [ template_filter ] --END-- [ RunTime:0.000548s ]
NOTIC: [8] Use of undefined constant edit_ad - assumed 'edit_ad' C:\wwwroot\shop_31u1a2\web\Application\Runtime\Cache\Mobile\b5bbc2774616647d2eecc9fe44b263ed.php 第 33 行.
NOTIC: [8] Undefined index: edit_ad C:\wwwroot\shop_31u1a2\web\Application\Runtime\Cache\Mobile\b5bbc2774616647d2eecc9fe44b263ed.php 第 33 行.
NOTIC: [8] Use of undefined constant edit_ad - assumed 'edit_ad' C:\wwwroot\shop_31u1a2\web\Application\Runtime\Cache\Mobile\b5bbc2774616647d2eecc9fe44b263ed.php 第 114 行.
NOTIC: [8] Undefined index: edit_ad C:\wwwroot\shop_31u1a2\web\Application\Runtime\Cache\Mobile\b5bbc2774616647d2eecc9fe44b263ed.php 第 114 行.
NOTIC: [8] Use of undefined constant edit_ad - assumed 'edit_ad' C:\wwwroot\shop_31u1a2\web\Application\Runtime\Cache\Mobile\b5bbc2774616647d2eecc9fe44b263ed.php 第 120 行.
NOTIC: [8] Undefined index: edit_ad C:\wwwroot\shop_31u1a2\web\Application\Runtime\Cache\Mobile\b5bbc2774616647d2eecc9fe44b263ed.php 第 120 行.
NOTIC: [8] Use of undefined constant edit_ad - assumed 'edit_ad' C:\wwwroot\shop_31u1a2\web\Application\Runtime\Cache\Mobile\b5bbc2774616647d2eecc9fe44b263ed.php 第 125 行.
NOTIC: [8] Undefined index: edit_ad C:\wwwroot\shop_31u1a2\web\Application\Runtime\Cache\Mobile\b5bbc2774616647d2eecc9fe44b263ed.php 第 125 行.
NOTIC: [8] Use of undefined constant edit_ad - assumed 'edit_ad' C:\wwwroot\shop_31u1a2\web\Application\Runtime\Cache\Mobile\b5bbc2774616647d2eecc9fe44b263ed.php 第 133 行.
NOTIC: [8] Undefined index: edit_ad C:\wwwroot\shop_31u1a2\web\Application\Runtime\Cache\Mobile\b5bbc2774616647d2eecc9fe44b263ed.php 第 133 行.
NOTIC: [8] Use of undefined constant edit_ad - assumed 'edit_ad' C:\wwwroot\shop_31u1a2\web\Application\Runtime\Cache\Mobile\b5bbc2774616647d2eecc9fe44b263ed.php 第 138 行.
NOTIC: [8] Undefined index: edit_ad C:\wwwroot\shop_31u1a2\web\Application\Runtime\Cache\Mobile\b5bbc2774616647d2eecc9fe44b263ed.php 第 138 行.
NOTIC: [8] Use of undefined constant edit_ad - assumed 'edit_ad' C:\wwwroot\shop_31u1a2\web\Application\Runtime\Cache\Mobile\b5bbc2774616647d2eecc9fe44b263ed.php 第 235 行.
NOTIC: [8] Undefined index: edit_ad C:\wwwroot\shop_31u1a2\web\Application\Runtime\Cache\Mobile\b5bbc2774616647d2eecc9fe44b263ed.php 第 235 行.
NOTIC: [8] Use of undefined constant edit_ad - assumed 'edit_ad' C:\wwwroot\shop_31u1a2\web\Application\Runtime\Cache\Mobile\b5bbc2774616647d2eecc9fe44b263ed.php 第 241 行.
NOTIC: [8] Undefined index: edit_ad C:\wwwroot\shop_31u1a2\web\Application\Runtime\Cache\Mobile\b5bbc2774616647d2eecc9fe44b263ed.php 第 241 行.
NOTIC: [8] Use of undefined constant edit_ad - assumed 'edit_ad' C:\wwwroot\shop_31u1a2\web\Application\Runtime\Cache\Mobile\b5bbc2774616647d2eecc9fe44b263ed.php 第 246 行.
NOTIC: [8] Undefined index: edit_ad C:\wwwroot\shop_31u1a2\web\Application\Runtime\Cache\Mobile\b5bbc2774616647d2eecc9fe44b263ed.php 第 246 行.
NOTIC: [8] Use of undefined constant edit_ad - assumed 'edit_ad' C:\wwwroot\shop_31u1a2\web\Application\Runtime\Cache\Mobile\b5bbc2774616647d2eecc9fe44b263ed.php 第 253 行.
NOTIC: [8] Undefined index: edit_ad C:\wwwroot\shop_31u1a2\web\Application\Runtime\Cache\Mobile\b5bbc2774616647d2eecc9fe44b263ed.php 第 253 行.
NOTIC: [8] Use of undefined constant edit_ad - assumed 'edit_ad' C:\wwwroot\shop_31u1a2\web\Application\Runtime\Cache\Mobile\b5bbc2774616647d2eecc9fe44b263ed.php 第 403 行.
NOTIC: [8] Undefined index: edit_ad C:\wwwroot\shop_31u1a2\web\Application\Runtime\Cache\Mobile\b5bbc2774616647d2eecc9fe44b263ed.php 第 403 行.
NOTIC: [8] Undefined variable: user_id C:\wwwroot\shop_31u1a2\web\Application\Runtime\Cache\Mobile\b5bbc2774616647d2eecc9fe44b263ed.php 第 469 行.
NOTIC: [8] Undefined variable: signPackage C:\wwwroot\shop_31u1a2\web\Application\Runtime\Cache\Mobile\b5bbc2774616647d2eecc9fe44b263ed.php 第 582 行.
INFO: Run Behavior\ParseTemplateBehavior [ RunTime:0.053341s ]
INFO: [ view_parse ] --END-- [ RunTime:0.053388s ]
INFO: [ view_filter ] --START--
INFO: Run Behavior\WriteHtmlCacheBehavior [ RunTime:0.000333s ]
INFO: Run Behavior\TokenBuildBehavior [ RunTime:0.000934s ]
INFO: [ view_filter ] --END-- [ RunTime:0.001325s ]
INFO: [ app_end ] --START--
INFO: Run Behavior\ShowPageTraceBehavior [ RunTime:0.000405s ]
INFO: [ app_end ] --END-- [ RunTime:0.000444s ]

