[ 2017-12-29T05:13:50+08:00 ] 106.11.226.8 /index.php/Mobile/Index/index.html
INFO: [ app_init ] --START--
INFO: Run Behavior\BuildLiteBehavior [ RunTime:0.000012s ]
INFO: [ app_init ] --END-- [ RunTime:0.000301s ]
INFO: [ app_begin ] --START--
INFO: Run Behavior\ReadHtmlCacheBehavior [ RunTime:0.000401s ]
INFO: [ app_begin ] --END-- [ RunTime:0.000453s ]
NOTIC: [8] Undefined variable: arr C:\wwwroot\shop_31u1a2\web\Application\Common\Common\common.php 第 1293 行.
NOTIC: [2] Invalid argument supplied for foreach() C:\wwwroot\shop_31u1a2\web\Application\Common\Common\common.php 第 1293 行.
NOTIC: [8] Undefined variable: tree C:\wwwroot\shop_31u1a2\web\Application\Common\Common\common.php 第 1299 行.
NOTIC: [2] Invalid argument supplied for foreach() C:\wwwroot\shop_31u1a2\web\Application\Common\Common\common.php 第 1299 行.
INFO: [ view_begin ] --START--
INFO: Run Home\Behaviors\testBehavior [ RunTime:0.000484s ]
INFO: [ view_begin ] --END-- [ RunTime:0.000544s ]
INFO: [ view_parse ] --START--
NOTIC: [8] Undefined index: order C:\wwwroot\shop_31u1a2\web\ThinkPHP\Library\Think\Template\TagLib\Tpshop.class.php 第 35 行.
NOTIC: [8] Undefined index: where C:\wwwroot\shop_31u1a2\web\ThinkPHP\Library\Think\Template\TagLib\Tpshop.class.php 第 37 行.
NOTIC: [8] Undefined index: order C:\wwwroot\shop_31u1a2\web\ThinkPHP\Library\Think\Template\TagLib\Tpshop.class.php 第 35 行.
NOTIC: [8] Undefined index: where C:\wwwroot\shop_31u1a2\web\ThinkPHP\Library\Think\Template\TagLib\Tpshop.class.php 第 37 行.
NOTIC: [8] Undefined index: order C:\wwwroot\shop_31u1a2\web\ThinkPHP\Library\Think\Template\TagLib\Tpshop.class.php 第 35 行.
NOTIC: [8] Undefined index: where C:\wwwroot\shop_31u1a2\web\ThinkPHP\Library\Think\Template\TagLib\Tpshop.class.php 第 37 行.
NOTIC: [8] Undefined index: order C:\wwwroot\shop_31u1a2\web\ThinkPHP\Library\Think\Template\TagLib\Tpshop.class.php 第 35 行.
NOTIC: [8] Undefined index: where C:\wwwroot\shop_31u1a2\web\ThinkPHP\Library\Think\Template\TagLib\Tpshop.class.php 第 37 行.
NOTIC: [8] Undefined index: order C:\wwwroot\shop_31u1a2\web\ThinkPHP\Library\Think\Template\TagLib\Tpshop.class.php 第 35 行.
NOTIC: [8] Undefined index: where C:\wwwroot\shop_31u1a2\web\ThinkPHP\Library\Think\Template\TagLib\Tpshop.class.php 第 37 行.
NOTIC: [8] Undefined index: order C:\wwwroot\shop_31u1a2\web\ThinkPHP\Library\Think\Template\TagLib\Tpshop.class.php 第 35 行.
NOTIC: [8] Undefined index: where C:\wwwroot\shop_31u1a2\web\ThinkPHP\Library\Think\Template\TagLib\Tpshop.class.php 第 37 行.
NOTIC: [8] Undefined index: order C:\wwwroot\shop_31u1a2\web\ThinkPHP\Library\Think\Template\TagLib\Tpshop.class.php 第 35 行.
NOTIC: [8] Undefined index: where C:\wwwroot\shop_31u1a2\web\ThinkPHP\Library\Think\Template\TagLib\Tpshop.class.php 第 37 行.
NOTIC: [8] Undefined index: order C:\wwwroot\shop_31u1a2\web\ThinkPHP\Library\Think\Template\TagLib\Tpshop.class.php 第 35 行.
NOTIC: [8] Undefined index: where C:\wwwroot\shop_31u1a2\web\ThinkPHP\Library\Think\Template\TagLib\Tpshop.class.php 第 37 行.
NOTIC: [8] Undefined index: order C:\wwwroot\shop_31u1a2\web\ThinkPHP\Library\Think\Template\TagLib\Tpshop.class.php 第 35 行.
NOTIC: [8] Undefined index: where C:\wwwroot\shop_31u1a2\web\ThinkPHP\Library\Think\Template\TagLib\Tpshop.class.php 第 37 行.
NOTIC: [8] Undefined index: order C:\wwwroot\shop_31u1a2\web\ThinkPHP\Library\Think\Template\TagLib\Tpshop.class.php 第 35 行.
NOTIC: [8] Undefined index: where C:\wwwroot\shop_31u1a2\web\ThinkPHP\Library\Think\Template\TagLib\Tpshop.class.php 第 37 行.
NOTIC: [8] Undefined index: order C:\wwwroot\shop_31u1a2\web\ThinkPHP\Library\Think\Template\TagLib\Tpshop.class.php 第 35 行.
NOTIC: [8] Undefined index: where C:\wwwroot\shop_31u1a2\web\ThinkPHP\Library\Think\Template\TagLib\Tpshop.class.php 第 37 行.
NOTIC: [8] Undefined index: level C:\wwwroot\shop_31u1a2\web\ThinkPHP\Library\Think\Template\TagLib\Tpshop.class.php 第 155 行.
NOTIC: [8] Undefined index: level C:\wwwroot\shop_31u1a2\web\ThinkPHP\Library\Think\Template\TagLib\Tpshop.class.php 第 155 行.
NOTIC: [8] Undefined index: level C:\wwwroot\shop_31u1a2\web\ThinkPHP\Library\Think\Template\TagLib\Tpshop.class.php 第 155 行.
NOTIC: [8] Undefined index: level C:\wwwroot\shop_31u1a2\web\ThinkPHP\Library\Think\Template\TagLib\Tpshop.class.php 第 155 行.
NOTIC: [8] Undefined index: level C:\wwwroot\shop_31u1a2\web\ThinkPHP\Library\Think\Template\TagLib\Tpshop.class.php 第 155 行.
INFO: [ template_filter ] --START--
INFO: Run Behavior\ContentReplaceBehavior [ RunTime:0.000649s ]
INFO: [ template_filter ] --END-- [ RunTime:0.000699s ]
NOTIC: [8] Use of undefined constant edit_ad - assumed 'edit_ad' C:\wwwroot\shop_31u1a2\web\Application\Runtime\Cache\Mobile\b5bbc2774616647d2eecc9fe44b263ed.php 第 33 行.
NOTIC: [8] Undefined index: edit_ad C:\wwwroot\shop_31u1a2\web\Application\Runtime\Cache\Mobile\b5bbc2774616647d2eecc9fe44b263ed.php 第 33 行.
NOTIC: [8] Use of undefined constant edit_ad - assumed 'edit_ad' C:\wwwroot\shop_31u1a2\web\Application\Runtime\Cache\Mobile\b5bbc2774616647d2eecc9fe44b263ed.php 第 114 行.
NOTIC: [8] Undefined index: edit_ad C:\wwwroot\shop_31u1a2\web\Application\Runtime\Cache\Mobile\b5bbc2774616647d2eecc9fe44b263ed.php 第 114 行.
NOTIC: [8] Use of undefined constant edit_ad - assumed 'edit_ad' C:\wwwroot\shop_31u1a2\web\Application\Runtime\Cache\Mobile\b5bbc2774616647d2eecc9fe44b263ed.php 第 120 行.
NOTIC: [8] Undefined index: edit_ad C:\wwwroot\shop_31u1a2\web\Application\Runtime\Cache\Mobile\b5bbc2774616647d2eecc9fe44b263ed.php 第 120 行.
NOTIC: [8] Use of undefined constant edit_ad - assumed 'edit_ad' C:\wwwroot\shop_31u1a2\web\Application\Runtime\Cache\Mobile\b5bbc2774616647d2eecc9fe44b263ed.php 第 125 行.
NOTIC: [8] Undefined index: edit_ad C:\wwwroot\shop_31u1a2\web\Application\Runtime\Cache\Mobile\b5bbc2774616647d2eecc9fe44b263ed.php 第 125 行.
NOTIC: [8] Use of undefined constant edit_ad - assumed 'edit_ad' C:\wwwroot\shop_31u1a2\web\Application\Runtime\Cache\Mobile\b5bbc2774616647d2eecc9fe44b263ed.php 第 133 行.
NOTIC: [8] Undefined index: edit_ad C:\wwwroot\shop_31u1a2\web\Application\Runtime\Cache\Mobile\b5bbc2774616647d2eecc9fe44b263ed.php 第 133 行.
NOTIC: [8] Use of undefined constant edit_ad - assumed 'edit_ad' C:\wwwroot\shop_31u1a2\web\Application\Runtime\Cache\Mobile\b5bbc2774616647d2eecc9fe44b263ed.php 第 138 行.
NOTIC: [8] Undefined index: edit_ad C:\wwwroot\shop_31u1a2\web\Application\Runtime\Cache\Mobile\b5bbc2774616647d2eecc9fe44b263ed.php 第 138 行.
NOTIC: [8] Use of undefined constant edit_ad - assumed 'edit_ad' C:\wwwroot\shop_31u1a2\web\Application\Runtime\Cache\Mobile\b5bbc2774616647d2eecc9fe44b263ed.php 第 235 行.
NOTIC: [8] Undefined index: edit_ad C:\wwwroot\shop_31u1a2\web\Application\Runtime\Cache\Mobile\b5bbc2774616647d2eecc9fe44b263ed.php 第 235 行.
NOTIC: [8] Use of undefined constant edit_ad - assumed 'edit_ad' C:\wwwroot\shop_31u1a2\web\Application\Runtime\Cache\Mobile\b5bbc2774616647d2eecc9fe44b263ed.php 第 241 行.
NOTIC: [8] Undefined index: edit_ad C:\wwwroot\shop_31u1a2\web\Application\Runtime\Cache\Mobile\b5bbc2774616647d2eecc9fe44b263ed.php 第 241 行.
NOTIC: [8] Use of undefined constant edit_ad - assumed 'edit_ad' C:\wwwroot\shop_31u1a2\web\Application\Runtime\Cache\Mobile\b5bbc2774616647d2eecc9fe44b263ed.php 第 246 行.
NOTIC: [8] Undefined index: edit_ad C:\wwwroot\shop_31u1a2\web\Application\Runtime\Cache\Mobile\b5bbc2774616647d2eecc9fe44b263ed.php 第 246 行.
NOTIC: [8] Use of undefined constant edit_ad - assumed 'edit_ad' C:\wwwroot\shop_31u1a2\web\Application\Runtime\Cache\Mobile\b5bbc2774616647d2eecc9fe44b263ed.php 第 253 行.
NOTIC: [8] Undefined index: edit_ad C:\wwwroot\shop_31u1a2\web\Application\Runtime\Cache\Mobile\b5bbc2774616647d2eecc9fe44b263ed.php 第 253 行.
NOTIC: [8] Use of undefined constant edit_ad - assumed 'edit_ad' C:\wwwroot\shop_31u1a2\web\Application\Runtime\Cache\Mobile\b5bbc2774616647d2eecc9fe44b263ed.php 第 403 行.
NOTIC: [8] Undefined index: edit_ad C:\wwwroot\shop_31u1a2\web\Application\Runtime\Cache\Mobile\b5bbc2774616647d2eecc9fe44b263ed.php 第 403 行.
NOTIC: [8] Undefined variable: user_id C:\wwwroot\shop_31u1a2\web\Application\Runtime\Cache\Mobile\b5bbc2774616647d2eecc9fe44b263ed.php 第 469 行.
NOTIC: [8] Undefined variable: signPackage C:\wwwroot\shop_31u1a2\web\Application\Runtime\Cache\Mobile\b5bbc2774616647d2eecc9fe44b263ed.php 第 582 行.
INFO: Run Behavior\ParseTemplateBehavior [ RunTime:0.064223s ]
INFO: [ view_parse ] --END-- [ RunTime:0.064271s ]
INFO: [ view_filter ] --START--
INFO: Run Behavior\WriteHtmlCacheBehavior [ RunTime:0.000346s ]
INFO: Run Behavior\TokenBuildBehavior [ RunTime:0.000954s ]
INFO: [ view_filter ] --END-- [ RunTime:0.001358s ]
INFO: [ app_end ] --START--
INFO: Run Behavior\ShowPageTraceBehavior [ RunTime:0.000412s ]
INFO: [ app_end ] --END-- [ RunTime:0.000451s ]

[ 2017-12-29T16:49:45+08:00 ] 106.11.225.228 /index.php/Mobile/Index/index.html
INFO: [ app_init ] --START--
INFO: Run Behavior\BuildLiteBehavior [ RunTime:0.000014s ]
INFO: [ app_init ] --END-- [ RunTime:0.000303s ]
INFO: [ app_begin ] --START--
INFO: Run Behavior\ReadHtmlCacheBehavior [ RunTime:0.000420s ]
INFO: [ app_begin ] --END-- [ RunTime:0.000472s ]
NOTIC: [8] Undefined variable: arr C:\wwwroot\shop_31u1a2\web\Application\Common\Common\common.php 第 1293 行.
NOTIC: [2] Invalid argument supplied for foreach() C:\wwwroot\shop_31u1a2\web\Application\Common\Common\common.php 第 1293 行.
NOTIC: [8] Undefined variable: tree C:\wwwroot\shop_31u1a2\web\Application\Common\Common\common.php 第 1299 行.
NOTIC: [2] Invalid argument supplied for foreach() C:\wwwroot\shop_31u1a2\web\Application\Common\Common\common.php 第 1299 行.
INFO: [ view_begin ] --START--
INFO: Run Home\Behaviors\testBehavior [ RunTime:0.000525s ]
INFO: [ view_begin ] --END-- [ RunTime:0.000590s ]
INFO: [ view_parse ] --START--
NOTIC: [8] Undefined index: order C:\wwwroot\shop_31u1a2\web\ThinkPHP\Library\Think\Template\TagLib\Tpshop.class.php 第 35 行.
NOTIC: [8] Undefined index: where C:\wwwroot\shop_31u1a2\web\ThinkPHP\Library\Think\Template\TagLib\Tpshop.class.php 第 37 行.
NOTIC: [8] Undefined index: order C:\wwwroot\shop_31u1a2\web\ThinkPHP\Library\Think\Template\TagLib\Tpshop.class.php 第 35 行.
NOTIC: [8] Undefined index: where C:\wwwroot\shop_31u1a2\web\ThinkPHP\Library\Think\Template\TagLib\Tpshop.class.php 第 37 行.
NOTIC: [8] Undefined index: order C:\wwwroot\shop_31u1a2\web\ThinkPHP\Library\Think\Template\TagLib\Tpshop.class.php 第 35 行.
NOTIC: [8] Undefined index: where C:\wwwroot\shop_31u1a2\web\ThinkPHP\Library\Think\Template\TagLib\Tpshop.class.php 第 37 行.
NOTIC: [8] Undefined index: order C:\wwwroot\shop_31u1a2\web\ThinkPHP\Library\Think\Template\TagLib\Tpshop.class.php 第 35 行.
NOTIC: [8] Undefined index: where C:\wwwroot\shop_31u1a2\web\ThinkPHP\Library\Think\Template\TagLib\Tpshop.class.php 第 37 行.
NOTIC: [8] Undefined index: order C:\wwwroot\shop_31u1a2\web\ThinkPHP\Library\Think\Template\TagLib\Tpshop.class.php 第 35 行.
NOTIC: [8] Undefined index: where C:\wwwroot\shop_31u1a2\web\ThinkPHP\Library\Think\Template\TagLib\Tpshop.class.php 第 37 行.
NOTIC: [8] Undefined index: order C:\wwwroot\shop_31u1a2\web\ThinkPHP\Library\Think\Template\TagLib\Tpshop.class.php 第 35 行.
NOTIC: [8] Undefined index: where C:\wwwroot\shop_31u1a2\web\ThinkPHP\Library\Think\Template\TagLib\Tpshop.class.php 第 37 行.
NOTIC: [8] Undefined index: order C:\wwwroot\shop_31u1a2\web\ThinkPHP\Library\Think\Template\TagLib\Tpshop.class.php 第 35 行.
NOTIC: [8] Undefined index: where C:\wwwroot\shop_31u1a2\web\ThinkPHP\Library\Think\Template\TagLib\Tpshop.class.php 第 37 行.
NOTIC: [8] Undefined index: order C:\wwwroot\shop_31u1a2\web\ThinkPHP\Library\Think\Template\TagLib\Tpshop.class.php 第 35 行.
NOTIC: [8] Undefined index: where C:\wwwroot\shop_31u1a2\web\ThinkPHP\Library\Think\Template\TagLib\Tpshop.class.php 第 37 行.
NOTIC: [8] Undefined index: order C:\wwwroot\shop_31u1a2\web\ThinkPHP\Library\Think\Template\TagLib\Tpshop.class.php 第 35 行.
NOTIC: [8] Undefined index: where C:\wwwroot\shop_31u1a2\web\ThinkPHP\Library\Think\Template\TagLib\Tpshop.class.php 第 37 行.
NOTIC: [8] Undefined index: order C:\wwwroot\shop_31u1a2\web\ThinkPHP\Library\Think\Template\TagLib\Tpshop.class.php 第 35 行.
NOTIC: [8] Undefined index: where C:\wwwroot\shop_31u1a2\web\ThinkPHP\Library\Think\Template\TagLib\Tpshop.class.php 第 37 行.
NOTIC: [8] Undefined index: order C:\wwwroot\shop_31u1a2\web\ThinkPHP\Library\Think\Template\TagLib\Tpshop.class.php 第 35 行.
NOTIC: [8] Undefined index: where C:\wwwroot\shop_31u1a2\web\ThinkPHP\Library\Think\Template\TagLib\Tpshop.class.php 第 37 行.
NOTIC: [8] Undefined index: level C:\wwwroot\shop_31u1a2\web\ThinkPHP\Library\Think\Template\TagLib\Tpshop.class.php 第 155 行.
NOTIC: [8] Undefined index: level C:\wwwroot\shop_31u1a2\web\ThinkPHP\Library\Think\Template\TagLib\Tpshop.class.php 第 155 行.
NOTIC: [8] Undefined index: level C:\wwwroot\shop_31u1a2\web\ThinkPHP\Library\Think\Template\TagLib\Tpshop.class.php 第 155 行.
NOTIC: [8] Undefined index: level C:\wwwroot\shop_31u1a2\web\ThinkPHP\Library\Think\Template\TagLib\Tpshop.class.php 第 155 行.
NOTIC: [8] Undefined index: level C:\wwwroot\shop_31u1a2\web\ThinkPHP\Library\Think\Template\TagLib\Tpshop.class.php 第 155 行.
INFO: [ template_filter ] --START--
INFO: Run Behavior\ContentReplaceBehavior [ RunTime:0.000546s ]
INFO: [ template_filter ] --END-- [ RunTime:0.000605s ]
NOTIC: [8] Use of undefined constant edit_ad - assumed 'edit_ad' C:\wwwroot\shop_31u1a2\web\Application\Runtime\Cache\Mobile\b5bbc2774616647d2eecc9fe44b263ed.php 第 33 行.
NOTIC: [8] Undefined index: edit_ad C:\wwwroot\shop_31u1a2\web\Application\Runtime\Cache\Mobile\b5bbc2774616647d2eecc9fe44b263ed.php 第 33 行.
NOTIC: [8] Use of undefined constant edit_ad - assumed 'edit_ad' C:\wwwroot\shop_31u1a2\web\Application\Runtime\Cache\Mobile\b5bbc2774616647d2eecc9fe44b263ed.php 第 114 行.
NOTIC: [8] Undefined index: edit_ad C:\wwwroot\shop_31u1a2\web\Application\Runtime\Cache\Mobile\b5bbc2774616647d2eecc9fe44b263ed.php 第 114 行.
NOTIC: [8] Use of undefined constant edit_ad - assumed 'edit_ad' C:\wwwroot\shop_31u1a2\web\Application\Runtime\Cache\Mobile\b5bbc2774616647d2eecc9fe44b263ed.php 第 120 行.
NOTIC: [8] Undefined index: edit_ad C:\wwwroot\shop_31u1a2\web\Application\Runtime\Cache\Mobile\b5bbc2774616647d2eecc9fe44b263ed.php 第 120 行.
NOTIC: [8] Use of undefined constant edit_ad - assumed 'edit_ad' C:\wwwroot\shop_31u1a2\web\Application\Runtime\Cache\Mobile\b5bbc2774616647d2eecc9fe44b263ed.php 第 125 行.
NOTIC: [8] Undefined index: edit_ad C:\wwwroot\shop_31u1a2\web\Application\Runtime\Cache\Mobile\b5bbc2774616647d2eecc9fe44b263ed.php 第 125 行.
NOTIC: [8] Use of undefined constant edit_ad - assumed 'edit_ad' C:\wwwroot\shop_31u1a2\web\Application\Runtime\Cache\Mobile\b5bbc2774616647d2eecc9fe44b263ed.php 第 133 行.
NOTIC: [8] Undefined index: edit_ad C:\wwwroot\shop_31u1a2\web\Application\Runtime\Cache\Mobile\b5bbc2774616647d2eecc9fe44b263ed.php 第 133 行.
NOTIC: [8] Use of undefined constant edit_ad - assumed 'edit_ad' C:\wwwroot\shop_31u1a2\web\Application\Runtime\Cache\Mobile\b5bbc2774616647d2eecc9fe44b263ed.php 第 138 行.
NOTIC: [8] Undefined index: edit_ad C:\wwwroot\shop_31u1a2\web\Application\Runtime\Cache\Mobile\b5bbc2774616647d2eecc9fe44b263ed.php 第 138 行.
NOTIC: [8] Use of undefined constant edit_ad - assumed 'edit_ad' C:\wwwroot\shop_31u1a2\web\Application\Runtime\Cache\Mobile\b5bbc2774616647d2eecc9fe44b263ed.php 第 235 行.
NOTIC: [8] Undefined index: edit_ad C:\wwwroot\shop_31u1a2\web\Application\Runtime\Cache\Mobile\b5bbc2774616647d2eecc9fe44b263ed.php 第 235 行.
NOTIC: [8] Use of undefined constant edit_ad - assumed 'edit_ad' C:\wwwroot\shop_31u1a2\web\Application\Runtime\Cache\Mobile\b5bbc2774616647d2eecc9fe44b263ed.php 第 241 行.
NOTIC: [8] Undefined index: edit_ad C:\wwwroot\shop_31u1a2\web\Application\Runtime\Cache\Mobile\b5bbc2774616647d2eecc9fe44b263ed.php 第 241 行.
NOTIC: [8] Use of undefined constant edit_ad - assumed 'edit_ad' C:\wwwroot\shop_31u1a2\web\Application\Runtime\Cache\Mobile\b5bbc2774616647d2eecc9fe44b263ed.php 第 246 行.
NOTIC: [8] Undefined index: edit_ad C:\wwwroot\shop_31u1a2\web\Application\Runtime\Cache\Mobile\b5bbc2774616647d2eecc9fe44b263ed.php 第 246 行.
NOTIC: [8] Use of undefined constant edit_ad - assumed 'edit_ad' C:\wwwroot\shop_31u1a2\web\Application\Runtime\Cache\Mobile\b5bbc2774616647d2eecc9fe44b263ed.php 第 253 行.
NOTIC: [8] Undefined index: edit_ad C:\wwwroot\shop_31u1a2\web\Application\Runtime\Cache\Mobile\b5bbc2774616647d2eecc9fe44b263ed.php 第 253 行.
NOTIC: [8] Use of undefined constant edit_ad - assumed 'edit_ad' C:\wwwroot\shop_31u1a2\web\Application\Runtime\Cache\Mobile\b5bbc2774616647d2eecc9fe44b263ed.php 第 403 行.
NOTIC: [8] Undefined index: edit_ad C:\wwwroot\shop_31u1a2\web\Application\Runtime\Cache\Mobile\b5bbc2774616647d2eecc9fe44b263ed.php 第 403 行.
NOTIC: [8] Undefined variable: user_id C:\wwwroot\shop_31u1a2\web\Application\Runtime\Cache\Mobile\b5bbc2774616647d2eecc9fe44b263ed.php 第 469 行.
NOTIC: [8] Undefined variable: signPackage C:\wwwroot\shop_31u1a2\web\Application\Runtime\Cache\Mobile\b5bbc2774616647d2eecc9fe44b263ed.php 第 582 行.
INFO: Run Behavior\ParseTemplateBehavior [ RunTime:0.060212s ]
INFO: [ view_parse ] --END-- [ RunTime:0.060262s ]
INFO: [ view_filter ] --START--
INFO: Run Behavior\WriteHtmlCacheBehavior [ RunTime:0.000345s ]
INFO: Run Behavior\TokenBuildBehavior [ RunTime:0.000977s ]
INFO: [ view_filter ] --END-- [ RunTime:0.001378s ]
INFO: [ app_end ] --START--
INFO: Run Behavior\ShowPageTraceBehavior [ RunTime:0.000460s ]
INFO: [ app_end ] --END-- [ RunTime:0.000498s ]

