[ 2018-01-20T04:48:38+08:00 ] 106.11.242.31 /index.php/Mobile/Index/index.html
INFO: [ app_init ] --START--
INFO: Run Behavior\BuildLiteBehavior [ RunTime:0.000015s ]
INFO: [ app_init ] --END-- [ RunTime:0.000367s ]
INFO: [ app_begin ] --START--
INFO: Run Behavior\ReadHtmlCacheBehavior [ RunTime:0.000480s ]
INFO: [ app_begin ] --END-- [ RunTime:0.000535s ]
NOTIC: [8] Undefined variable: arr C:\wwwroot\shop_31u1a2\web\Application\Common\Common\common.php 第 1293 行.
NOTIC: [2] Invalid argument supplied for foreach() C:\wwwroot\shop_31u1a2\web\Application\Common\Common\common.php 第 1293 行.
NOTIC: [8] Undefined variable: tree C:\wwwroot\shop_31u1a2\web\Application\Common\Common\common.php 第 1299 行.
NOTIC: [2] Invalid argument supplied for foreach() C:\wwwroot\shop_31u1a2\web\Application\Common\Common\common.php 第 1299 行.
INFO: [ view_begin ] --START--
INFO: Run Home\Behaviors\testBehavior [ RunTime:0.000638s ]
INFO: [ view_begin ] --END-- [ RunTime:0.000733s ]
INFO: [ view_parse ] --START--
NOTIC: [8] Undefined index: order C:\wwwroot\shop_31u1a2\web\ThinkPHP\Library\Think\Template\TagLib\Tpshop.class.php 第 35 行.
NOTIC: [8] Undefined index: where C:\wwwroot\shop_31u1a2\web\ThinkPHP\Library\Think\Template\TagLib\Tpshop.class.php 第 37 行.
NOTIC: [8] Undefined index: order C:\wwwroot\shop_31u1a2\web\ThinkPHP\Library\Think\Template\TagLib\Tpshop.class.php 第 35 行.
NOTIC: [8] Undefined index: where C:\wwwroot\shop_31u1a2\web\ThinkPHP\Library\Think\Template\TagLib\Tpshop.class.php 第 37 行.
NOTIC: [8] Undefined index: order C:\wwwroot\shop_31u1a2\web\ThinkPHP\Library\Think\Template\TagLib\Tpshop.class.php 第 35 行.
NOTIC: [8] Undefined index: where C:\wwwroot\shop_31u1a2\web\ThinkPHP\Library\Think\Template\TagLib\Tpshop.class.php 第 37 行.
NOTIC: [8] Undefined index: order C:\wwwroot\shop_31u1a2\web\ThinkPHP\Library\Think\Template\TagLib\Tpshop.class.php 第 35 行.
NOTIC: [8] Undefined index: where C:\wwwroot\shop_31u1a2\web\ThinkPHP\Library\Think\Template\TagLib\Tpshop.class.php 第 37 行.
NOTIC: [8] Undefined index: order C:\wwwroot\shop_31u1a2\web\ThinkPHP\Library\Think\Template\TagLib\Tpshop.class.php 第 35 行.
NOTIC: [8] Undefined index: where C:\wwwroot\shop_31u1a2\web\ThinkPHP\Library\Think\Template\TagLib\Tpshop.class.php 第 37 行.
NOTIC: [8] Undefined index: order C:\wwwroot\shop_31u1a2\web\ThinkPHP\Library\Think\Template\TagLib\Tpshop.class.php 第 35 行.
NOTIC: [8] Undefined index: where C:\wwwroot\shop_31u1a2\web\ThinkPHP\Library\Think\Template\TagLib\Tpshop.class.php 第 37 行.
NOTIC: [8] Undefined index: order C:\wwwroot\shop_31u1a2\web\ThinkPHP\Library\Think\Template\TagLib\Tpshop.class.php 第 35 行.
NOTIC: [8] Undefined index: where C:\wwwroot\shop_31u1a2\web\ThinkPHP\Library\Think\Template\TagLib\Tpshop.class.php 第 37 行.
NOTIC: [8] Undefined index: order C:\wwwroot\shop_31u1a2\web\ThinkPHP\Library\Think\Template\TagLib\Tpshop.class.php 第 35 行.
NOTIC: [8] Undefined index: where C:\wwwroot\shop_31u1a2\web\ThinkPHP\Library\Think\Template\TagLib\Tpshop.class.php 第 37 行.
NOTIC: [8] Undefined index: order C:\wwwroot\shop_31u1a2\web\ThinkPHP\Library\Think\Template\TagLib\Tpshop.class.php 第 35 行.
NOTIC: [8] Undefined index: where C:\wwwroot\shop_31u1a2\web\ThinkPHP\Library\Think\Template\TagLib\Tpshop.class.php 第 37 行.
NOTIC: [8] Undefined index: order C:\wwwroot\shop_31u1a2\web\ThinkPHP\Library\Think\Template\TagLib\Tpshop.class.php 第 35 行.
NOTIC: [8] Undefined index: where C:\wwwroot\shop_31u1a2\web\ThinkPHP\Library\Think\Template\TagLib\Tpshop.class.php 第 37 行.
NOTIC: [8] Undefined index: order C:\wwwroot\shop_31u1a2\web\ThinkPHP\Library\Think\Template\TagLib\Tpshop.class.php 第 35 行.
NOTIC: [8] Undefined index: where C:\wwwroot\shop_31u1a2\web\ThinkPHP\Library\Think\Template\TagLib\Tpshop.class.php 第 37 行.
NOTIC: [8] Undefined index: level C:\wwwroot\shop_31u1a2\web\ThinkPHP\Library\Think\Template\TagLib\Tpshop.class.php 第 155 行.
NOTIC: [8] Undefined index: level C:\wwwroot\shop_31u1a2\web\ThinkPHP\Library\Think\Template\TagLib\Tpshop.class.php 第 155 行.
NOTIC: [8] Undefined index: level C:\wwwroot\shop_31u1a2\web\ThinkPHP\Library\Think\Template\TagLib\Tpshop.class.php 第 155 行.
NOTIC: [8] Undefined index: level C:\wwwroot\shop_31u1a2\web\ThinkPHP\Library\Think\Template\TagLib\Tpshop.class.php 第 155 行.
NOTIC: [8] Undefined index: level C:\wwwroot\shop_31u1a2\web\ThinkPHP\Library\Think\Template\TagLib\Tpshop.class.php 第 155 行.
INFO: [ template_filter ] --START--
INFO: Run Behavior\ContentReplaceBehavior [ RunTime:0.000497s ]
INFO: [ template_filter ] --END-- [ RunTime:0.000595s ]
NOTIC: [8] Use of undefined constant edit_ad - assumed 'edit_ad' C:\wwwroot\shop_31u1a2\web\Application\Runtime\Cache\Mobile\b5bbc2774616647d2eecc9fe44b263ed.php 第 33 行.
NOTIC: [8] Undefined index: edit_ad C:\wwwroot\shop_31u1a2\web\Application\Runtime\Cache\Mobile\b5bbc2774616647d2eecc9fe44b263ed.php 第 33 行.
NOTIC: [8] Use of undefined constant edit_ad - assumed 'edit_ad' C:\wwwroot\shop_31u1a2\web\Application\Runtime\Cache\Mobile\b5bbc2774616647d2eecc9fe44b263ed.php 第 114 行.
NOTIC: [8] Undefined index: edit_ad C:\wwwroot\shop_31u1a2\web\Application\Runtime\Cache\Mobile\b5bbc2774616647d2eecc9fe44b263ed.php 第 114 行.
NOTIC: [8] Use of undefined constant edit_ad - assumed 'edit_ad' C:\wwwroot\shop_31u1a2\web\Application\Runtime\Cache\Mobile\b5bbc2774616647d2eecc9fe44b263ed.php 第 120 行.
NOTIC: [8] Undefined index: edit_ad C:\wwwroot\shop_31u1a2\web\Application\Runtime\Cache\Mobile\b5bbc2774616647d2eecc9fe44b263ed.php 第 120 行.
NOTIC: [8] Use of undefined constant edit_ad - assumed 'edit_ad' C:\wwwroot\shop_31u1a2\web\Application\Runtime\Cache\Mobile\b5bbc2774616647d2eecc9fe44b263ed.php 第 125 行.
NOTIC: [8] Undefined index: edit_ad C:\wwwroot\shop_31u1a2\web\Application\Runtime\Cache\Mobile\b5bbc2774616647d2eecc9fe44b263ed.php 第 125 行.
NOTIC: [8] Use of undefined constant edit_ad - assumed 'edit_ad' C:\wwwroot\shop_31u1a2\web\Application\Runtime\Cache\Mobile\b5bbc2774616647d2eecc9fe44b263ed.php 第 133 行.
NOTIC: [8] Undefined index: edit_ad C:\wwwroot\shop_31u1a2\web\Application\Runtime\Cache\Mobile\b5bbc2774616647d2eecc9fe44b263ed.php 第 133 行.
NOTIC: [8] Use of undefined constant edit_ad - assumed 'edit_ad' C:\wwwroot\shop_31u1a2\web\Application\Runtime\Cache\Mobile\b5bbc2774616647d2eecc9fe44b263ed.php 第 138 行.
NOTIC: [8] Undefined index: edit_ad C:\wwwroot\shop_31u1a2\web\Application\Runtime\Cache\Mobile\b5bbc2774616647d2eecc9fe44b263ed.php 第 138 行.
NOTIC: [8] Use of undefined constant edit_ad - assumed 'edit_ad' C:\wwwroot\shop_31u1a2\web\Application\Runtime\Cache\Mobile\b5bbc2774616647d2eecc9fe44b263ed.php 第 235 行.
NOTIC: [8] Undefined index: edit_ad C:\wwwroot\shop_31u1a2\web\Application\Runtime\Cache\Mobile\b5bbc2774616647d2eecc9fe44b263ed.php 第 235 行.
NOTIC: [8] Use of undefined constant edit_ad - assumed 'edit_ad' C:\wwwroot\shop_31u1a2\web\Application\Runtime\Cache\Mobile\b5bbc2774616647d2eecc9fe44b263ed.php 第 241 行.
NOTIC: [8] Undefined index: edit_ad C:\wwwroot\shop_31u1a2\web\Application\Runtime\Cache\Mobile\b5bbc2774616647d2eecc9fe44b263ed.php 第 241 行.
NOTIC: [8] Use of undefined constant edit_ad - assumed 'edit_ad' C:\wwwroot\shop_31u1a2\web\Application\Runtime\Cache\Mobile\b5bbc2774616647d2eecc9fe44b263ed.php 第 246 行.
NOTIC: [8] Undefined index: edit_ad C:\wwwroot\shop_31u1a2\web\Application\Runtime\Cache\Mobile\b5bbc2774616647d2eecc9fe44b263ed.php 第 246 行.
NOTIC: [8] Use of undefined constant edit_ad - assumed 'edit_ad' C:\wwwroot\shop_31u1a2\web\Application\Runtime\Cache\Mobile\b5bbc2774616647d2eecc9fe44b263ed.php 第 253 行.
NOTIC: [8] Undefined index: edit_ad C:\wwwroot\shop_31u1a2\web\Application\Runtime\Cache\Mobile\b5bbc2774616647d2eecc9fe44b263ed.php 第 253 行.
NOTIC: [8] Use of undefined constant edit_ad - assumed 'edit_ad' C:\wwwroot\shop_31u1a2\web\Application\Runtime\Cache\Mobile\b5bbc2774616647d2eecc9fe44b263ed.php 第 403 行.
NOTIC: [8] Undefined index: edit_ad C:\wwwroot\shop_31u1a2\web\Application\Runtime\Cache\Mobile\b5bbc2774616647d2eecc9fe44b263ed.php 第 403 行.
NOTIC: [8] Undefined variable: user_id C:\wwwroot\shop_31u1a2\web\Application\Runtime\Cache\Mobile\b5bbc2774616647d2eecc9fe44b263ed.php 第 469 行.
NOTIC: [8] Undefined variable: signPackage C:\wwwroot\shop_31u1a2\web\Application\Runtime\Cache\Mobile\b5bbc2774616647d2eecc9fe44b263ed.php 第 582 行.
INFO: Run Behavior\ParseTemplateBehavior [ RunTime:0.075440s ]
INFO: [ view_parse ] --END-- [ RunTime:0.075501s ]
INFO: [ view_filter ] --START--
INFO: Run Behavior\WriteHtmlCacheBehavior [ RunTime:0.000345s ]
INFO: Run Behavior\TokenBuildBehavior [ RunTime:0.000966s ]
INFO: [ view_filter ] --END-- [ RunTime:0.001373s ]
INFO: [ app_end ] --START--
INFO: Run Behavior\ShowPageTraceBehavior [ RunTime:0.000441s ]
INFO: [ app_end ] --END-- [ RunTime:0.000483s ]

[ 2018-01-20T18:37:12+08:00 ] 106.11.225.45 /index.php/Mobile/Index/index.html
INFO: [ app_init ] --START--
INFO: Run Behavior\BuildLiteBehavior [ RunTime:0.000024s ]
INFO: [ app_init ] --END-- [ RunTime:0.000510s ]
INFO: [ app_begin ] --START--
INFO: Run Behavior\ReadHtmlCacheBehavior [ RunTime:0.000694s ]
INFO: [ app_begin ] --END-- [ RunTime:0.000777s ]
NOTIC: [8] Undefined variable: arr C:\wwwroot\shop_31u1a2\web\Application\Common\Common\common.php 第 1293 行.
NOTIC: [2] Invalid argument supplied for foreach() C:\wwwroot\shop_31u1a2\web\Application\Common\Common\common.php 第 1293 行.
NOTIC: [8] Undefined variable: tree C:\wwwroot\shop_31u1a2\web\Application\Common\Common\common.php 第 1299 行.
NOTIC: [2] Invalid argument supplied for foreach() C:\wwwroot\shop_31u1a2\web\Application\Common\Common\common.php 第 1299 行.
INFO: [ view_begin ] --START--
INFO: Run Home\Behaviors\testBehavior [ RunTime:0.000859s ]
INFO: [ view_begin ] --END-- [ RunTime:0.000956s ]
INFO: [ view_parse ] --START--
NOTIC: [8] Undefined index: order C:\wwwroot\shop_31u1a2\web\ThinkPHP\Library\Think\Template\TagLib\Tpshop.class.php 第 35 行.
NOTIC: [8] Undefined index: where C:\wwwroot\shop_31u1a2\web\ThinkPHP\Library\Think\Template\TagLib\Tpshop.class.php 第 37 行.
NOTIC: [8] Undefined index: order C:\wwwroot\shop_31u1a2\web\ThinkPHP\Library\Think\Template\TagLib\Tpshop.class.php 第 35 行.
NOTIC: [8] Undefined index: where C:\wwwroot\shop_31u1a2\web\ThinkPHP\Library\Think\Template\TagLib\Tpshop.class.php 第 37 行.
NOTIC: [8] Undefined index: order C:\wwwroot\shop_31u1a2\web\ThinkPHP\Library\Think\Template\TagLib\Tpshop.class.php 第 35 行.
NOTIC: [8] Undefined index: where C:\wwwroot\shop_31u1a2\web\ThinkPHP\Library\Think\Template\TagLib\Tpshop.class.php 第 37 行.
NOTIC: [8] Undefined index: order C:\wwwroot\shop_31u1a2\web\ThinkPHP\Library\Think\Template\TagLib\Tpshop.class.php 第 35 行.
NOTIC: [8] Undefined index: where C:\wwwroot\shop_31u1a2\web\ThinkPHP\Library\Think\Template\TagLib\Tpshop.class.php 第 37 行.
NOTIC: [8] Undefined index: order C:\wwwroot\shop_31u1a2\web\ThinkPHP\Library\Think\Template\TagLib\Tpshop.class.php 第 35 行.
NOTIC: [8] Undefined index: where C:\wwwroot\shop_31u1a2\web\ThinkPHP\Library\Think\Template\TagLib\Tpshop.class.php 第 37 行.
NOTIC: [8] Undefined index: order C:\wwwroot\shop_31u1a2\web\ThinkPHP\Library\Think\Template\TagLib\Tpshop.class.php 第 35 行.
NOTIC: [8] Undefined index: where C:\wwwroot\shop_31u1a2\web\ThinkPHP\Library\Think\Template\TagLib\Tpshop.class.php 第 37 行.
NOTIC: [8] Undefined index: order C:\wwwroot\shop_31u1a2\web\ThinkPHP\Library\Think\Template\TagLib\Tpshop.class.php 第 35 行.
NOTIC: [8] Undefined index: where C:\wwwroot\shop_31u1a2\web\ThinkPHP\Library\Think\Template\TagLib\Tpshop.class.php 第 37 行.
NOTIC: [8] Undefined index: order C:\wwwroot\shop_31u1a2\web\ThinkPHP\Library\Think\Template\TagLib\Tpshop.class.php 第 35 行.
NOTIC: [8] Undefined index: where C:\wwwroot\shop_31u1a2\web\ThinkPHP\Library\Think\Template\TagLib\Tpshop.class.php 第 37 行.
NOTIC: [8] Undefined index: order C:\wwwroot\shop_31u1a2\web\ThinkPHP\Library\Think\Template\TagLib\Tpshop.class.php 第 35 行.
NOTIC: [8] Undefined index: where C:\wwwroot\shop_31u1a2\web\ThinkPHP\Library\Think\Template\TagLib\Tpshop.class.php 第 37 行.
NOTIC: [8] Undefined index: order C:\wwwroot\shop_31u1a2\web\ThinkPHP\Library\Think\Template\TagLib\Tpshop.class.php 第 35 行.
NOTIC: [8] Undefined index: where C:\wwwroot\shop_31u1a2\web\ThinkPHP\Library\Think\Template\TagLib\Tpshop.class.php 第 37 行.
NOTIC: [8] Undefined index: order C:\wwwroot\shop_31u1a2\web\ThinkPHP\Library\Think\Template\TagLib\Tpshop.class.php 第 35 行.
NOTIC: [8] Undefined index: where C:\wwwroot\shop_31u1a2\web\ThinkPHP\Library\Think\Template\TagLib\Tpshop.class.php 第 37 行.
NOTIC: [8] Undefined index: level C:\wwwroot\shop_31u1a2\web\ThinkPHP\Library\Think\Template\TagLib\Tpshop.class.php 第 155 行.
NOTIC: [8] Undefined index: level C:\wwwroot\shop_31u1a2\web\ThinkPHP\Library\Think\Template\TagLib\Tpshop.class.php 第 155 行.
NOTIC: [8] Undefined index: level C:\wwwroot\shop_31u1a2\web\ThinkPHP\Library\Think\Template\TagLib\Tpshop.class.php 第 155 行.
NOTIC: [8] Undefined index: level C:\wwwroot\shop_31u1a2\web\ThinkPHP\Library\Think\Template\TagLib\Tpshop.class.php 第 155 行.
NOTIC: [8] Undefined index: level C:\wwwroot\shop_31u1a2\web\ThinkPHP\Library\Think\Template\TagLib\Tpshop.class.php 第 155 行.
INFO: [ template_filter ] --START--
INFO: Run Behavior\ContentReplaceBehavior [ RunTime:0.000777s ]
INFO: [ template_filter ] --END-- [ RunTime:0.000863s ]
NOTIC: [8] Use of undefined constant edit_ad - assumed 'edit_ad' C:\wwwroot\shop_31u1a2\web\Application\Runtime\Cache\Mobile\b5bbc2774616647d2eecc9fe44b263ed.php 第 33 行.
NOTIC: [8] Undefined index: edit_ad C:\wwwroot\shop_31u1a2\web\Application\Runtime\Cache\Mobile\b5bbc2774616647d2eecc9fe44b263ed.php 第 33 行.
NOTIC: [8] Use of undefined constant edit_ad - assumed 'edit_ad' C:\wwwroot\shop_31u1a2\web\Application\Runtime\Cache\Mobile\b5bbc2774616647d2eecc9fe44b263ed.php 第 114 行.
NOTIC: [8] Undefined index: edit_ad C:\wwwroot\shop_31u1a2\web\Application\Runtime\Cache\Mobile\b5bbc2774616647d2eecc9fe44b263ed.php 第 114 行.
NOTIC: [8] Use of undefined constant edit_ad - assumed 'edit_ad' C:\wwwroot\shop_31u1a2\web\Application\Runtime\Cache\Mobile\b5bbc2774616647d2eecc9fe44b263ed.php 第 120 行.
NOTIC: [8] Undefined index: edit_ad C:\wwwroot\shop_31u1a2\web\Application\Runtime\Cache\Mobile\b5bbc2774616647d2eecc9fe44b263ed.php 第 120 行.
NOTIC: [8] Use of undefined constant edit_ad - assumed 'edit_ad' C:\wwwroot\shop_31u1a2\web\Application\Runtime\Cache\Mobile\b5bbc2774616647d2eecc9fe44b263ed.php 第 125 行.
NOTIC: [8] Undefined index: edit_ad C:\wwwroot\shop_31u1a2\web\Application\Runtime\Cache\Mobile\b5bbc2774616647d2eecc9fe44b263ed.php 第 125 行.
NOTIC: [8] Use of undefined constant edit_ad - assumed 'edit_ad' C:\wwwroot\shop_31u1a2\web\Application\Runtime\Cache\Mobile\b5bbc2774616647d2eecc9fe44b263ed.php 第 133 行.
NOTIC: [8] Undefined index: edit_ad C:\wwwroot\shop_31u1a2\web\Application\Runtime\Cache\Mobile\b5bbc2774616647d2eecc9fe44b263ed.php 第 133 行.
NOTIC: [8] Use of undefined constant edit_ad - assumed 'edit_ad' C:\wwwroot\shop_31u1a2\web\Application\Runtime\Cache\Mobile\b5bbc2774616647d2eecc9fe44b263ed.php 第 138 行.
NOTIC: [8] Undefined index: edit_ad C:\wwwroot\shop_31u1a2\web\Application\Runtime\Cache\Mobile\b5bbc2774616647d2eecc9fe44b263ed.php 第 138 行.
NOTIC: [8] Use of undefined constant edit_ad - assumed 'edit_ad' C:\wwwroot\shop_31u1a2\web\Application\Runtime\Cache\Mobile\b5bbc2774616647d2eecc9fe44b263ed.php 第 235 行.
NOTIC: [8] Undefined index: edit_ad C:\wwwroot\shop_31u1a2\web\Application\Runtime\Cache\Mobile\b5bbc2774616647d2eecc9fe44b263ed.php 第 235 行.
NOTIC: [8] Use of undefined constant edit_ad - assumed 'edit_ad' C:\wwwroot\shop_31u1a2\web\Application\Runtime\Cache\Mobile\b5bbc2774616647d2eecc9fe44b263ed.php 第 241 行.
NOTIC: [8] Undefined index: edit_ad C:\wwwroot\shop_31u1a2\web\Application\Runtime\Cache\Mobile\b5bbc2774616647d2eecc9fe44b263ed.php 第 241 行.
NOTIC: [8] Use of undefined constant edit_ad - assumed 'edit_ad' C:\wwwroot\shop_31u1a2\web\Application\Runtime\Cache\Mobile\b5bbc2774616647d2eecc9fe44b263ed.php 第 246 行.
NOTIC: [8] Undefined index: edit_ad C:\wwwroot\shop_31u1a2\web\Application\Runtime\Cache\Mobile\b5bbc2774616647d2eecc9fe44b263ed.php 第 246 行.
NOTIC: [8] Use of undefined constant edit_ad - assumed 'edit_ad' C:\wwwroot\shop_31u1a2\web\Application\Runtime\Cache\Mobile\b5bbc2774616647d2eecc9fe44b263ed.php 第 253 行.
NOTIC: [8] Undefined index: edit_ad C:\wwwroot\shop_31u1a2\web\Application\Runtime\Cache\Mobile\b5bbc2774616647d2eecc9fe44b263ed.php 第 253 行.
NOTIC: [8] Use of undefined constant edit_ad - assumed 'edit_ad' C:\wwwroot\shop_31u1a2\web\Application\Runtime\Cache\Mobile\b5bbc2774616647d2eecc9fe44b263ed.php 第 403 行.
NOTIC: [8] Undefined index: edit_ad C:\wwwroot\shop_31u1a2\web\Application\Runtime\Cache\Mobile\b5bbc2774616647d2eecc9fe44b263ed.php 第 403 行.
NOTIC: [8] Undefined variable: user_id C:\wwwroot\shop_31u1a2\web\Application\Runtime\Cache\Mobile\b5bbc2774616647d2eecc9fe44b263ed.php 第 469 行.
NOTIC: [8] Undefined variable: signPackage C:\wwwroot\shop_31u1a2\web\Application\Runtime\Cache\Mobile\b5bbc2774616647d2eecc9fe44b263ed.php 第 582 行.
INFO: Run Behavior\ParseTemplateBehavior [ RunTime:0.096477s ]
INFO: [ view_parse ] --END-- [ RunTime:0.096574s ]
INFO: [ view_filter ] --START--
INFO: Run Behavior\WriteHtmlCacheBehavior [ RunTime:0.000532s ]
INFO: Run Behavior\TokenBuildBehavior [ RunTime:0.001433s ]
INFO: [ view_filter ] --END-- [ RunTime:0.002073s ]
INFO: [ app_end ] --START--
INFO: Run Behavior\ShowPageTraceBehavior [ RunTime:0.000624s ]
INFO: [ app_end ] --END-- [ RunTime:0.000688s ]

