[ 2018-01-17T04:51:42+08:00 ] 106.11.227.58 /index.php/Mobile/Index/index.html
INFO: [ app_init ] --START--
INFO: Run Behavior\BuildLiteBehavior [ RunTime:0.000021s ]
INFO: [ app_init ] --END-- [ RunTime:0.000550s ]
INFO: [ app_begin ] --START--
INFO: Run Behavior\ReadHtmlCacheBehavior [ RunTime:0.000719s ]
INFO: [ app_begin ] --END-- [ RunTime:0.000797s ]
NOTIC: [8] Undefined variable: arr C:\wwwroot\shop_31u1a2\web\Application\Common\Common\common.php 第 1293 行.
NOTIC: [2] Invalid argument supplied for foreach() C:\wwwroot\shop_31u1a2\web\Application\Common\Common\common.php 第 1293 行.
NOTIC: [8] Undefined variable: tree C:\wwwroot\shop_31u1a2\web\Application\Common\Common\common.php 第 1299 行.
NOTIC: [2] Invalid argument supplied for foreach() C:\wwwroot\shop_31u1a2\web\Application\Common\Common\common.php 第 1299 行.
INFO: [ view_begin ] --START--
INFO: Run Home\Behaviors\testBehavior [ RunTime:0.000667s ]
INFO: [ view_begin ] --END-- [ RunTime:0.000722s ]
INFO: [ view_parse ] --START--
NOTIC: [8] Undefined index: order C:\wwwroot\shop_31u1a2\web\ThinkPHP\Library\Think\Template\TagLib\Tpshop.class.php 第 35 行.
NOTIC: [8] Undefined index: where C:\wwwroot\shop_31u1a2\web\ThinkPHP\Library\Think\Template\TagLib\Tpshop.class.php 第 37 行.
NOTIC: [8] Undefined index: order C:\wwwroot\shop_31u1a2\web\ThinkPHP\Library\Think\Template\TagLib\Tpshop.class.php 第 35 行.
NOTIC: [8] Undefined index: where C:\wwwroot\shop_31u1a2\web\ThinkPHP\Library\Think\Template\TagLib\Tpshop.class.php 第 37 行.
NOTIC: [8] Undefined index: order C:\wwwroot\shop_31u1a2\web\ThinkPHP\Library\Think\Template\TagLib\Tpshop.class.php 第 35 行.
NOTIC: [8] Undefined index: where C:\wwwroot\shop_31u1a2\web\ThinkPHP\Library\Think\Template\TagLib\Tpshop.class.php 第 37 行.
NOTIC: [8] Undefined index: order C:\wwwroot\shop_31u1a2\web\ThinkPHP\Library\Think\Template\TagLib\Tpshop.class.php 第 35 行.
NOTIC: [8] Undefined index: where C:\wwwroot\shop_31u1a2\web\ThinkPHP\Library\Think\Template\TagLib\Tpshop.class.php 第 37 行.
NOTIC: [8] Undefined index: order C:\wwwroot\shop_31u1a2\web\ThinkPHP\Library\Think\Template\TagLib\Tpshop.class.php 第 35 行.
NOTIC: [8] Undefined index: where C:\wwwroot\shop_31u1a2\web\ThinkPHP\Library\Think\Template\TagLib\Tpshop.class.php 第 37 行.
NOTIC: [8] Undefined index: order C:\wwwroot\shop_31u1a2\web\ThinkPHP\Library\Think\Template\TagLib\Tpshop.class.php 第 35 行.
NOTIC: [8] Undefined index: where C:\wwwroot\shop_31u1a2\web\ThinkPHP\Library\Think\Template\TagLib\Tpshop.class.php 第 37 行.
NOTIC: [8] Undefined index: order C:\wwwroot\shop_31u1a2\web\ThinkPHP\Library\Think\Template\TagLib\Tpshop.class.php 第 35 行.
NOTIC: [8] Undefined index: where C:\wwwroot\shop_31u1a2\web\ThinkPHP\Library\Think\Template\TagLib\Tpshop.class.php 第 37 行.
NOTIC: [8] Undefined index: order C:\wwwroot\shop_31u1a2\web\ThinkPHP\Library\Think\Template\TagLib\Tpshop.class.php 第 35 行.
NOTIC: [8] Undefined index: where C:\wwwroot\shop_31u1a2\web\ThinkPHP\Library\Think\Template\TagLib\Tpshop.class.php 第 37 行.
NOTIC: [8] Undefined index: order C:\wwwroot\shop_31u1a2\web\ThinkPHP\Library\Think\Template\TagLib\Tpshop.class.php 第 35 行.
NOTIC: [8] Undefined index: where C:\wwwroot\shop_31u1a2\web\ThinkPHP\Library\Think\Template\TagLib\Tpshop.class.php 第 37 行.
NOTIC: [8] Undefined index: order C:\wwwroot\shop_31u1a2\web\ThinkPHP\Library\Think\Template\TagLib\Tpshop.class.php 第 35 行.
NOTIC: [8] Undefined index: where C:\wwwroot\shop_31u1a2\web\ThinkPHP\Library\Think\Template\TagLib\Tpshop.class.php 第 37 行.
NOTIC: [8] Undefined index: order C:\wwwroot\shop_31u1a2\web\ThinkPHP\Library\Think\Template\TagLib\Tpshop.class.php 第 35 行.
NOTIC: [8] Undefined index: where C:\wwwroot\shop_31u1a2\web\ThinkPHP\Library\Think\Template\TagLib\Tpshop.class.php 第 37 行.
NOTIC: [8] Undefined index: level C:\wwwroot\shop_31u1a2\web\ThinkPHP\Library\Think\Template\TagLib\Tpshop.class.php 第 155 行.
NOTIC: [8] Undefined index: level C:\wwwroot\shop_31u1a2\web\ThinkPHP\Library\Think\Template\TagLib\Tpshop.class.php 第 155 行.
NOTIC: [8] Undefined index: level C:\wwwroot\shop_31u1a2\web\ThinkPHP\Library\Think\Template\TagLib\Tpshop.class.php 第 155 行.
NOTIC: [8] Undefined index: level C:\wwwroot\shop_31u1a2\web\ThinkPHP\Library\Think\Template\TagLib\Tpshop.class.php 第 155 行.
NOTIC: [8] Undefined index: level C:\wwwroot\shop_31u1a2\web\ThinkPHP\Library\Think\Template\TagLib\Tpshop.class.php 第 155 行.
INFO: [ template_filter ] --START--
INFO: Run Behavior\ContentReplaceBehavior [ RunTime:0.000526s ]
INFO: [ template_filter ] --END-- [ RunTime:0.000575s ]
NOTIC: [8] Use of undefined constant edit_ad - assumed 'edit_ad' C:\wwwroot\shop_31u1a2\web\Application\Runtime\Cache\Mobile\b5bbc2774616647d2eecc9fe44b263ed.php 第 33 行.
NOTIC: [8] Undefined index: edit_ad C:\wwwroot\shop_31u1a2\web\Application\Runtime\Cache\Mobile\b5bbc2774616647d2eecc9fe44b263ed.php 第 33 行.
NOTIC: [8] Use of undefined constant edit_ad - assumed 'edit_ad' C:\wwwroot\shop_31u1a2\web\Application\Runtime\Cache\Mobile\b5bbc2774616647d2eecc9fe44b263ed.php 第 114 行.
NOTIC: [8] Undefined index: edit_ad C:\wwwroot\shop_31u1a2\web\Application\Runtime\Cache\Mobile\b5bbc2774616647d2eecc9fe44b263ed.php 第 114 行.
NOTIC: [8] Use of undefined constant edit_ad - assumed 'edit_ad' C:\wwwroot\shop_31u1a2\web\Application\Runtime\Cache\Mobile\b5bbc2774616647d2eecc9fe44b263ed.php 第 120 行.
NOTIC: [8] Undefined index: edit_ad C:\wwwroot\shop_31u1a2\web\Application\Runtime\Cache\Mobile\b5bbc2774616647d2eecc9fe44b263ed.php 第 120 行.
NOTIC: [8] Use of undefined constant edit_ad - assumed 'edit_ad' C:\wwwroot\shop_31u1a2\web\Application\Runtime\Cache\Mobile\b5bbc2774616647d2eecc9fe44b263ed.php 第 125 行.
NOTIC: [8] Undefined index: edit_ad C:\wwwroot\shop_31u1a2\web\Application\Runtime\Cache\Mobile\b5bbc2774616647d2eecc9fe44b263ed.php 第 125 行.
NOTIC: [8] Use of undefined constant edit_ad - assumed 'edit_ad' C:\wwwroot\shop_31u1a2\web\Application\Runtime\Cache\Mobile\b5bbc2774616647d2eecc9fe44b263ed.php 第 133 行.
NOTIC: [8] Undefined index: edit_ad C:\wwwroot\shop_31u1a2\web\Application\Runtime\Cache\Mobile\b5bbc2774616647d2eecc9fe44b263ed.php 第 133 行.
NOTIC: [8] Use of undefined constant edit_ad - assumed 'edit_ad' C:\wwwroot\shop_31u1a2\web\Application\Runtime\Cache\Mobile\b5bbc2774616647d2eecc9fe44b263ed.php 第 138 行.
NOTIC: [8] Undefined index: edit_ad C:\wwwroot\shop_31u1a2\web\Application\Runtime\Cache\Mobile\b5bbc2774616647d2eecc9fe44b263ed.php 第 138 行.
NOTIC: [8] Use of undefined constant edit_ad - assumed 'edit_ad' C:\wwwroot\shop_31u1a2\web\Application\Runtime\Cache\Mobile\b5bbc2774616647d2eecc9fe44b263ed.php 第 235 行.
NOTIC: [8] Undefined index: edit_ad C:\wwwroot\shop_31u1a2\web\Application\Runtime\Cache\Mobile\b5bbc2774616647d2eecc9fe44b263ed.php 第 235 行.
NOTIC: [8] Use of undefined constant edit_ad - assumed 'edit_ad' C:\wwwroot\shop_31u1a2\web\Application\Runtime\Cache\Mobile\b5bbc2774616647d2eecc9fe44b263ed.php 第 241 行.
NOTIC: [8] Undefined index: edit_ad C:\wwwroot\shop_31u1a2\web\Application\Runtime\Cache\Mobile\b5bbc2774616647d2eecc9fe44b263ed.php 第 241 行.
NOTIC: [8] Use of undefined constant edit_ad - assumed 'edit_ad' C:\wwwroot\shop_31u1a2\web\Application\Runtime\Cache\Mobile\b5bbc2774616647d2eecc9fe44b263ed.php 第 246 行.
NOTIC: [8] Undefined index: edit_ad C:\wwwroot\shop_31u1a2\web\Application\Runtime\Cache\Mobile\b5bbc2774616647d2eecc9fe44b263ed.php 第 246 行.
NOTIC: [8] Use of undefined constant edit_ad - assumed 'edit_ad' C:\wwwroot\shop_31u1a2\web\Application\Runtime\Cache\Mobile\b5bbc2774616647d2eecc9fe44b263ed.php 第 253 行.
NOTIC: [8] Undefined index: edit_ad C:\wwwroot\shop_31u1a2\web\Application\Runtime\Cache\Mobile\b5bbc2774616647d2eecc9fe44b263ed.php 第 253 行.
NOTIC: [8] Use of undefined constant edit_ad - assumed 'edit_ad' C:\wwwroot\shop_31u1a2\web\Application\Runtime\Cache\Mobile\b5bbc2774616647d2eecc9fe44b263ed.php 第 403 行.
NOTIC: [8] Undefined index: edit_ad C:\wwwroot\shop_31u1a2\web\Application\Runtime\Cache\Mobile\b5bbc2774616647d2eecc9fe44b263ed.php 第 403 行.
NOTIC: [8] Undefined variable: user_id C:\wwwroot\shop_31u1a2\web\Application\Runtime\Cache\Mobile\b5bbc2774616647d2eecc9fe44b263ed.php 第 469 行.
NOTIC: [8] Undefined variable: signPackage C:\wwwroot\shop_31u1a2\web\Application\Runtime\Cache\Mobile\b5bbc2774616647d2eecc9fe44b263ed.php 第 582 行.
INFO: Run Behavior\ParseTemplateBehavior [ RunTime:0.062241s ]
INFO: [ view_parse ] --END-- [ RunTime:0.062288s ]
INFO: [ view_filter ] --START--
INFO: Run Behavior\WriteHtmlCacheBehavior [ RunTime:0.000314s ]
INFO: Run Behavior\TokenBuildBehavior [ RunTime:0.000992s ]
INFO: [ view_filter ] --END-- [ RunTime:0.001370s ]
INFO: [ app_end ] --START--
INFO: Run Behavior\ShowPageTraceBehavior [ RunTime:0.000428s ]
INFO: [ app_end ] --END-- [ RunTime:0.000470s ]

[ 2018-01-17T18:28:04+08:00 ] 106.11.242.202 /index.php/Mobile/Index/index.html
INFO: [ app_init ] --START--
INFO: Run Behavior\BuildLiteBehavior [ RunTime:0.000014s ]
INFO: [ app_init ] --END-- [ RunTime:0.000328s ]
INFO: [ app_begin ] --START--
INFO: Run Behavior\ReadHtmlCacheBehavior [ RunTime:0.000529s ]
INFO: [ app_begin ] --END-- [ RunTime:0.000582s ]
NOTIC: [8] Undefined variable: arr C:\wwwroot\shop_31u1a2\web\Application\Common\Common\common.php 第 1293 行.
NOTIC: [2] Invalid argument supplied for foreach() C:\wwwroot\shop_31u1a2\web\Application\Common\Common\common.php 第 1293 行.
NOTIC: [8] Undefined variable: tree C:\wwwroot\shop_31u1a2\web\Application\Common\Common\common.php 第 1299 行.
NOTIC: [2] Invalid argument supplied for foreach() C:\wwwroot\shop_31u1a2\web\Application\Common\Common\common.php 第 1299 行.
INFO: [ view_begin ] --START--
INFO: Run Home\Behaviors\testBehavior [ RunTime:0.000546s ]
INFO: [ view_begin ] --END-- [ RunTime:0.000609s ]
INFO: [ view_parse ] --START--
NOTIC: [8] Undefined index: order C:\wwwroot\shop_31u1a2\web\ThinkPHP\Library\Think\Template\TagLib\Tpshop.class.php 第 35 行.
NOTIC: [8] Undefined index: where C:\wwwroot\shop_31u1a2\web\ThinkPHP\Library\Think\Template\TagLib\Tpshop.class.php 第 37 行.
NOTIC: [8] Undefined index: order C:\wwwroot\shop_31u1a2\web\ThinkPHP\Library\Think\Template\TagLib\Tpshop.class.php 第 35 行.
NOTIC: [8] Undefined index: where C:\wwwroot\shop_31u1a2\web\ThinkPHP\Library\Think\Template\TagLib\Tpshop.class.php 第 37 行.
NOTIC: [8] Undefined index: order C:\wwwroot\shop_31u1a2\web\ThinkPHP\Library\Think\Template\TagLib\Tpshop.class.php 第 35 行.
NOTIC: [8] Undefined index: where C:\wwwroot\shop_31u1a2\web\ThinkPHP\Library\Think\Template\TagLib\Tpshop.class.php 第 37 行.
NOTIC: [8] Undefined index: order C:\wwwroot\shop_31u1a2\web\ThinkPHP\Library\Think\Template\TagLib\Tpshop.class.php 第 35 行.
NOTIC: [8] Undefined index: where C:\wwwroot\shop_31u1a2\web\ThinkPHP\Library\Think\Template\TagLib\Tpshop.class.php 第 37 行.
NOTIC: [8] Undefined index: order C:\wwwroot\shop_31u1a2\web\ThinkPHP\Library\Think\Template\TagLib\Tpshop.class.php 第 35 行.
NOTIC: [8] Undefined index: where C:\wwwroot\shop_31u1a2\web\ThinkPHP\Library\Think\Template\TagLib\Tpshop.class.php 第 37 行.
NOTIC: [8] Undefined index: order C:\wwwroot\shop_31u1a2\web\ThinkPHP\Library\Think\Template\TagLib\Tpshop.class.php 第 35 行.
NOTIC: [8] Undefined index: where C:\wwwroot\shop_31u1a2\web\ThinkPHP\Library\Think\Template\TagLib\Tpshop.class.php 第 37 行.
NOTIC: [8] Undefined index: order C:\wwwroot\shop_31u1a2\web\ThinkPHP\Library\Think\Template\TagLib\Tpshop.class.php 第 35 行.
NOTIC: [8] Undefined index: where C:\wwwroot\shop_31u1a2\web\ThinkPHP\Library\Think\Template\TagLib\Tpshop.class.php 第 37 行.
NOTIC: [8] Undefined index: order C:\wwwroot\shop_31u1a2\web\ThinkPHP\Library\Think\Template\TagLib\Tpshop.class.php 第 35 行.
NOTIC: [8] Undefined index: where C:\wwwroot\shop_31u1a2\web\ThinkPHP\Library\Think\Template\TagLib\Tpshop.class.php 第 37 行.
NOTIC: [8] Undefined index: order C:\wwwroot\shop_31u1a2\web\ThinkPHP\Library\Think\Template\TagLib\Tpshop.class.php 第 35 行.
NOTIC: [8] Undefined index: where C:\wwwroot\shop_31u1a2\web\ThinkPHP\Library\Think\Template\TagLib\Tpshop.class.php 第 37 行.
NOTIC: [8] Undefined index: order C:\wwwroot\shop_31u1a2\web\ThinkPHP\Library\Think\Template\TagLib\Tpshop.class.php 第 35 行.
NOTIC: [8] Undefined index: where C:\wwwroot\shop_31u1a2\web\ThinkPHP\Library\Think\Template\TagLib\Tpshop.class.php 第 37 行.
NOTIC: [8] Undefined index: order C:\wwwroot\shop_31u1a2\web\ThinkPHP\Library\Think\Template\TagLib\Tpshop.class.php 第 35 行.
NOTIC: [8] Undefined index: where C:\wwwroot\shop_31u1a2\web\ThinkPHP\Library\Think\Template\TagLib\Tpshop.class.php 第 37 行.
NOTIC: [8] Undefined index: level C:\wwwroot\shop_31u1a2\web\ThinkPHP\Library\Think\Template\TagLib\Tpshop.class.php 第 155 行.
NOTIC: [8] Undefined index: level C:\wwwroot\shop_31u1a2\web\ThinkPHP\Library\Think\Template\TagLib\Tpshop.class.php 第 155 行.
NOTIC: [8] Undefined index: level C:\wwwroot\shop_31u1a2\web\ThinkPHP\Library\Think\Template\TagLib\Tpshop.class.php 第 155 行.
NOTIC: [8] Undefined index: level C:\wwwroot\shop_31u1a2\web\ThinkPHP\Library\Think\Template\TagLib\Tpshop.class.php 第 155 行.
NOTIC: [8] Undefined index: level C:\wwwroot\shop_31u1a2\web\ThinkPHP\Library\Think\Template\TagLib\Tpshop.class.php 第 155 行.
INFO: [ template_filter ] --START--
INFO: Run Behavior\ContentReplaceBehavior [ RunTime:0.000493s ]
INFO: [ template_filter ] --END-- [ RunTime:0.000546s ]
NOTIC: [8] Use of undefined constant edit_ad - assumed 'edit_ad' C:\wwwroot\shop_31u1a2\web\Application\Runtime\Cache\Mobile\b5bbc2774616647d2eecc9fe44b263ed.php 第 33 行.
NOTIC: [8] Undefined index: edit_ad C:\wwwroot\shop_31u1a2\web\Application\Runtime\Cache\Mobile\b5bbc2774616647d2eecc9fe44b263ed.php 第 33 行.
NOTIC: [8] Use of undefined constant edit_ad - assumed 'edit_ad' C:\wwwroot\shop_31u1a2\web\Application\Runtime\Cache\Mobile\b5bbc2774616647d2eecc9fe44b263ed.php 第 114 行.
NOTIC: [8] Undefined index: edit_ad C:\wwwroot\shop_31u1a2\web\Application\Runtime\Cache\Mobile\b5bbc2774616647d2eecc9fe44b263ed.php 第 114 行.
NOTIC: [8] Use of undefined constant edit_ad - assumed 'edit_ad' C:\wwwroot\shop_31u1a2\web\Application\Runtime\Cache\Mobile\b5bbc2774616647d2eecc9fe44b263ed.php 第 120 行.
NOTIC: [8] Undefined index: edit_ad C:\wwwroot\shop_31u1a2\web\Application\Runtime\Cache\Mobile\b5bbc2774616647d2eecc9fe44b263ed.php 第 120 行.
NOTIC: [8] Use of undefined constant edit_ad - assumed 'edit_ad' C:\wwwroot\shop_31u1a2\web\Application\Runtime\Cache\Mobile\b5bbc2774616647d2eecc9fe44b263ed.php 第 125 行.
NOTIC: [8] Undefined index: edit_ad C:\wwwroot\shop_31u1a2\web\Application\Runtime\Cache\Mobile\b5bbc2774616647d2eecc9fe44b263ed.php 第 125 行.
NOTIC: [8] Use of undefined constant edit_ad - assumed 'edit_ad' C:\wwwroot\shop_31u1a2\web\Application\Runtime\Cache\Mobile\b5bbc2774616647d2eecc9fe44b263ed.php 第 133 行.
NOTIC: [8] Undefined index: edit_ad C:\wwwroot\shop_31u1a2\web\Application\Runtime\Cache\Mobile\b5bbc2774616647d2eecc9fe44b263ed.php 第 133 行.
NOTIC: [8] Use of undefined constant edit_ad - assumed 'edit_ad' C:\wwwroot\shop_31u1a2\web\Application\Runtime\Cache\Mobile\b5bbc2774616647d2eecc9fe44b263ed.php 第 138 行.
NOTIC: [8] Undefined index: edit_ad C:\wwwroot\shop_31u1a2\web\Application\Runtime\Cache\Mobile\b5bbc2774616647d2eecc9fe44b263ed.php 第 138 行.
NOTIC: [8] Use of undefined constant edit_ad - assumed 'edit_ad' C:\wwwroot\shop_31u1a2\web\Application\Runtime\Cache\Mobile\b5bbc2774616647d2eecc9fe44b263ed.php 第 235 行.
NOTIC: [8] Undefined index: edit_ad C:\wwwroot\shop_31u1a2\web\Application\Runtime\Cache\Mobile\b5bbc2774616647d2eecc9fe44b263ed.php 第 235 行.
NOTIC: [8] Use of undefined constant edit_ad - assumed 'edit_ad' C:\wwwroot\shop_31u1a2\web\Application\Runtime\Cache\Mobile\b5bbc2774616647d2eecc9fe44b263ed.php 第 241 行.
NOTIC: [8] Undefined index: edit_ad C:\wwwroot\shop_31u1a2\web\Application\Runtime\Cache\Mobile\b5bbc2774616647d2eecc9fe44b263ed.php 第 241 行.
NOTIC: [8] Use of undefined constant edit_ad - assumed 'edit_ad' C:\wwwroot\shop_31u1a2\web\Application\Runtime\Cache\Mobile\b5bbc2774616647d2eecc9fe44b263ed.php 第 246 行.
NOTIC: [8] Undefined index: edit_ad C:\wwwroot\shop_31u1a2\web\Application\Runtime\Cache\Mobile\b5bbc2774616647d2eecc9fe44b263ed.php 第 246 行.
NOTIC: [8] Use of undefined constant edit_ad - assumed 'edit_ad' C:\wwwroot\shop_31u1a2\web\Application\Runtime\Cache\Mobile\b5bbc2774616647d2eecc9fe44b263ed.php 第 253 行.
NOTIC: [8] Undefined index: edit_ad C:\wwwroot\shop_31u1a2\web\Application\Runtime\Cache\Mobile\b5bbc2774616647d2eecc9fe44b263ed.php 第 253 行.
NOTIC: [8] Use of undefined constant edit_ad - assumed 'edit_ad' C:\wwwroot\shop_31u1a2\web\Application\Runtime\Cache\Mobile\b5bbc2774616647d2eecc9fe44b263ed.php 第 403 行.
NOTIC: [8] Undefined index: edit_ad C:\wwwroot\shop_31u1a2\web\Application\Runtime\Cache\Mobile\b5bbc2774616647d2eecc9fe44b263ed.php 第 403 行.
NOTIC: [8] Undefined variable: user_id C:\wwwroot\shop_31u1a2\web\Application\Runtime\Cache\Mobile\b5bbc2774616647d2eecc9fe44b263ed.php 第 469 行.
NOTIC: [8] Undefined variable: signPackage C:\wwwroot\shop_31u1a2\web\Application\Runtime\Cache\Mobile\b5bbc2774616647d2eecc9fe44b263ed.php 第 582 行.
INFO: Run Behavior\ParseTemplateBehavior [ RunTime:0.059608s ]
INFO: [ view_parse ] --END-- [ RunTime:0.059659s ]
INFO: [ view_filter ] --START--
INFO: Run Behavior\WriteHtmlCacheBehavior [ RunTime:0.000359s ]
INFO: Run Behavior\TokenBuildBehavior [ RunTime:0.000961s ]
INFO: [ view_filter ] --END-- [ RunTime:0.001381s ]
INFO: [ app_end ] --START--
INFO: Run Behavior\ShowPageTraceBehavior [ RunTime:0.000434s ]
INFO: [ app_end ] --END-- [ RunTime:0.000475s ]

