[ 2018-01-21T16:37:01+08:00 ] 139.205.205.229 /index.php/WXAPI/User/sendappid?appid=wx35493113e073d54d&secret=b980ff4316721dc4a0a6ff27b7b3d4de&js_code=061tUaWW0FebQV15UwXW0rGaWW0tUaWb&grant_type=authorization_code&code=061tUaWW0FebQV15UwXW0rGaWW0tUaWb
INFO: [ app_init ] --START--
INFO: Run Behavior\BuildLiteBehavior [ RunTime:0.000016s ]
INFO: [ app_init ] --END-- [ RunTime:0.001150s ]
INFO: [ app_begin ] --START--
INFO: Run Behavior\ReadHtmlCacheBehavior [ RunTime:0.001002s ]
INFO: [ app_begin ] --END-- [ RunTime:0.001082s ]

[ 2018-01-21T16:37:22+08:00 ] 139.205.205.229 /index.php/WXAPI/Index/home
INFO: [ app_init ] --START--
INFO: Run Behavior\BuildLiteBehavior [ RunTime:0.000013s ]
INFO: [ app_init ] --END-- [ RunTime:0.000311s ]
INFO: [ app_begin ] --START--
INFO: Run Behavior\ReadHtmlCacheBehavior [ RunTime:0.000379s ]
INFO: [ app_begin ] --END-- [ RunTime:0.000429s ]

[ 2018-01-21T16:37:23+08:00 ] 139.205.205.229 /index.php/WXAPI/User/sendappid?appid=wx35493113e073d54d&secret=b980ff4316721dc4a0a6ff27b7b3d4de&js_code=0014EXS20m2oYC12ZIS20OVJS204EXSV&grant_type=authorization_code&code=0014EXS20m2oYC12ZIS20OVJS204EXSV
INFO: [ app_init ] --START--
INFO: Run Behavior\BuildLiteBehavior [ RunTime:0.000014s ]
INFO: [ app_init ] --END-- [ RunTime:0.000354s ]
INFO: [ app_begin ] --START--
INFO: Run Behavior\ReadHtmlCacheBehavior [ RunTime:0.000421s ]
INFO: [ app_begin ] --END-- [ RunTime:0.000475s ]

[ 2018-01-21T16:37:23+08:00 ] 139.205.205.229 /index.php/WXAPI/User/validateOpenid?openid=oRK8W0RVSWj1pH2YK2JggZcDfC2w
INFO: [ app_init ] --START--
INFO: Run Behavior\BuildLiteBehavior [ RunTime:0.000013s ]
INFO: [ app_init ] --END-- [ RunTime:0.000393s ]
INFO: [ app_begin ] --START--
INFO: Run Behavior\ReadHtmlCacheBehavior [ RunTime:0.000408s ]
INFO: [ app_begin ] --END-- [ RunTime:0.000468s ]
INFO: [ app_end ] --START--
INFO: Run Behavior\ShowPageTraceBehavior [ RunTime:0.000646s ]
INFO: [ app_end ] --END-- [ RunTime:0.000759s ]

[ 2018-01-21T16:37:28+08:00 ] 139.205.205.229 /index.php/WXAPI/User/register?open_id=oRK8W0RVSWj1pH2YK2JggZcDfC2w&country=China&gender=1&nick_name=%E9%98%BF%E4%B8%9C&province=Sichuan&city=Mianyang&head_pic=https://wx.qlogo.cn/mmopen/vi_32/DYAIOgq83eqe08cOQfFWLldAjF9gXJGZflSKVpTPFfx5iameyAb8AHInXRAUFSeCEM72XLAPGeWvHShBqGhjs5g/0
INFO: [ app_init ] --START--
INFO: Run Behavior\BuildLiteBehavior [ RunTime:0.000013s ]
INFO: [ app_init ] --END-- [ RunTime:0.000299s ]
INFO: [ app_begin ] --START--
INFO: Run Behavior\ReadHtmlCacheBehavior [ RunTime:0.000385s ]
INFO: [ app_begin ] --END-- [ RunTime:0.000436s ]
NOTIC: [8] Undefined variable: v C:\wwwroot\shop_31u1a2\web\Application\WXAPI\Controller\UserController.class.php 第 737 行.
INFO: [ app_end ] --START--
INFO: Run Behavior\ShowPageTraceBehavior [ RunTime:0.000649s ]
INFO: [ app_end ] --END-- [ RunTime:0.000722s ]

[ 2018-01-21T16:37:35+08:00 ] 139.205.205.229 /index.php/WXAPI/Goods/goodsInfo/id/undefined
INFO: [ app_init ] --START--
INFO: Run Behavior\BuildLiteBehavior [ RunTime:0.000015s ]
INFO: [ app_init ] --END-- [ RunTime:0.000315s ]
INFO: [ app_begin ] --START--
INFO: Run Behavior\ReadHtmlCacheBehavior [ RunTime:0.000393s ]
INFO: [ app_begin ] --END-- [ RunTime:0.000445s ]
ERR: SQLSTATE[42S22]: Column not found: 1054 Unknown column 'undefined' in 'where clause'

[ 2018-01-21T16:40:22+08:00 ] 139.205.205.229 /index.php/WXAPI/Goods/goodsInfo/id/undefined
INFO: [ app_init ] --START--
INFO: Run Behavior\BuildLiteBehavior [ RunTime:0.000014s ]
INFO: [ app_init ] --END-- [ RunTime:0.000340s ]
INFO: [ app_begin ] --START--
INFO: Run Behavior\ReadHtmlCacheBehavior [ RunTime:0.000424s ]
INFO: [ app_begin ] --END-- [ RunTime:0.000475s ]
ERR: SQLSTATE[42S22]: Column not found: 1054 Unknown column 'undefined' in 'where clause'

[ 2018-01-21T16:40:34+08:00 ] 139.205.205.229 /index.php/WXAPI/Index/home
INFO: [ app_init ] --START--
INFO: Run Behavior\BuildLiteBehavior [ RunTime:0.000013s ]
INFO: [ app_init ] --END-- [ RunTime:0.000294s ]
INFO: [ app_begin ] --START--
INFO: Run Behavior\ReadHtmlCacheBehavior [ RunTime:0.000444s ]
INFO: [ app_begin ] --END-- [ RunTime:0.000502s ]

[ 2018-01-21T16:40:34+08:00 ] 139.205.205.229 /index.php/WXAPI/User/sendappid?appid=wx35493113e073d54d&secret=b980ff4316721dc4a0a6ff27b7b3d4de&js_code=0013ega40P3eYD1gs7840oOna403egab&grant_type=authorization_code&code=0013ega40P3eYD1gs7840oOna403egab
INFO: [ app_init ] --START--
INFO: Run Behavior\BuildLiteBehavior [ RunTime:0.000013s ]
INFO: [ app_init ] --END-- [ RunTime:0.000324s ]
INFO: [ app_begin ] --START--
INFO: Run Behavior\ReadHtmlCacheBehavior [ RunTime:0.000419s ]
INFO: [ app_begin ] --END-- [ RunTime:0.000477s ]

[ 2018-01-21T16:40:34+08:00 ] 139.205.205.229 /index.php/WXAPI/User/validateOpenid?openid=oRK8W0RVSWj1pH2YK2JggZcDfC2w
INFO: [ app_init ] --START--
INFO: Run Behavior\BuildLiteBehavior [ RunTime:0.000013s ]
INFO: [ app_init ] --END-- [ RunTime:0.000301s ]
INFO: [ app_begin ] --START--
INFO: Run Behavior\ReadHtmlCacheBehavior [ RunTime:0.000412s ]
INFO: [ app_begin ] --END-- [ RunTime:0.000472s ]
INFO: [ app_end ] --START--
INFO: Run Behavior\ShowPageTraceBehavior [ RunTime:0.000716s ]
INFO: [ app_end ] --END-- [ RunTime:0.000813s ]

[ 2018-01-21T16:40:37+08:00 ] 139.205.205.229 /index.php/WXAPI/Index/home
INFO: [ app_init ] --START--
INFO: Run Behavior\BuildLiteBehavior [ RunTime:0.000013s ]
INFO: [ app_init ] --END-- [ RunTime:0.000302s ]
INFO: [ app_begin ] --START--
INFO: Run Behavior\ReadHtmlCacheBehavior [ RunTime:0.000408s ]
INFO: [ app_begin ] --END-- [ RunTime:0.000459s ]

[ 2018-01-21T16:40:37+08:00 ] 139.205.205.229 /index.php/WXAPI/User/sendappid?appid=wx35493113e073d54d&secret=b980ff4316721dc4a0a6ff27b7b3d4de&js_code=061O4h9L13S3a41DhlbL15lj9L1O4h9m&grant_type=authorization_code&code=061O4h9L13S3a41DhlbL15lj9L1O4h9m
INFO: [ app_init ] --START--
INFO: Run Behavior\BuildLiteBehavior [ RunTime:0.000014s ]
INFO: [ app_init ] --END-- [ RunTime:0.000323s ]
INFO: [ app_begin ] --START--
INFO: Run Behavior\ReadHtmlCacheBehavior [ RunTime:0.000406s ]
INFO: [ app_begin ] --END-- [ RunTime:0.000458s ]

[ 2018-01-21T16:40:37+08:00 ] 139.205.205.229 /index.php/WXAPI/User/validateOpenid?openid=oRK8W0RVSWj1pH2YK2JggZcDfC2w
INFO: [ app_init ] --START--
INFO: Run Behavior\BuildLiteBehavior [ RunTime:0.000014s ]
INFO: [ app_init ] --END-- [ RunTime:0.000289s ]
INFO: [ app_begin ] --START--
INFO: Run Behavior\ReadHtmlCacheBehavior [ RunTime:0.000428s ]
INFO: [ app_begin ] --END-- [ RunTime:0.000479s ]
INFO: [ app_end ] --START--
INFO: Run Behavior\ShowPageTraceBehavior [ RunTime:0.000497s ]
INFO: [ app_end ] --END-- [ RunTime:0.000565s ]

[ 2018-01-21T16:40:49+08:00 ] 139.205.205.229 /index.php/WXAPI/Index/home
INFO: [ app_init ] --START--
INFO: Run Behavior\BuildLiteBehavior [ RunTime:0.000019s ]
INFO: [ app_init ] --END-- [ RunTime:0.000407s ]
INFO: [ app_begin ] --START--
INFO: Run Behavior\ReadHtmlCacheBehavior [ RunTime:0.000554s ]
INFO: [ app_begin ] --END-- [ RunTime:0.000622s ]

[ 2018-01-21T16:40:49+08:00 ] 139.205.205.229 /index.php/WXAPI/User/sendappid?appid=wx35493113e073d54d&secret=b980ff4316721dc4a0a6ff27b7b3d4de&js_code=001G24Ub13Qnav0isaSb1mjVTb1G24U6&grant_type=authorization_code&code=001G24Ub13Qnav0isaSb1mjVTb1G24U6
INFO: [ app_init ] --START--
INFO: Run Behavior\BuildLiteBehavior [ RunTime:0.000013s ]
INFO: [ app_init ] --END-- [ RunTime:0.000336s ]
INFO: [ app_begin ] --START--
INFO: Run Behavior\ReadHtmlCacheBehavior [ RunTime:0.000414s ]
INFO: [ app_begin ] --END-- [ RunTime:0.000467s ]

[ 2018-01-21T16:40:49+08:00 ] 139.205.205.229 /index.php/WXAPI/User/validateOpenid?openid=oRK8W0RVSWj1pH2YK2JggZcDfC2w
INFO: [ app_init ] --START--
INFO: Run Behavior\BuildLiteBehavior [ RunTime:0.000014s ]
INFO: [ app_init ] --END-- [ RunTime:0.000288s ]
INFO: [ app_begin ] --START--
INFO: Run Behavior\ReadHtmlCacheBehavior [ RunTime:0.000394s ]
INFO: [ app_begin ] --END-- [ RunTime:0.000444s ]
INFO: [ app_end ] --START--
INFO: Run Behavior\ShowPageTraceBehavior [ RunTime:0.000464s ]
INFO: [ app_end ] --END-- [ RunTime:0.000531s ]

[ 2018-01-21T16:41:09+08:00 ] 139.205.205.229 /index.php/WXAPI/Index/home
INFO: [ app_init ] --START--
INFO: Run Behavior\BuildLiteBehavior [ RunTime:0.000015s ]
INFO: [ app_init ] --END-- [ RunTime:0.000297s ]
INFO: [ app_begin ] --START--
INFO: Run Behavior\ReadHtmlCacheBehavior [ RunTime:0.000381s ]
INFO: [ app_begin ] --END-- [ RunTime:0.000431s ]

[ 2018-01-21T16:41:09+08:00 ] 139.205.205.229 /index.php/WXAPI/User/sendappid?appid=wx35493113e073d54d&secret=b980ff4316721dc4a0a6ff27b7b3d4de&js_code=011VjGIJ1Gchn50rbWFJ1L3sIJ1VjGIJ&grant_type=authorization_code&code=011VjGIJ1Gchn50rbWFJ1L3sIJ1VjGIJ
INFO: [ app_init ] --START--
INFO: Run Behavior\BuildLiteBehavior [ RunTime:0.000015s ]
INFO: [ app_init ] --END-- [ RunTime:0.000345s ]
INFO: [ app_begin ] --START--
INFO: Run Behavior\ReadHtmlCacheBehavior [ RunTime:0.000438s ]
INFO: [ app_begin ] --END-- [ RunTime:0.000492s ]

[ 2018-01-21T16:41:10+08:00 ] 139.205.205.229 /index.php/WXAPI/User/validateOpenid?openid=oRK8W0RVSWj1pH2YK2JggZcDfC2w
INFO: [ app_init ] --START--
INFO: Run Behavior\BuildLiteBehavior [ RunTime:0.000014s ]
INFO: [ app_init ] --END-- [ RunTime:0.000318s ]
INFO: [ app_begin ] --START--
INFO: Run Behavior\ReadHtmlCacheBehavior [ RunTime:0.000422s ]
INFO: [ app_begin ] --END-- [ RunTime:0.000476s ]
INFO: [ app_end ] --START--
INFO: Run Behavior\ShowPageTraceBehavior [ RunTime:0.000482s ]
INFO: [ app_end ] --END-- [ RunTime:0.000616s ]

[ 2018-01-21T16:49:20+08:00 ] 139.205.205.229 /index.php/WXAPI/Index/home
INFO: [ app_init ] --START--
INFO: Run Behavior\BuildLiteBehavior [ RunTime:0.000013s ]
INFO: [ app_init ] --END-- [ RunTime:0.000347s ]
INFO: [ app_begin ] --START--
INFO: Run Behavior\ReadHtmlCacheBehavior [ RunTime:0.000440s ]
INFO: [ app_begin ] --END-- [ RunTime:0.000495s ]

[ 2018-01-21T16:49:20+08:00 ] 139.205.205.229 /index.php/WXAPI/User/sendappid?appid=wx35493113e073d54d&secret=b980ff4316721dc4a0a6ff27b7b3d4de&js_code=011MSzIU0AeY7Y1Q3xJU01TwIU0MSzIQ&grant_type=authorization_code&code=011MSzIU0AeY7Y1Q3xJU01TwIU0MSzIQ
INFO: [ app_init ] --START--
INFO: Run Behavior\BuildLiteBehavior [ RunTime:0.000015s ]
INFO: [ app_init ] --END-- [ RunTime:0.000395s ]
INFO: [ app_begin ] --START--
INFO: Run Behavior\ReadHtmlCacheBehavior [ RunTime:0.000446s ]
INFO: [ app_begin ] --END-- [ RunTime:0.000499s ]

[ 2018-01-21T16:49:20+08:00 ] 139.205.205.229 /index.php/WXAPI/User/validateOpenid?openid=oRK8W0RVSWj1pH2YK2JggZcDfC2w
INFO: [ app_init ] --START--
INFO: Run Behavior\BuildLiteBehavior [ RunTime:0.000015s ]
INFO: [ app_init ] --END-- [ RunTime:0.000306s ]
INFO: [ app_begin ] --START--
INFO: Run Behavior\ReadHtmlCacheBehavior [ RunTime:0.000407s ]
INFO: [ app_begin ] --END-- [ RunTime:0.000461s ]
INFO: [ app_end ] --START--
INFO: Run Behavior\ShowPageTraceBehavior [ RunTime:0.000597s ]
INFO: [ app_end ] --END-- [ RunTime:0.000677s ]

[ 2018-01-21T16:49:21+08:00 ] 139.205.205.229 /index.php/WXAPI/User/register?open_id=oRK8W0RVSWj1pH2YK2JggZcDfC2w&country=China&gender=1&nick_name=%E9%98%BF%E4%B8%9C&province=Sichuan&city=Mianyang&head_pic=https://wx.qlogo.cn/mmopen/vi_32/DYAIOgq83eqe08cOQfFWLldAjF9gXJGZflSKVpTPFfx5iameyAb8AHInXRAUFSeCEM72XLAPGeWvHShBqGhjs5g/0
INFO: [ app_init ] --START--
INFO: Run Behavior\BuildLiteBehavior [ RunTime:0.000026s ]
INFO: [ app_init ] --END-- [ RunTime:0.000477s ]
INFO: [ app_begin ] --START--
INFO: Run Behavior\ReadHtmlCacheBehavior [ RunTime:0.000622s ]
INFO: [ app_begin ] --END-- [ RunTime:0.000710s ]
NOTIC: [8] Undefined variable: v C:\wwwroot\shop_31u1a2\web\Application\WXAPI\Controller\UserController.class.php 第 737 行.
INFO: [ app_end ] --START--
INFO: Run Behavior\ShowPageTraceBehavior [ RunTime:0.000542s ]
INFO: [ app_end ] --END-- [ RunTime:0.000607s ]

[ 2018-01-21T16:50:30+08:00 ] 139.205.205.229 /index.php/WXAPI/Index/home
INFO: [ app_init ] --START--
INFO: Run Behavior\BuildLiteBehavior [ RunTime:0.000014s ]
INFO: [ app_init ] --END-- [ RunTime:0.000309s ]
INFO: [ app_begin ] --START--
INFO: Run Behavior\ReadHtmlCacheBehavior [ RunTime:0.000447s ]
INFO: [ app_begin ] --END-- [ RunTime:0.000505s ]

[ 2018-01-21T16:50:31+08:00 ] 139.205.205.229 /index.php/WXAPI/User/sendappid?appid=wx35493113e073d54d&secret=b980ff4316721dc4a0a6ff27b7b3d4de&js_code=0211wUcm0BFvVl13e29m0QNRcm01wUc6&grant_type=authorization_code&code=0211wUcm0BFvVl13e29m0QNRcm01wUc6
INFO: [ app_init ] --START--
INFO: Run Behavior\BuildLiteBehavior [ RunTime:0.000021s ]
INFO: [ app_init ] --END-- [ RunTime:0.000482s ]
INFO: [ app_begin ] --START--
INFO: Run Behavior\ReadHtmlCacheBehavior [ RunTime:0.000617s ]
INFO: [ app_begin ] --END-- [ RunTime:0.000697s ]

[ 2018-01-21T16:50:31+08:00 ] 139.205.205.229 /index.php/WXAPI/User/validateOpenid?openid=oRK8W0RVSWj1pH2YK2JggZcDfC2w
INFO: [ app_init ] --START--
INFO: Run Behavior\BuildLiteBehavior [ RunTime:0.000013s ]
INFO: [ app_init ] --END-- [ RunTime:0.000293s ]
INFO: [ app_begin ] --START--
INFO: Run Behavior\ReadHtmlCacheBehavior [ RunTime:0.000400s ]
INFO: [ app_begin ] --END-- [ RunTime:0.000451s ]
INFO: [ app_end ] --START--
INFO: Run Behavior\ShowPageTraceBehavior [ RunTime:0.000577s ]
INFO: [ app_end ] --END-- [ RunTime:0.000645s ]

[ 2018-01-21T16:50:50+08:00 ] 139.205.205.229 /index.php/WXAPI/Index/home
INFO: [ app_init ] --START--
INFO: Run Behavior\BuildLiteBehavior [ RunTime:0.000014s ]
INFO: [ app_init ] --END-- [ RunTime:0.000285s ]
INFO: [ app_begin ] --START--
INFO: Run Behavior\ReadHtmlCacheBehavior [ RunTime:0.000374s ]
INFO: [ app_begin ] --END-- [ RunTime:0.000431s ]

[ 2018-01-21T16:50:51+08:00 ] 139.205.205.229 /index.php/WXAPI/User/sendappid?appid=wx35493113e073d54d&secret=b980ff4316721dc4a0a6ff27b7b3d4de&js_code=021xdMDQ1JQu591MlBCQ1PCPDQ1xdMDK&grant_type=authorization_code&code=021xdMDQ1JQu591MlBCQ1PCPDQ1xdMDK
INFO: [ app_init ] --START--
INFO: Run Behavior\BuildLiteBehavior [ RunTime:0.000013s ]
INFO: [ app_init ] --END-- [ RunTime:0.000318s ]
INFO: [ app_begin ] --START--
INFO: Run Behavior\ReadHtmlCacheBehavior [ RunTime:0.000414s ]
INFO: [ app_begin ] --END-- [ RunTime:0.000468s ]

[ 2018-01-21T16:50:51+08:00 ] 139.205.205.229 /index.php/WXAPI/User/validateOpenid?openid=oRK8W0RVSWj1pH2YK2JggZcDfC2w
INFO: [ app_init ] --START--
INFO: Run Behavior\BuildLiteBehavior [ RunTime:0.000014s ]
INFO: [ app_init ] --END-- [ RunTime:0.000329s ]
INFO: [ app_begin ] --START--
INFO: Run Behavior\ReadHtmlCacheBehavior [ RunTime:0.000388s ]
INFO: [ app_begin ] --END-- [ RunTime:0.000440s ]
INFO: [ app_end ] --START--
INFO: Run Behavior\ShowPageTraceBehavior [ RunTime:0.000559s ]
INFO: [ app_end ] --END-- [ RunTime:0.000644s ]

[ 2018-01-21T16:51:14+08:00 ] 139.205.205.229 /index.php/WXAPI/Index/home
INFO: [ app_init ] --START--
INFO: Run Behavior\BuildLiteBehavior [ RunTime:0.000014s ]
INFO: [ app_init ] --END-- [ RunTime:0.000298s ]
INFO: [ app_begin ] --START--
INFO: Run Behavior\ReadHtmlCacheBehavior [ RunTime:0.000392s ]
INFO: [ app_begin ] --END-- [ RunTime:0.000442s ]

[ 2018-01-21T16:51:14+08:00 ] 139.205.205.229 /index.php/WXAPI/User/sendappid?appid=wx35493113e073d54d&secret=b980ff4316721dc4a0a6ff27b7b3d4de&js_code=011gjXM00wwx8F1rFrP00wmjN00gjXMk&grant_type=authorization_code&code=011gjXM00wwx8F1rFrP00wmjN00gjXMk
INFO: [ app_init ] --START--
INFO: Run Behavior\BuildLiteBehavior [ RunTime:0.000015s ]
INFO: [ app_init ] --END-- [ RunTime:0.000324s ]
INFO: [ app_begin ] --START--
INFO: Run Behavior\ReadHtmlCacheBehavior [ RunTime:0.000411s ]
INFO: [ app_begin ] --END-- [ RunTime:0.000462s ]

[ 2018-01-21T16:51:14+08:00 ] 139.205.205.229 /index.php/WXAPI/User/validateOpenid?openid=oRK8W0RVSWj1pH2YK2JggZcDfC2w
INFO: [ app_init ] --START--
INFO: Run Behavior\BuildLiteBehavior [ RunTime:0.000013s ]
INFO: [ app_init ] --END-- [ RunTime:0.000312s ]
INFO: [ app_begin ] --START--
INFO: Run Behavior\ReadHtmlCacheBehavior [ RunTime:0.000408s ]
INFO: [ app_begin ] --END-- [ RunTime:0.000460s ]
INFO: [ app_end ] --START--
INFO: Run Behavior\ShowPageTraceBehavior [ RunTime:0.000534s ]
INFO: [ app_end ] --END-- [ RunTime:0.000600s ]

[ 2018-01-21T16:52:56+08:00 ] 139.205.205.229 /index.php/WXAPI/Index/home
INFO: [ app_init ] --START--
INFO: Run Behavior\BuildLiteBehavior [ RunTime:0.000015s ]
INFO: [ app_init ] --END-- [ RunTime:0.000346s ]
INFO: [ app_begin ] --START--
INFO: Run Behavior\ReadHtmlCacheBehavior [ RunTime:0.000415s ]
INFO: [ app_begin ] --END-- [ RunTime:0.000474s ]

[ 2018-01-21T16:52:56+08:00 ] 139.205.205.229 /index.php/WXAPI/User/sendappid?appid=wx35493113e073d54d&secret=b980ff4316721dc4a0a6ff27b7b3d4de&js_code=0214mL3B0sa9nf2PqC6B0jI54B04mL3t&grant_type=authorization_code&code=0214mL3B0sa9nf2PqC6B0jI54B04mL3t
INFO: [ app_init ] --START--
INFO: Run Behavior\BuildLiteBehavior [ RunTime:0.000015s ]
INFO: [ app_init ] --END-- [ RunTime:0.000370s ]
INFO: [ app_begin ] --START--
INFO: Run Behavior\ReadHtmlCacheBehavior [ RunTime:0.000431s ]
INFO: [ app_begin ] --END-- [ RunTime:0.000495s ]

[ 2018-01-21T16:52:57+08:00 ] 139.205.205.229 /index.php/WXAPI/User/validateOpenid?openid=oRK8W0RVSWj1pH2YK2JggZcDfC2w
INFO: [ app_init ] --START--
INFO: Run Behavior\BuildLiteBehavior [ RunTime:0.000015s ]
INFO: [ app_init ] --END-- [ RunTime:0.000300s ]
INFO: [ app_begin ] --START--
INFO: Run Behavior\ReadHtmlCacheBehavior [ RunTime:0.000399s ]
INFO: [ app_begin ] --END-- [ RunTime:0.000450s ]
INFO: [ app_end ] --START--
INFO: Run Behavior\ShowPageTraceBehavior [ RunTime:0.000563s ]
INFO: [ app_end ] --END-- [ RunTime:0.000631s ]

[ 2018-01-21T16:54:43+08:00 ] 139.205.205.229 /index.php/WXAPI/Index/home
INFO: [ app_init ] --START--
INFO: Run Behavior\BuildLiteBehavior [ RunTime:0.000014s ]
INFO: [ app_init ] --END-- [ RunTime:0.000325s ]
INFO: [ app_begin ] --START--
INFO: Run Behavior\ReadHtmlCacheBehavior [ RunTime:0.000416s ]
INFO: [ app_begin ] --END-- [ RunTime:0.000469s ]

[ 2018-01-21T16:54:43+08:00 ] 139.205.205.229 /index.php/WXAPI/User/sendappid?appid=wx35493113e073d54d&secret=b980ff4316721dc4a0a6ff27b7b3d4de&js_code=011TZKSI1sXYQ40icSUI19EDSI1TZKSZ&grant_type=authorization_code&code=011TZKSI1sXYQ40icSUI19EDSI1TZKSZ
INFO: [ app_init ] --START--
INFO: Run Behavior\BuildLiteBehavior [ RunTime:0.000014s ]
INFO: [ app_init ] --END-- [ RunTime:0.000329s ]
INFO: [ app_begin ] --START--
INFO: Run Behavior\ReadHtmlCacheBehavior [ RunTime:0.000540s ]
INFO: [ app_begin ] --END-- [ RunTime:0.000595s ]

[ 2018-01-21T16:54:43+08:00 ] 139.205.205.229 /index.php/WXAPI/User/validateOpenid?openid=oRK8W0RVSWj1pH2YK2JggZcDfC2w
INFO: [ app_init ] --START--
INFO: Run Behavior\BuildLiteBehavior [ RunTime:0.000013s ]
INFO: [ app_init ] --END-- [ RunTime:0.000302s ]
INFO: [ app_begin ] --START--
INFO: Run Behavior\ReadHtmlCacheBehavior [ RunTime:0.000381s ]
INFO: [ app_begin ] --END-- [ RunTime:0.000433s ]
INFO: [ app_end ] --START--
INFO: Run Behavior\ShowPageTraceBehavior [ RunTime:0.000513s ]
INFO: [ app_end ] --END-- [ RunTime:0.000577s ]

[ 2018-01-21T16:58:53+08:00 ] 223.74.183.51 /index.php/WXAPI/Index/home
INFO: [ app_init ] --START--
INFO: Run Behavior\BuildLiteBehavior [ RunTime:0.000014s ]
INFO: [ app_init ] --END-- [ RunTime:0.000338s ]
INFO: [ app_begin ] --START--
INFO: Run Behavior\ReadHtmlCacheBehavior [ RunTime:0.000431s ]
INFO: [ app_begin ] --END-- [ RunTime:0.000490s ]

[ 2018-01-21T16:58:54+08:00 ] 223.74.183.51 /index.php/WXAPI/User/sendappid?appid=wx35493113e073d54d&secret=b980ff4316721dc4a0a6ff27b7b3d4de&js_code=013Jv0Nl0iGjgl1yhzPl033KMl0Jv0NA&grant_type=authorization_code&code=013Jv0Nl0iGjgl1yhzPl033KMl0Jv0NA
INFO: [ app_init ] --START--
INFO: Run Behavior\BuildLiteBehavior [ RunTime:0.000021s ]
INFO: [ app_init ] --END-- [ RunTime:0.000375s ]
INFO: [ app_begin ] --START--
INFO: Run Behavior\ReadHtmlCacheBehavior [ RunTime:0.000474s ]
INFO: [ app_begin ] --END-- [ RunTime:0.000530s ]

[ 2018-01-21T16:58:54+08:00 ] 223.74.183.51 /index.php/WXAPI/User/validateOpenid?openid=oRK8W0aSJSFeRYXPOC-3taN-O_c0
INFO: [ app_init ] --START--
INFO: Run Behavior\BuildLiteBehavior [ RunTime:0.000015s ]
INFO: [ app_init ] --END-- [ RunTime:0.000306s ]
INFO: [ app_begin ] --START--
INFO: Run Behavior\ReadHtmlCacheBehavior [ RunTime:0.000434s ]
INFO: [ app_begin ] --END-- [ RunTime:0.000498s ]
INFO: [ app_end ] --START--
INFO: Run Behavior\ShowPageTraceBehavior [ RunTime:0.000575s ]
INFO: [ app_end ] --END-- [ RunTime:0.000644s ]

[ 2018-01-21T16:58:55+08:00 ] 223.74.183.51 /index.php/WXAPI/User/register?open_id=oRK8W0aSJSFeRYXPOC-3taN-O_c0&country=China&gender=1&nick_name=FON&province=Guangdong&city=Shenzhen&head_pic=https://wx.qlogo.cn/mmopen/vi_32/Ir8CaJMYTUK0pibz4lLCWPvibDzyUG8Om4VdRgqsNyrePL3n7zulzEHRbJltlBddz9y81S1aEfzqdlF4UUr4niaFA/0
INFO: [ app_init ] --START--
INFO: Run Behavior\BuildLiteBehavior [ RunTime:0.000015s ]
INFO: [ app_init ] --END-- [ RunTime:0.000309s ]
INFO: [ app_begin ] --START--
INFO: Run Behavior\ReadHtmlCacheBehavior [ RunTime:0.000401s ]
INFO: [ app_begin ] --END-- [ RunTime:0.000456s ]
NOTIC: [8] Undefined variable: v C:\wwwroot\shop_31u1a2\web\Application\WXAPI\Controller\UserController.class.php 第 737 行.
INFO: [ app_end ] --START--
INFO: Run Behavior\ShowPageTraceBehavior [ RunTime:0.000533s ]
INFO: [ app_end ] --END-- [ RunTime:0.000599s ]

[ 2018-01-21T16:59:23+08:00 ] 223.74.183.51 /index.php/WXAPI/Cart/cartList/session_id/oRK8W0aSJSFeRYXPOC-3taN-O_c0?user_id=91
INFO: [ app_init ] --START--
INFO: Run Behavior\BuildLiteBehavior [ RunTime:0.000023s ]
INFO: [ app_init ] --END-- [ RunTime:0.000440s ]
INFO: [ app_begin ] --START--
INFO: Run Behavior\ReadHtmlCacheBehavior [ RunTime:0.000381s ]
INFO: [ app_begin ] --END-- [ RunTime:0.000430s ]
NOTIC: [2048] Declaration of WXAPI\Controller\CartController::getSign() should be compatible with WXAPI\Controller\BaseController::getSign() C:\wwwroot\shop_31u1a2\web\Application\WXAPI\Controller\CartController.class.php 第 19 行.

[ 2018-01-21T16:59:25+08:00 ] 223.74.183.51 /index.php/WXAPI/Goods/goodsCategoryList
INFO: [ app_init ] --START--
INFO: Run Behavior\BuildLiteBehavior [ RunTime:0.000020s ]
INFO: [ app_init ] --END-- [ RunTime:0.000332s ]
INFO: [ app_begin ] --START--
INFO: Run Behavior\ReadHtmlCacheBehavior [ RunTime:0.000424s ]
INFO: [ app_begin ] --END-- [ RunTime:0.000479s ]

[ 2018-01-21T17:00:02+08:00 ] 121.35.101.124 /index.php/WXAPI/Index/home
INFO: [ app_init ] --START--
INFO: Run Behavior\BuildLiteBehavior [ RunTime:0.000013s ]
INFO: [ app_init ] --END-- [ RunTime:0.000303s ]
INFO: [ app_begin ] --START--
INFO: Run Behavior\ReadHtmlCacheBehavior [ RunTime:0.000408s ]
INFO: [ app_begin ] --END-- [ RunTime:0.000460s ]

[ 2018-01-21T17:00:03+08:00 ] 121.35.101.124 /index.php/WXAPI/User/sendappid?appid=wx35493113e073d54d&secret=b980ff4316721dc4a0a6ff27b7b3d4de&js_code=001y2m5I0G3wzh2JWX7I07hr5I0y2m5A&grant_type=authorization_code&code=001y2m5I0G3wzh2JWX7I07hr5I0y2m5A
INFO: [ app_init ] --START--
INFO: Run Behavior\BuildLiteBehavior [ RunTime:0.000014s ]
INFO: [ app_init ] --END-- [ RunTime:0.000366s ]
INFO: [ app_begin ] --START--
INFO: Run Behavior\ReadHtmlCacheBehavior [ RunTime:0.000492s ]
INFO: [ app_begin ] --END-- [ RunTime:0.000548s ]

[ 2018-01-21T17:00:03+08:00 ] 121.35.101.124 /index.php/WXAPI/User/validateOpenid?openid=oRK8W0SZ1c1A7LZZocL9yHMeoGEg
INFO: [ app_init ] --START--
INFO: Run Behavior\BuildLiteBehavior [ RunTime:0.000013s ]
INFO: [ app_init ] --END-- [ RunTime:0.000308s ]
INFO: [ app_begin ] --START--
INFO: Run Behavior\ReadHtmlCacheBehavior [ RunTime:0.000416s ]
INFO: [ app_begin ] --END-- [ RunTime:0.000470s ]
INFO: [ app_end ] --START--
INFO: Run Behavior\ShowPageTraceBehavior [ RunTime:0.000470s ]
INFO: [ app_end ] --END-- [ RunTime:0.000534s ]

[ 2018-01-21T17:00:13+08:00 ] 121.35.101.124 /index.php/WXAPI/User/register?open_id=oRK8W0SZ1c1A7LZZocL9yHMeoGEg&country=&gender=0&nick_name=rdgztest_GLMQGB&province=&city=&head_pic=
INFO: [ app_init ] --START--
INFO: Run Behavior\BuildLiteBehavior [ RunTime:0.000013s ]
INFO: [ app_init ] --END-- [ RunTime:0.000291s ]
INFO: [ app_begin ] --START--
INFO: Run Behavior\ReadHtmlCacheBehavior [ RunTime:0.000419s ]
INFO: [ app_begin ] --END-- [ RunTime:0.000470s ]
NOTIC: [8] Undefined variable: v C:\wwwroot\shop_31u1a2\web\Application\WXAPI\Controller\UserController.class.php 第 737 行.
INFO: [ app_end ] --START--
INFO: Run Behavior\ShowPageTraceBehavior [ RunTime:0.000447s ]
INFO: [ app_end ] --END-- [ RunTime:0.000505s ]

[ 2018-01-21T17:00:26+08:00 ] 121.35.101.124 /index.php/WXAPI/Goods/goodsInfo/id/39
INFO: [ app_init ] --START--
INFO: Run Behavior\BuildLiteBehavior [ RunTime:0.000014s ]
INFO: [ app_init ] --END-- [ RunTime:0.000291s ]
INFO: [ app_begin ] --START--
INFO: Run Behavior\ReadHtmlCacheBehavior [ RunTime:0.000438s ]
INFO: [ app_begin ] --END-- [ RunTime:0.000489s ]
NOTIC: [8] Undefined index: goods_content C:\wwwroot\shop_31u1a2\web\Application\WXAPI\Controller\GoodsController.class.php 第 373 行.
NOTIC: [8] Undefined index: goods_content C:\wwwroot\shop_31u1a2\web\Application\WXAPI\Controller\GoodsController.class.php 第 402 行.
NOTIC: [8] Undefined index: original_img C:\wwwroot\shop_31u1a2\web\Application\WXAPI\Controller\GoodsController.class.php 第 404 行.
NOTIC: [8] Undefined index: goods_spec_list C:\wwwroot\shop_31u1a2\web\Application\WXAPI\Controller\GoodsController.class.php 第 406 行.
NOTIC: [2] Invalid argument supplied for foreach() C:\wwwroot\shop_31u1a2\web\Application\WXAPI\Controller\GoodsController.class.php 第 410 行.
NOTIC: [2] Invalid argument supplied for foreach() C:\wwwroot\shop_31u1a2\web\Application\WXAPI\Controller\GoodsController.class.php 第 418 行.
NOTIC: [8] Undefined variable: spec_arrays C:\wwwroot\shop_31u1a2\web\Application\WXAPI\Controller\GoodsController.class.php 第 425 行.
NOTIC: [2] Invalid argument supplied for foreach() C:\wwwroot\shop_31u1a2\web\Application\WXAPI\Controller\GoodsController.class.php 第 425 行.
NOTIC: [8] Undefined variable: spec_arrays C:\wwwroot\shop_31u1a2\web\Application\WXAPI\Controller\GoodsController.class.php 第 431 行.

[ 2018-01-21T17:00:34+08:00 ] 139.205.205.229 /index.php/WXAPI/Index/home
INFO: [ app_init ] --START--
INFO: Run Behavior\BuildLiteBehavior [ RunTime:0.000013s ]
INFO: [ app_init ] --END-- [ RunTime:0.000301s ]
INFO: [ app_begin ] --START--
INFO: Run Behavior\ReadHtmlCacheBehavior [ RunTime:0.000416s ]
INFO: [ app_begin ] --END-- [ RunTime:0.000465s ]

[ 2018-01-21T17:00:34+08:00 ] 139.205.205.229 /index.php/WXAPI/User/sendappid?appid=wx35493113e073d54d&secret=b980ff4316721dc4a0a6ff27b7b3d4de&js_code=061aOIYj04Ycho1CIwZj0IDzYj0aOIYN&grant_type=authorization_code&code=061aOIYj04Ycho1CIwZj0IDzYj0aOIYN
INFO: [ app_init ] --START--
INFO: Run Behavior\BuildLiteBehavior [ RunTime:0.000014s ]
INFO: [ app_init ] --END-- [ RunTime:0.000320s ]
INFO: [ app_begin ] --START--
INFO: Run Behavior\ReadHtmlCacheBehavior [ RunTime:0.000420s ]
INFO: [ app_begin ] --END-- [ RunTime:0.000470s ]

[ 2018-01-21T17:00:34+08:00 ] 139.205.205.229 /index.php/WXAPI/User/validateOpenid?openid=oRK8W0RVSWj1pH2YK2JggZcDfC2w
INFO: [ app_init ] --START--
INFO: Run Behavior\BuildLiteBehavior [ RunTime:0.000013s ]
INFO: [ app_init ] --END-- [ RunTime:0.000299s ]
INFO: [ app_begin ] --START--
INFO: Run Behavior\ReadHtmlCacheBehavior [ RunTime:0.000432s ]
INFO: [ app_begin ] --END-- [ RunTime:0.000482s ]
INFO: [ app_end ] --START--
INFO: Run Behavior\ShowPageTraceBehavior [ RunTime:0.000507s ]
INFO: [ app_end ] --END-- [ RunTime:0.000565s ]

[ 2018-01-21T17:00:44+08:00 ] 121.35.101.124 /index.php/WXAPI/Cart/addCart?goods_id=undefined&goods_spec=&session_id=oRK8W0SZ1c1A7LZZocL9yHMeoGEg&goods_num=1&user_id=92
INFO: [ app_init ] --START--
INFO: Run Behavior\BuildLiteBehavior [ RunTime:0.000014s ]
INFO: [ app_init ] --END-- [ RunTime:0.000298s ]
INFO: [ app_begin ] --START--
INFO: Run Behavior\ReadHtmlCacheBehavior [ RunTime:0.000379s ]
INFO: [ app_begin ] --END-- [ RunTime:0.000430s ]
NOTIC: [2048] Declaration of WXAPI\Controller\CartController::getSign() should be compatible with WXAPI\Controller\BaseController::getSign() C:\wwwroot\shop_31u1a2\web\Application\WXAPI\Controller\CartController.class.php 第 19 行.
ERR: SQLSTATE[42S22]: Column not found: 1054 Unknown column 'undefined' in 'where clause'

[ 2018-01-21T17:00:54+08:00 ] 121.35.101.124 /index.php/WXAPI/Goods/collectGoods/user_id/92/goods_id/undefined/type/0
INFO: [ app_init ] --START--
INFO: Run Behavior\BuildLiteBehavior [ RunTime:0.000013s ]
INFO: [ app_init ] --END-- [ RunTime:0.000287s ]
INFO: [ app_begin ] --START--
INFO: Run Behavior\ReadHtmlCacheBehavior [ RunTime:0.000377s ]
INFO: [ app_begin ] --END-- [ RunTime:0.000427s ]
ERR: SQLSTATE[42S22]: Column not found: 1054 Unknown column 'undefined' in 'where clause'

[ 2018-01-21T17:00:57+08:00 ] 121.35.101.124 /index.php/WXAPI/Cart/addCart?goods_id=undefined&goods_spec=&session_id=oRK8W0SZ1c1A7LZZocL9yHMeoGEg&goods_num=1&user_id=92
INFO: [ app_init ] --START--
INFO: Run Behavior\BuildLiteBehavior [ RunTime:0.000013s ]
INFO: [ app_init ] --END-- [ RunTime:0.000286s ]
INFO: [ app_begin ] --START--
INFO: Run Behavior\ReadHtmlCacheBehavior [ RunTime:0.000376s ]
INFO: [ app_begin ] --END-- [ RunTime:0.000427s ]
NOTIC: [2048] Declaration of WXAPI\Controller\CartController::getSign() should be compatible with WXAPI\Controller\BaseController::getSign() C:\wwwroot\shop_31u1a2\web\Application\WXAPI\Controller\CartController.class.php 第 19 行.
ERR: SQLSTATE[42S22]: Column not found: 1054 Unknown column 'undefined' in 'where clause'

[ 2018-01-21T17:01:05+08:00 ] 223.74.183.51 /index.php/WXAPI/Goods/goodsInfo/id/
INFO: [ app_init ] --START--
INFO: Run Behavior\BuildLiteBehavior [ RunTime:0.000014s ]
INFO: [ app_init ] --END-- [ RunTime:0.000292s ]
INFO: [ app_begin ] --START--
INFO: Run Behavior\ReadHtmlCacheBehavior [ RunTime:0.000395s ]
INFO: [ app_begin ] --END-- [ RunTime:0.000444s ]
NOTIC: [8] Undefined index: id C:\wwwroot\shop_31u1a2\web\Application\WXAPI\Controller\GoodsController.class.php 第 358 行.
ERR: SQLSTATE[42000]: Syntax error or access violation: 1064 You have an error in your SQL syntax; check the manual that corresponds to your MySQL server version for the right syntax to use near ')' at line 1

[ 2018-01-21T17:01:22+08:00 ] 223.74.183.51 /index.php/WXAPI/Goods/goodsInfo/id/
INFO: [ app_init ] --START--
INFO: Run Behavior\BuildLiteBehavior [ RunTime:0.000013s ]
INFO: [ app_init ] --END-- [ RunTime:0.000300s ]
INFO: [ app_begin ] --START--
INFO: Run Behavior\ReadHtmlCacheBehavior [ RunTime:0.000384s ]
INFO: [ app_begin ] --END-- [ RunTime:0.000435s ]
NOTIC: [8] Undefined index: id C:\wwwroot\shop_31u1a2\web\Application\WXAPI\Controller\GoodsController.class.php 第 358 行.
ERR: SQLSTATE[42000]: Syntax error or access violation: 1064 You have an error in your SQL syntax; check the manual that corresponds to your MySQL server version for the right syntax to use near ')' at line 1

[ 2018-01-21T17:01:22+08:00 ] 121.35.101.124 /index.php/WXAPI/User/getGoodsCollect/user_id/92/page/0
INFO: [ app_init ] --START--
INFO: Run Behavior\BuildLiteBehavior [ RunTime:0.000013s ]
INFO: [ app_init ] --END-- [ RunTime:0.000291s ]
INFO: [ app_begin ] --START--
INFO: Run Behavior\ReadHtmlCacheBehavior [ RunTime:0.000384s ]
INFO: [ app_begin ] --END-- [ RunTime:0.000453s ]

[ 2018-01-21T17:01:29+08:00 ] 121.35.101.124 /index.php/WXAPI/Cart/cartList/session_id/oRK8W0SZ1c1A7LZZocL9yHMeoGEg?user_id=92
INFO: [ app_init ] --START--
INFO: Run Behavior\BuildLiteBehavior [ RunTime:0.000013s ]
INFO: [ app_init ] --END-- [ RunTime:0.000283s ]
INFO: [ app_begin ] --START--
INFO: Run Behavior\ReadHtmlCacheBehavior [ RunTime:0.000388s ]
INFO: [ app_begin ] --END-- [ RunTime:0.000438s ]
NOTIC: [2048] Declaration of WXAPI\Controller\CartController::getSign() should be compatible with WXAPI\Controller\BaseController::getSign() C:\wwwroot\shop_31u1a2\web\Application\WXAPI\Controller\CartController.class.php 第 19 行.

[ 2018-01-21T17:01:34+08:00 ] 121.35.101.124 /index.php/WXAPI/Goods/goodsCategoryList
INFO: [ app_init ] --START--
INFO: Run Behavior\BuildLiteBehavior [ RunTime:0.000014s ]
INFO: [ app_init ] --END-- [ RunTime:0.000313s ]
INFO: [ app_begin ] --START--
INFO: Run Behavior\ReadHtmlCacheBehavior [ RunTime:0.000393s ]
INFO: [ app_begin ] --END-- [ RunTime:0.000447s ]

[ 2018-01-21T17:01:39+08:00 ] 223.74.183.51 /index.php/WXAPI/Activity/group_list/p/0
INFO: [ app_init ] --START--
INFO: Run Behavior\BuildLiteBehavior [ RunTime:0.000016s ]
INFO: [ app_init ] --END-- [ RunTime:0.000332s ]
INFO: [ app_begin ] --START--
INFO: Run Behavior\ReadHtmlCacheBehavior [ RunTime:0.000402s ]
INFO: [ app_begin ] --END-- [ RunTime:0.000452s ]

[ 2018-01-21T17:01:43+08:00 ] 121.35.101.124 /index.php/WXAPI/User/getGoodsCollect/user_id/92/page/0
INFO: [ app_init ] --START--
INFO: Run Behavior\BuildLiteBehavior [ RunTime:0.000014s ]
INFO: [ app_init ] --END-- [ RunTime:0.000346s ]
INFO: [ app_begin ] --START--
INFO: Run Behavior\ReadHtmlCacheBehavior [ RunTime:0.000415s ]
INFO: [ app_begin ] --END-- [ RunTime:0.000469s ]

[ 2018-01-21T17:01:48+08:00 ] 121.35.101.124 /index.php/WXAPI/User/comments/user_id/92/page/0/status/-1
INFO: [ app_init ] --START--
INFO: Run Behavior\BuildLiteBehavior [ RunTime:0.000015s ]
INFO: [ app_init ] --END-- [ RunTime:0.000344s ]
INFO: [ app_begin ] --START--
INFO: Run Behavior\ReadHtmlCacheBehavior [ RunTime:0.000408s ]
INFO: [ app_begin ] --END-- [ RunTime:0.000459s ]
NOTIC: [8] Use of undefined constant comment_count - assumed 'comment_count' C:\wwwroot\shop_31u1a2\web\Application\WXAPI\Logic\UsersLogic.class.php 第 362 行.
NOTIC: [8] Undefined index: result C:\wwwroot\shop_31u1a2\web\Application\WXAPI\Controller\UserController.class.php 第 452 行.
NOTIC: [2] Invalid argument supplied for foreach() C:\wwwroot\shop_31u1a2\web\Application\WXAPI\Controller\UserController.class.php 第 454 行.

[ 2018-01-21T17:01:56+08:00 ] 121.35.101.124 /index.php/WXAPI/User/comments/user_id/92/page/0/status/0
INFO: [ app_init ] --START--
INFO: Run Behavior\BuildLiteBehavior [ RunTime:0.000013s ]
INFO: [ app_init ] --END-- [ RunTime:0.000293s ]
INFO: [ app_begin ] --START--
INFO: Run Behavior\ReadHtmlCacheBehavior [ RunTime:0.000387s ]
INFO: [ app_begin ] --END-- [ RunTime:0.000437s ]
NOTIC: [8] Use of undefined constant comment_count - assumed 'comment_count' C:\wwwroot\shop_31u1a2\web\Application\WXAPI\Logic\UsersLogic.class.php 第 362 行.
NOTIC: [8] Undefined index: result C:\wwwroot\shop_31u1a2\web\Application\WXAPI\Controller\UserController.class.php 第 452 行.
NOTIC: [2] Invalid argument supplied for foreach() C:\wwwroot\shop_31u1a2\web\Application\WXAPI\Controller\UserController.class.php 第 454 行.

[ 2018-01-21T17:02:03+08:00 ] 121.35.101.124 /index.php/WXAPI/User/comments/user_id/92/page/0/status/1
INFO: [ app_init ] --START--
INFO: Run Behavior\BuildLiteBehavior [ RunTime:0.000030s ]
INFO: [ app_init ] --END-- [ RunTime:0.000448s ]
INFO: [ app_begin ] --START--
INFO: Run Behavior\ReadHtmlCacheBehavior [ RunTime:0.000607s ]
INFO: [ app_begin ] --END-- [ RunTime:0.000672s ]
NOTIC: [8] Undefined index: result C:\wwwroot\shop_31u1a2\web\Application\WXAPI\Controller\UserController.class.php 第 452 行.
NOTIC: [2] Invalid argument supplied for foreach() C:\wwwroot\shop_31u1a2\web\Application\WXAPI\Controller\UserController.class.php 第 454 行.

[ 2018-01-21T17:02:06+08:00 ] 223.74.183.51 /index.php/WXAPI/Cart/cartList/session_id/oRK8W0aSJSFeRYXPOC-3taN-O_c0?user_id=91
INFO: [ app_init ] --START--
INFO: Run Behavior\BuildLiteBehavior [ RunTime:0.000014s ]
INFO: [ app_init ] --END-- [ RunTime:0.000303s ]
INFO: [ app_begin ] --START--
INFO: Run Behavior\ReadHtmlCacheBehavior [ RunTime:0.000388s ]
INFO: [ app_begin ] --END-- [ RunTime:0.000438s ]
NOTIC: [2048] Declaration of WXAPI\Controller\CartController::getSign() should be compatible with WXAPI\Controller\BaseController::getSign() C:\wwwroot\shop_31u1a2\web\Application\WXAPI\Controller\CartController.class.php 第 19 行.

[ 2018-01-21T17:02:10+08:00 ] 121.35.101.124 /index.php/WXAPI/User/comments/user_id/92/page/0/status/-1
INFO: [ app_init ] --START--
INFO: Run Behavior\BuildLiteBehavior [ RunTime:0.000014s ]
INFO: [ app_init ] --END-- [ RunTime:0.000307s ]
INFO: [ app_begin ] --START--
INFO: Run Behavior\ReadHtmlCacheBehavior [ RunTime:0.000401s ]
INFO: [ app_begin ] --END-- [ RunTime:0.000455s ]
NOTIC: [8] Use of undefined constant comment_count - assumed 'comment_count' C:\wwwroot\shop_31u1a2\web\Application\WXAPI\Logic\UsersLogic.class.php 第 362 行.
NOTIC: [8] Undefined index: result C:\wwwroot\shop_31u1a2\web\Application\WXAPI\Controller\UserController.class.php 第 452 行.
NOTIC: [2] Invalid argument supplied for foreach() C:\wwwroot\shop_31u1a2\web\Application\WXAPI\Controller\UserController.class.php 第 454 行.

[ 2018-01-21T17:02:15+08:00 ] 121.35.101.124 /index.php/WXAPI/User/getCouponList/user_id/92/page/0/type/0
INFO: [ app_init ] --START--
INFO: Run Behavior\BuildLiteBehavior [ RunTime:0.000014s ]
INFO: [ app_init ] --END-- [ RunTime:0.000295s ]
INFO: [ app_begin ] --START--
INFO: Run Behavior\ReadHtmlCacheBehavior [ RunTime:0.000397s ]
INFO: [ app_begin ] --END-- [ RunTime:0.000447s ]

[ 2018-01-21T17:02:19+08:00 ] 121.35.101.124 /index.php/WXAPI/User/getCouponList/user_id/92/page/0/type/0
INFO: [ app_init ] --START--
INFO: Run Behavior\BuildLiteBehavior [ RunTime:0.000015s ]
INFO: [ app_init ] --END-- [ RunTime:0.000305s ]
INFO: [ app_begin ] --START--
INFO: Run Behavior\ReadHtmlCacheBehavior [ RunTime:0.000405s ]
INFO: [ app_begin ] --END-- [ RunTime:0.000457s ]

[ 2018-01-21T17:02:22+08:00 ] 121.35.101.124 /index.php/WXAPI/User/getCouponList/user_id/92/page/0/type/1
INFO: [ app_init ] --START--
INFO: Run Behavior\BuildLiteBehavior [ RunTime:0.000022s ]
INFO: [ app_init ] --END-- [ RunTime:0.000331s ]
INFO: [ app_begin ] --START--
INFO: Run Behavior\ReadHtmlCacheBehavior [ RunTime:0.000411s ]
INFO: [ app_begin ] --END-- [ RunTime:0.000466s ]

[ 2018-01-21T17:02:24+08:00 ] 121.35.101.124 /index.php/WXAPI/User/getCouponList/user_id/92/page/0/type/2
INFO: [ app_init ] --START--
INFO: Run Behavior\BuildLiteBehavior [ RunTime:0.000014s ]
INFO: [ app_init ] --END-- [ RunTime:0.000311s ]
INFO: [ app_begin ] --START--
INFO: Run Behavior\ReadHtmlCacheBehavior [ RunTime:0.000394s ]
INFO: [ app_begin ] --END-- [ RunTime:0.000444s ]

[ 2018-01-21T17:02:30+08:00 ] 121.35.101.124 /index.php/WXAPI/User/getOrderList/user_id/92/type/NO/page/0
INFO: [ app_init ] --START--
INFO: Run Behavior\BuildLiteBehavior [ RunTime:0.000014s ]
INFO: [ app_init ] --END-- [ RunTime:0.000292s ]
INFO: [ app_begin ] --START--
INFO: Run Behavior\ReadHtmlCacheBehavior [ RunTime:0.000389s ]
INFO: [ app_begin ] --END-- [ RunTime:0.000443s ]

[ 2018-01-21T17:02:30+08:00 ] 223.74.183.51 /index.php/WXAPI/Index/home
INFO: [ app_init ] --START--
INFO: Run Behavior\BuildLiteBehavior [ RunTime:0.000014s ]
INFO: [ app_init ] --END-- [ RunTime:0.000308s ]
INFO: [ app_begin ] --START--
INFO: Run Behavior\ReadHtmlCacheBehavior [ RunTime:0.000411s ]
INFO: [ app_begin ] --END-- [ RunTime:0.000472s ]

[ 2018-01-21T17:02:31+08:00 ] 223.74.183.51 /index.php/WXAPI/User/sendappid?appid=wx35493113e073d54d&secret=b980ff4316721dc4a0a6ff27b7b3d4de&js_code=013Ikq6w0CC2Dh1VVV7w0Qcu6w0Ikq6R&grant_type=authorization_code&code=013Ikq6w0CC2Dh1VVV7w0Qcu6w0Ikq6R
INFO: [ app_init ] --START--
INFO: Run Behavior\BuildLiteBehavior [ RunTime:0.000016s ]
INFO: [ app_init ] --END-- [ RunTime:0.000375s ]
INFO: [ app_begin ] --START--
INFO: Run Behavior\ReadHtmlCacheBehavior [ RunTime:0.000499s ]
INFO: [ app_begin ] --END-- [ RunTime:0.000557s ]

[ 2018-01-21T17:02:31+08:00 ] 223.74.183.51 /index.php/WXAPI/User/validateOpenid?openid=oRK8W0aSJSFeRYXPOC-3taN-O_c0
INFO: [ app_init ] --START--
INFO: Run Behavior\BuildLiteBehavior [ RunTime:0.000020s ]
INFO: [ app_init ] --END-- [ RunTime:0.000398s ]
INFO: [ app_begin ] --START--
INFO: Run Behavior\ReadHtmlCacheBehavior [ RunTime:0.000581s ]
INFO: [ app_begin ] --END-- [ RunTime:0.000634s ]
INFO: [ app_end ] --START--
INFO: Run Behavior\ShowPageTraceBehavior [ RunTime:0.000660s ]
INFO: [ app_end ] --END-- [ RunTime:0.000731s ]

[ 2018-01-21T17:02:34+08:00 ] 121.35.101.124 /index.php/WXAPI/User/getOrderList/user_id/92/type/NO/page/0
INFO: [ app_init ] --START--
INFO: Run Behavior\BuildLiteBehavior [ RunTime:0.000015s ]
INFO: [ app_init ] --END-- [ RunTime:0.000297s ]
INFO: [ app_begin ] --START--
INFO: Run Behavior\ReadHtmlCacheBehavior [ RunTime:0.000404s ]
INFO: [ app_begin ] --END-- [ RunTime:0.000457s ]

[ 2018-01-21T17:02:37+08:00 ] 121.35.101.124 /index.php/WXAPI/User/getOrderList/user_id/92/type/FINISH/page/0
INFO: [ app_init ] --START--
INFO: Run Behavior\BuildLiteBehavior [ RunTime:0.000013s ]
INFO: [ app_init ] --END-- [ RunTime:0.000304s ]
INFO: [ app_begin ] --START--
INFO: Run Behavior\ReadHtmlCacheBehavior [ RunTime:0.000384s ]
INFO: [ app_begin ] --END-- [ RunTime:0.000434s ]

[ 2018-01-21T17:02:40+08:00 ] 121.35.101.124 /index.php/WXAPI/User/getOrderList/user_id/92/type/WAITPAY/page/0
INFO: [ app_init ] --START--
INFO: Run Behavior\BuildLiteBehavior [ RunTime:0.000020s ]
INFO: [ app_init ] --END-- [ RunTime:0.000445s ]
INFO: [ app_begin ] --START--
INFO: Run Behavior\ReadHtmlCacheBehavior [ RunTime:0.000575s ]
INFO: [ app_begin ] --END-- [ RunTime:0.000655s ]

[ 2018-01-21T17:02:42+08:00 ] 121.35.101.124 /index.php/WXAPI/User/getOrderList/user_id/92/type/WAITRECEIVE/page/0
INFO: [ app_init ] --START--
INFO: Run Behavior\BuildLiteBehavior [ RunTime:0.000014s ]
INFO: [ app_init ] --END-- [ RunTime:0.000293s ]
INFO: [ app_begin ] --START--
INFO: Run Behavior\ReadHtmlCacheBehavior [ RunTime:0.000396s ]
INFO: [ app_begin ] --END-- [ RunTime:0.000447s ]

[ 2018-01-21T17:02:51+08:00 ] 121.35.101.124 /index.php/WXAPI/User/points/type/points/user_id/92/page/0
INFO: [ app_init ] --START--
INFO: Run Behavior\BuildLiteBehavior [ RunTime:0.000015s ]
INFO: [ app_init ] --END-- [ RunTime:0.000308s ]
INFO: [ app_begin ] --START--
INFO: Run Behavior\ReadHtmlCacheBehavior [ RunTime:0.000412s ]
INFO: [ app_begin ] --END-- [ RunTime:0.000467s ]
INFO: [ app_end ] --START--
INFO: Run Behavior\ShowPageTraceBehavior [ RunTime:0.000471s ]
INFO: [ app_end ] --END-- [ RunTime:0.000543s ]

[ 2018-01-21T17:03:02+08:00 ] 121.35.101.124 /index.php/WXAPI/User/account/user_id/92/page/0
INFO: [ app_init ] --START--
INFO: Run Behavior\BuildLiteBehavior [ RunTime:0.000014s ]
INFO: [ app_init ] --END-- [ RunTime:0.000291s ]
INFO: [ app_begin ] --START--
INFO: Run Behavior\ReadHtmlCacheBehavior [ RunTime:0.000387s ]
INFO: [ app_begin ] --END-- [ RunTime:0.000438s ]
NOTIC: [8] Undefined variable: where C:\wwwroot\shop_31u1a2\web\Application\WXAPI\Logic\UsersLogic.class.php 第 267 行.
NOTIC: [8] Undefined variable: where C:\wwwroot\shop_31u1a2\web\Application\WXAPI\Logic\UsersLogic.class.php 第 269 行.

[ 2018-01-21T17:03:23+08:00 ] 121.35.101.124 /index.php/WXAPI/User/getOrderList/user_id/92/type/WAITRECEIVE/page/0
INFO: [ app_init ] --START--
INFO: Run Behavior\BuildLiteBehavior [ RunTime:0.000014s ]
INFO: [ app_init ] --END-- [ RunTime:0.000292s ]
INFO: [ app_begin ] --START--
INFO: Run Behavior\ReadHtmlCacheBehavior [ RunTime:0.000386s ]
INFO: [ app_begin ] --END-- [ RunTime:0.000437s ]

[ 2018-01-21T17:03:29+08:00 ] 121.35.101.124 /index.php/WXAPI/User/getOrderList/user_id/92/type/WAITRECEIVE/page/0
INFO: [ app_init ] --START--
INFO: Run Behavior\BuildLiteBehavior [ RunTime:0.000014s ]
INFO: [ app_init ] --END-- [ RunTime:0.000317s ]
INFO: [ app_begin ] --START--
INFO: Run Behavior\ReadHtmlCacheBehavior [ RunTime:0.000389s ]
INFO: [ app_begin ] --END-- [ RunTime:0.000439s ]

[ 2018-01-21T17:04:15+08:00 ] 121.35.101.124 /index.php/WXAPI/User/getOrderList/user_id/92/type/WAITRECEIVE/page/0
INFO: [ app_init ] --START--
INFO: Run Behavior\BuildLiteBehavior [ RunTime:0.000013s ]
INFO: [ app_init ] --END-- [ RunTime:0.000284s ]
INFO: [ app_begin ] --START--
INFO: Run Behavior\ReadHtmlCacheBehavior [ RunTime:0.000375s ]
INFO: [ app_begin ] --END-- [ RunTime:0.000427s ]

[ 2018-01-21T17:04:32+08:00 ] 121.35.101.124 /index.php/WXAPI/User/getAddressList/user_id/92
INFO: [ app_init ] --START--
INFO: Run Behavior\BuildLiteBehavior [ RunTime:0.000015s ]
INFO: [ app_init ] --END-- [ RunTime:0.000344s ]
INFO: [ app_begin ] --START--
INFO: Run Behavior\ReadHtmlCacheBehavior [ RunTime:0.000474s ]
INFO: [ app_begin ] --END-- [ RunTime:0.000527s ]

[ 2018-01-21T17:04:37+08:00 ] 121.35.101.124 /index.php/WXAPI/User/getArea/parent_id/0
INFO: [ app_init ] --START--
INFO: Run Behavior\BuildLiteBehavior [ RunTime:0.000013s ]
INFO: [ app_init ] --END-- [ RunTime:0.000287s ]
INFO: [ app_begin ] --START--
INFO: Run Behavior\ReadHtmlCacheBehavior [ RunTime:0.000376s ]
INFO: [ app_begin ] --END-- [ RunTime:0.000425s ]

