[ 2017-12-29T11:33:04+08:00 ] 223.73.34.117 /admin
INFO: [ app_init ] --START--
INFO: Run Behavior\BuildLiteBehavior [ RunTime:0.000013s ]
INFO: [ app_init ] --END-- [ RunTime:0.000289s ]
INFO: [ app_begin ] --START--
INFO: Run Behavior\ReadHtmlCacheBehavior [ RunTime:0.000380s ]
INFO: [ app_begin ] --END-- [ RunTime:0.000431s ]
INFO: [ view_begin ] --START--
INFO: Run Home\Behaviors\testBehavior [ RunTime:0.000443s ]
INFO: [ view_begin ] --END-- [ RunTime:0.000491s ]
INFO: [ view_parse ] --START--
INFO: [ template_filter ] --START--
INFO: Run Behavior\ContentReplaceBehavior [ RunTime:0.000039s ]
INFO: [ template_filter ] --END-- [ RunTime:0.000085s ]
INFO: Run Behavior\ParseTemplateBehavior [ RunTime:0.005307s ]
INFO: [ view_parse ] --END-- [ RunTime:0.005357s ]
INFO: [ view_filter ] --START--
INFO: Run Behavior\WriteHtmlCacheBehavior [ RunTime:0.000160s ]
INFO: Run Behavior\TokenBuildBehavior [ RunTime:0.000331s ]
INFO: [ view_filter ] --END-- [ RunTime:0.000557s ]

[ 2017-12-29T11:33:05+08:00 ] 223.73.34.117 /index.php/Admin/Admin/login
INFO: [ app_init ] --START--
INFO: Run Behavior\BuildLiteBehavior [ RunTime:0.000021s ]
INFO: [ app_init ] --END-- [ RunTime:0.000283s ]
INFO: [ app_begin ] --START--
INFO: Run Behavior\ReadHtmlCacheBehavior [ RunTime:0.000378s ]
INFO: [ app_begin ] --END-- [ RunTime:0.000426s ]
NOTIC: [8] Undefined index: login C:\wwwroot\shop_31u1a2\web\Application\Admin\Common\function.php 第 51 行.
INFO: [ view_begin ] --START--
INFO: Run Home\Behaviors\testBehavior [ RunTime:0.000439s ]
INFO: [ view_begin ] --END-- [ RunTime:0.000495s ]
INFO: [ view_parse ] --START--
INFO: [ template_filter ] --START--
INFO: Run Behavior\ContentReplaceBehavior [ RunTime:0.000056s ]
INFO: [ template_filter ] --END-- [ RunTime:0.000097s ]
INFO: Run Behavior\ParseTemplateBehavior [ RunTime:0.005500s ]
INFO: [ view_parse ] --END-- [ RunTime:0.005543s ]
INFO: [ view_filter ] --START--
INFO: Run Behavior\WriteHtmlCacheBehavior [ RunTime:0.000164s ]
INFO: Run Behavior\TokenBuildBehavior [ RunTime:0.000485s ]
INFO: [ view_filter ] --END-- [ RunTime:0.000702s ]
INFO: [ app_end ] --START--
INFO: Run Behavior\ShowPageTraceBehavior [ RunTime:0.000369s ]
INFO: [ app_end ] --END-- [ RunTime:0.000408s ]

[ 2017-12-29T11:33:05+08:00 ] 223.73.34.117 /index.php/Admin/Admin/vertify
INFO: [ app_init ] --START--
INFO: Run Behavior\BuildLiteBehavior [ RunTime:0.000013s ]
INFO: [ app_init ] --END-- [ RunTime:0.000274s ]
INFO: [ app_begin ] --START--
INFO: Run Behavior\ReadHtmlCacheBehavior [ RunTime:0.000378s ]
INFO: [ app_begin ] --END-- [ RunTime:0.000429s ]
NOTIC: [8] Undefined index: vertify C:\wwwroot\shop_31u1a2\web\Application\Admin\Common\function.php 第 51 行.
INFO: [ app_end ] --START--
INFO: Run Behavior\ShowPageTraceBehavior [ RunTime:0.000472s ]
INFO: [ app_end ] --END-- [ RunTime:0.000540s ]

[ 2017-12-29T11:33:26+08:00 ] 223.73.34.117 /index.php?m=Admin&c=Admin&a=login&t=0.7538098088271872
INFO: [ app_init ] --START--
INFO: Run Behavior\BuildLiteBehavior [ RunTime:0.000013s ]
INFO: [ app_init ] --END-- [ RunTime:0.000302s ]
INFO: [ app_begin ] --START--
INFO: Run Behavior\ReadHtmlCacheBehavior [ RunTime:0.000361s ]
INFO: [ app_begin ] --END-- [ RunTime:0.000407s ]
NOTIC: [8] Undefined index: login C:\wwwroot\shop_31u1a2\web\Application\Admin\Common\function.php 第 51 行.

[ 2017-12-29T11:33:26+08:00 ] 223.73.34.117 /index.php/Admin/Index/index
INFO: [ app_init ] --START--
INFO: Run Behavior\BuildLiteBehavior [ RunTime:0.000013s ]
INFO: [ app_init ] --END-- [ RunTime:0.000272s ]
INFO: [ app_begin ] --START--
INFO: Run Behavior\ReadHtmlCacheBehavior [ RunTime:0.000370s ]
INFO: [ app_begin ] --END-- [ RunTime:0.000419s ]
INFO: [ view_begin ] --START--
INFO: Run Home\Behaviors\testBehavior [ RunTime:0.000603s ]
INFO: [ view_begin ] --END-- [ RunTime:0.000677s ]
INFO: [ view_parse ] --START--
INFO: [ template_filter ] --START--
INFO: Run Behavior\ContentReplaceBehavior [ RunTime:0.000093s ]
INFO: [ template_filter ] --END-- [ RunTime:0.000147s ]
INFO: Run Behavior\ParseTemplateBehavior [ RunTime:0.014282s ]
INFO: [ view_parse ] --END-- [ RunTime:0.014326s ]
INFO: [ view_filter ] --START--
INFO: Run Behavior\WriteHtmlCacheBehavior [ RunTime:0.000185s ]
INFO: Run Behavior\TokenBuildBehavior [ RunTime:0.001214s ]
INFO: [ view_filter ] --END-- [ RunTime:0.001465s ]
INFO: [ app_end ] --START--
INFO: Run Behavior\ShowPageTraceBehavior [ RunTime:0.000363s ]
INFO: [ app_end ] --END-- [ RunTime:0.000402s ]

[ 2017-12-29T11:33:26+08:00 ] 223.73.34.117 /index.php/Admin/Index/welcome
INFO: [ app_init ] --START--
INFO: Run Behavior\BuildLiteBehavior [ RunTime:0.000012s ]
INFO: [ app_init ] --END-- [ RunTime:0.000273s ]
INFO: [ app_begin ] --START--
INFO: Run Behavior\ReadHtmlCacheBehavior [ RunTime:0.000417s ]
INFO: [ app_begin ] --END-- [ RunTime:0.000468s ]
NOTIC: [8] Undefined index: welcome C:\wwwroot\shop_31u1a2\web\Application\Admin\Common\function.php 第 51 行.
NOTIC: [8] Undefined index: version C:\wwwroot\shop_31u1a2\web\Application\Admin\Controller\IndexController.class.php 第 64 行.
INFO: [ view_begin ] --START--
INFO: Run Home\Behaviors\testBehavior [ RunTime:0.000591s ]
INFO: [ view_begin ] --END-- [ RunTime:0.000673s ]
INFO: [ view_parse ] --START--
INFO: [ template_filter ] --START--
INFO: Run Behavior\ContentReplaceBehavior [ RunTime:0.000075s ]
INFO: [ template_filter ] --END-- [ RunTime:0.000121s ]
INFO: Run Behavior\ParseTemplateBehavior [ RunTime:0.009775s ]
INFO: [ view_parse ] --END-- [ RunTime:0.009822s ]
INFO: [ view_filter ] --START--
INFO: Run Behavior\WriteHtmlCacheBehavior [ RunTime:0.000175s ]
INFO: Run Behavior\TokenBuildBehavior [ RunTime:0.000635s ]
INFO: [ view_filter ] --END-- [ RunTime:0.000867s ]
INFO: [ app_end ] --START--
INFO: Run Behavior\ShowPageTraceBehavior [ RunTime:0.000399s ]
INFO: [ app_end ] --END-- [ RunTime:0.000445s ]

[ 2017-12-29T11:33:27+08:00 ] 223.73.34.117 /index.php/Admin/System/login_task
INFO: [ app_init ] --START--
INFO: Run Behavior\BuildLiteBehavior [ RunTime:0.000012s ]
INFO: [ app_init ] --END-- [ RunTime:0.000313s ]
INFO: [ app_begin ] --START--
INFO: Run Behavior\ReadHtmlCacheBehavior [ RunTime:0.000399s ]
INFO: [ app_begin ] --END-- [ RunTime:0.000456s ]
NOTIC: [8] Undefined index: login_task C:\wwwroot\shop_31u1a2\web\Application\Admin\Common\function.php 第 51 行.
NOTIC: [2] Invalid argument supplied for foreach() C:\wwwroot\shop_31u1a2\web\Application\Admin\Controller\SystemController.class.php 第 249 行.
INFO: [ app_end ] --START--
INFO: Run Behavior\ShowPageTraceBehavior [ RunTime:0.000604s ]
INFO: [ app_end ] --END-- [ RunTime:0.000658s ]

[ 2017-12-29T11:34:00+08:00 ] 223.73.34.117 /index.php/Admin/System/index
INFO: [ app_init ] --START--
INFO: Run Behavior\BuildLiteBehavior [ RunTime:0.000014s ]
INFO: [ app_init ] --END-- [ RunTime:0.000294s ]
INFO: [ app_begin ] --START--
INFO: Run Behavior\ReadHtmlCacheBehavior [ RunTime:0.000382s ]
INFO: [ app_begin ] --END-- [ RunTime:0.000437s ]
INFO: [ view_begin ] --START--
INFO: Run Home\Behaviors\testBehavior [ RunTime:0.000441s ]
INFO: [ view_begin ] --END-- [ RunTime:0.000505s ]
INFO: [ view_parse ] --START--
INFO: [ template_filter ] --START--
INFO: Run Behavior\ContentReplaceBehavior [ RunTime:0.000091s ]
INFO: [ template_filter ] --END-- [ RunTime:0.000143s ]
INFO: Run Behavior\ParseTemplateBehavior [ RunTime:0.017776s ]
INFO: [ view_parse ] --END-- [ RunTime:0.017824s ]
INFO: [ view_filter ] --START--
INFO: Run Behavior\WriteHtmlCacheBehavior [ RunTime:0.000267s ]
INFO: Run Behavior\TokenBuildBehavior [ RunTime:0.000293s ]
INFO: [ view_filter ] --END-- [ RunTime:0.000623s ]
INFO: [ app_end ] --START--
INFO: Run Behavior\ShowPageTraceBehavior [ RunTime:0.000368s ]
INFO: [ app_end ] --END-- [ RunTime:0.000406s ]

[ 2017-12-29T11:34:00+08:00 ] 223.73.34.117 /index.php?m=Admin&c=Api&a=getRegion&level=1&parent_id=0
INFO: [ app_init ] --START--
INFO: Run Behavior\BuildLiteBehavior [ RunTime:0.000013s ]
INFO: [ app_init ] --END-- [ RunTime:0.000269s ]
INFO: [ app_begin ] --START--
INFO: Run Behavior\ReadHtmlCacheBehavior [ RunTime:0.000415s ]
INFO: [ app_begin ] --END-- [ RunTime:0.000463s ]
NOTIC: [8] Undefined index: admin/api C:\wwwroot\shop_31u1a2\web\Application\Admin\Common\function.php 第 50 行.
NOTIC: [8] Undefined index: admin/api C:\wwwroot\shop_31u1a2\web\Application\Admin\Common\function.php 第 51 行.
INFO: [ app_end ] --START--
INFO: Run Behavior\ShowPageTraceBehavior [ RunTime:0.000419s ]
INFO: [ app_end ] --END-- [ RunTime:0.000478s ]

[ 2017-12-29T11:34:41+08:00 ] 223.73.34.117 /index.php/Admin/article/articleList
INFO: [ app_init ] --START--
INFO: Run Behavior\BuildLiteBehavior [ RunTime:0.000014s ]
INFO: [ app_init ] --END-- [ RunTime:0.000306s ]
INFO: [ app_begin ] --START--
INFO: Run Behavior\ReadHtmlCacheBehavior [ RunTime:0.000395s ]
INFO: [ app_begin ] --END-- [ RunTime:0.000447s ]
NOTIC: [8] Undefined index: articleList C:\wwwroot\shop_31u1a2\web\Application\Admin\Common\function.php 第 51 行.
INFO: [ view_begin ] --START--
INFO: Run Home\Behaviors\testBehavior [ RunTime:0.000361s ]
INFO: [ view_begin ] --END-- [ RunTime:0.000434s ]
INFO: [ view_parse ] --START--
INFO: [ template_filter ] --START--
INFO: Run Behavior\ContentReplaceBehavior [ RunTime:0.000072s ]
INFO: [ template_filter ] --END-- [ RunTime:0.000115s ]
NOTIC: [8] Use of undefined constant cat_id - assumed 'cat_id' C:\wwwroot\shop_31u1a2\web\Application\Runtime\Cache\Admin\8f8f9e924fef2f7f19573b72163671c0.php 第 98 行.
NOTIC: [8] Use of undefined constant cat_id - assumed 'cat_id' C:\wwwroot\shop_31u1a2\web\Application\Runtime\Cache\Admin\8f8f9e924fef2f7f19573b72163671c0.php 第 98 行.
NOTIC: [8] Use of undefined constant cat_id - assumed 'cat_id' C:\wwwroot\shop_31u1a2\web\Application\Runtime\Cache\Admin\8f8f9e924fef2f7f19573b72163671c0.php 第 98 行.
NOTIC: [8] Use of undefined constant cat_id - assumed 'cat_id' C:\wwwroot\shop_31u1a2\web\Application\Runtime\Cache\Admin\8f8f9e924fef2f7f19573b72163671c0.php 第 98 行.
NOTIC: [8] Use of undefined constant cat_id - assumed 'cat_id' C:\wwwroot\shop_31u1a2\web\Application\Runtime\Cache\Admin\8f8f9e924fef2f7f19573b72163671c0.php 第 98 行.
NOTIC: [8] Use of undefined constant cat_id - assumed 'cat_id' C:\wwwroot\shop_31u1a2\web\Application\Runtime\Cache\Admin\8f8f9e924fef2f7f19573b72163671c0.php 第 98 行.
NOTIC: [8] Use of undefined constant cat_id - assumed 'cat_id' C:\wwwroot\shop_31u1a2\web\Application\Runtime\Cache\Admin\8f8f9e924fef2f7f19573b72163671c0.php 第 98 行.
NOTIC: [8] Use of undefined constant cat_id - assumed 'cat_id' C:\wwwroot\shop_31u1a2\web\Application\Runtime\Cache\Admin\8f8f9e924fef2f7f19573b72163671c0.php 第 98 行.
NOTIC: [8] Use of undefined constant cat_id - assumed 'cat_id' C:\wwwroot\shop_31u1a2\web\Application\Runtime\Cache\Admin\8f8f9e924fef2f7f19573b72163671c0.php 第 98 行.
NOTIC: [8] Use of undefined constant cat_id - assumed 'cat_id' C:\wwwroot\shop_31u1a2\web\Application\Runtime\Cache\Admin\8f8f9e924fef2f7f19573b72163671c0.php 第 98 行.
NOTIC: [8] Use of undefined constant cat_id - assumed 'cat_id' C:\wwwroot\shop_31u1a2\web\Application\Runtime\Cache\Admin\8f8f9e924fef2f7f19573b72163671c0.php 第 98 行.
NOTIC: [8] Use of undefined constant cat_id - assumed 'cat_id' C:\wwwroot\shop_31u1a2\web\Application\Runtime\Cache\Admin\8f8f9e924fef2f7f19573b72163671c0.php 第 98 行.
NOTIC: [8] Use of undefined constant cat_id - assumed 'cat_id' C:\wwwroot\shop_31u1a2\web\Application\Runtime\Cache\Admin\8f8f9e924fef2f7f19573b72163671c0.php 第 98 行.
NOTIC: [8] Use of undefined constant cat_id - assumed 'cat_id' C:\wwwroot\shop_31u1a2\web\Application\Runtime\Cache\Admin\8f8f9e924fef2f7f19573b72163671c0.php 第 98 行.
NOTIC: [8] Use of undefined constant cat_id - assumed 'cat_id' C:\wwwroot\shop_31u1a2\web\Application\Runtime\Cache\Admin\8f8f9e924fef2f7f19573b72163671c0.php 第 98 行.
NOTIC: [8] Use of undefined constant cat_id - assumed 'cat_id' C:\wwwroot\shop_31u1a2\web\Application\Runtime\Cache\Admin\8f8f9e924fef2f7f19573b72163671c0.php 第 98 行.
NOTIC: [8] Use of undefined constant cat_id - assumed 'cat_id' C:\wwwroot\shop_31u1a2\web\Application\Runtime\Cache\Admin\8f8f9e924fef2f7f19573b72163671c0.php 第 98 行.
NOTIC: [8] Use of undefined constant cat_id - assumed 'cat_id' C:\wwwroot\shop_31u1a2\web\Application\Runtime\Cache\Admin\8f8f9e924fef2f7f19573b72163671c0.php 第 98 行.
NOTIC: [8] Use of undefined constant cat_id - assumed 'cat_id' C:\wwwroot\shop_31u1a2\web\Application\Runtime\Cache\Admin\8f8f9e924fef2f7f19573b72163671c0.php 第 98 行.
NOTIC: [8] Use of undefined constant cat_id - assumed 'cat_id' C:\wwwroot\shop_31u1a2\web\Application\Runtime\Cache\Admin\8f8f9e924fef2f7f19573b72163671c0.php 第 98 行.
NOTIC: [8] Undefined index: kewords C:\wwwroot\shop_31u1a2\web\Application\Runtime\Cache\Admin\8f8f9e924fef2f7f19573b72163671c0.php 第 128 行.
NOTIC: [8] Use of undefined constant is_open - assumed 'is_open' C:\wwwroot\shop_31u1a2\web\Application\Runtime\Cache\Admin\8f8f9e924fef2f7f19573b72163671c0.php 第 130 行.
NOTIC: [8] Undefined index: kewords C:\wwwroot\shop_31u1a2\web\Application\Runtime\Cache\Admin\8f8f9e924fef2f7f19573b72163671c0.php 第 128 行.
NOTIC: [8] Use of undefined constant is_open - assumed 'is_open' C:\wwwroot\shop_31u1a2\web\Application\Runtime\Cache\Admin\8f8f9e924fef2f7f19573b72163671c0.php 第 130 行.
NOTIC: [8] Undefined index: kewords C:\wwwroot\shop_31u1a2\web\Application\Runtime\Cache\Admin\8f8f9e924fef2f7f19573b72163671c0.php 第 128 行.
NOTIC: [8] Use of undefined constant is_open - assumed 'is_open' C:\wwwroot\shop_31u1a2\web\Application\Runtime\Cache\Admin\8f8f9e924fef2f7f19573b72163671c0.php 第 130 行.
NOTIC: [8] Undefined index: kewords C:\wwwroot\shop_31u1a2\web\Application\Runtime\Cache\Admin\8f8f9e924fef2f7f19573b72163671c0.php 第 128 行.
NOTIC: [8] Use of undefined constant is_open - assumed 'is_open' C:\wwwroot\shop_31u1a2\web\Application\Runtime\Cache\Admin\8f8f9e924fef2f7f19573b72163671c0.php 第 130 行.
NOTIC: [8] Undefined index: kewords C:\wwwroot\shop_31u1a2\web\Application\Runtime\Cache\Admin\8f8f9e924fef2f7f19573b72163671c0.php 第 128 行.
NOTIC: [8] Use of undefined constant is_open - assumed 'is_open' C:\wwwroot\shop_31u1a2\web\Application\Runtime\Cache\Admin\8f8f9e924fef2f7f19573b72163671c0.php 第 130 行.
NOTIC: [8] Undefined index: kewords C:\wwwroot\shop_31u1a2\web\Application\Runtime\Cache\Admin\8f8f9e924fef2f7f19573b72163671c0.php 第 128 行.
NOTIC: [8] Use of undefined constant is_open - assumed 'is_open' C:\wwwroot\shop_31u1a2\web\Application\Runtime\Cache\Admin\8f8f9e924fef2f7f19573b72163671c0.php 第 130 行.
NOTIC: [8] Undefined index: kewords C:\wwwroot\shop_31u1a2\web\Application\Runtime\Cache\Admin\8f8f9e924fef2f7f19573b72163671c0.php 第 128 行.
NOTIC: [8] Use of undefined constant is_open - assumed 'is_open' C:\wwwroot\shop_31u1a2\web\Application\Runtime\Cache\Admin\8f8f9e924fef2f7f19573b72163671c0.php 第 130 行.
NOTIC: [8] Undefined index: kewords C:\wwwroot\shop_31u1a2\web\Application\Runtime\Cache\Admin\8f8f9e924fef2f7f19573b72163671c0.php 第 128 行.
NOTIC: [8] Use of undefined constant is_open - assumed 'is_open' C:\wwwroot\shop_31u1a2\web\Application\Runtime\Cache\Admin\8f8f9e924fef2f7f19573b72163671c0.php 第 130 行.
NOTIC: [8] Undefined index: kewords C:\wwwroot\shop_31u1a2\web\Application\Runtime\Cache\Admin\8f8f9e924fef2f7f19573b72163671c0.php 第 128 行.
NOTIC: [8] Use of undefined constant is_open - assumed 'is_open' C:\wwwroot\shop_31u1a2\web\Application\Runtime\Cache\Admin\8f8f9e924fef2f7f19573b72163671c0.php 第 130 行.
NOTIC: [8] Undefined index: kewords C:\wwwroot\shop_31u1a2\web\Application\Runtime\Cache\Admin\8f8f9e924fef2f7f19573b72163671c0.php 第 128 行.
NOTIC: [8] Use of undefined constant is_open - assumed 'is_open' C:\wwwroot\shop_31u1a2\web\Application\Runtime\Cache\Admin\8f8f9e924fef2f7f19573b72163671c0.php 第 130 行.
NOTIC: [8] Undefined index: kewords C:\wwwroot\shop_31u1a2\web\Application\Runtime\Cache\Admin\8f8f9e924fef2f7f19573b72163671c0.php 第 128 行.
NOTIC: [8] Use of undefined constant is_open - assumed 'is_open' C:\wwwroot\shop_31u1a2\web\Application\Runtime\Cache\Admin\8f8f9e924fef2f7f19573b72163671c0.php 第 130 行.
NOTIC: [8] Undefined index: kewords C:\wwwroot\shop_31u1a2\web\Application\Runtime\Cache\Admin\8f8f9e924fef2f7f19573b72163671c0.php 第 128 行.
NOTIC: [8] Use of undefined constant is_open - assumed 'is_open' C:\wwwroot\shop_31u1a2\web\Application\Runtime\Cache\Admin\8f8f9e924fef2f7f19573b72163671c0.php 第 130 行.
NOTIC: [8] Undefined index: kewords C:\wwwroot\shop_31u1a2\web\Application\Runtime\Cache\Admin\8f8f9e924fef2f7f19573b72163671c0.php 第 128 行.
NOTIC: [8] Use of undefined constant is_open - assumed 'is_open' C:\wwwroot\shop_31u1a2\web\Application\Runtime\Cache\Admin\8f8f9e924fef2f7f19573b72163671c0.php 第 130 行.
NOTIC: [8] Undefined index: kewords C:\wwwroot\shop_31u1a2\web\Application\Runtime\Cache\Admin\8f8f9e924fef2f7f19573b72163671c0.php 第 128 行.
NOTIC: [8] Use of undefined constant is_open - assumed 'is_open' C:\wwwroot\shop_31u1a2\web\Application\Runtime\Cache\Admin\8f8f9e924fef2f7f19573b72163671c0.php 第 130 行.
NOTIC: [8] Undefined index: kewords C:\wwwroot\shop_31u1a2\web\Application\Runtime\Cache\Admin\8f8f9e924fef2f7f19573b72163671c0.php 第 128 行.
NOTIC: [8] Use of undefined constant is_open - assumed 'is_open' C:\wwwroot\shop_31u1a2\web\Application\Runtime\Cache\Admin\8f8f9e924fef2f7f19573b72163671c0.php 第 130 行.
NOTIC: [8] Undefined index: kewords C:\wwwroot\shop_31u1a2\web\Application\Runtime\Cache\Admin\8f8f9e924fef2f7f19573b72163671c0.php 第 128 行.
NOTIC: [8] Use of undefined constant is_open - assumed 'is_open' C:\wwwroot\shop_31u1a2\web\Application\Runtime\Cache\Admin\8f8f9e924fef2f7f19573b72163671c0.php 第 130 行.
NOTIC: [8] Undefined index: kewords C:\wwwroot\shop_31u1a2\web\Application\Runtime\Cache\Admin\8f8f9e924fef2f7f19573b72163671c0.php 第 128 行.
NOTIC: [8] Use of undefined constant is_open - assumed 'is_open' C:\wwwroot\shop_31u1a2\web\Application\Runtime\Cache\Admin\8f8f9e924fef2f7f19573b72163671c0.php 第 130 行.
NOTIC: [8] Undefined index: kewords C:\wwwroot\shop_31u1a2\web\Application\Runtime\Cache\Admin\8f8f9e924fef2f7f19573b72163671c0.php 第 128 行.
NOTIC: [8] Use of undefined constant is_open - assumed 'is_open' C:\wwwroot\shop_31u1a2\web\Application\Runtime\Cache\Admin\8f8f9e924fef2f7f19573b72163671c0.php 第 130 行.
NOTIC: [8] Undefined index: kewords C:\wwwroot\shop_31u1a2\web\Application\Runtime\Cache\Admin\8f8f9e924fef2f7f19573b72163671c0.php 第 128 行.
NOTIC: [8] Use of undefined constant is_open - assumed 'is_open' C:\wwwroot\shop_31u1a2\web\Application\Runtime\Cache\Admin\8f8f9e924fef2f7f19573b72163671c0.php 第 130 行.
NOTIC: [8] Undefined index: kewords C:\wwwroot\shop_31u1a2\web\Application\Runtime\Cache\Admin\8f8f9e924fef2f7f19573b72163671c0.php 第 128 行.
NOTIC: [8] Use of undefined constant is_open - assumed 'is_open' C:\wwwroot\shop_31u1a2\web\Application\Runtime\Cache\Admin\8f8f9e924fef2f7f19573b72163671c0.php 第 130 行.
INFO: Run Behavior\ParseTemplateBehavior [ RunTime:0.011610s ]
INFO: [ view_parse ] --END-- [ RunTime:0.011653s ]
INFO: [ view_filter ] --START--
INFO: Run Behavior\WriteHtmlCacheBehavior [ RunTime:0.000189s ]
INFO: Run Behavior\TokenBuildBehavior [ RunTime:0.001418s ]
INFO: [ view_filter ] --END-- [ RunTime:0.001663s ]
INFO: [ app_end ] --START--
INFO: Run Behavior\ShowPageTraceBehavior [ RunTime:0.000380s ]
INFO: [ app_end ] --END-- [ RunTime:0.000431s ]

[ 2017-12-29T11:35:09+08:00 ] 223.73.34.117 /index.php/Admin/Article/articleList/p/2
INFO: [ app_init ] --START--
INFO: Run Behavior\BuildLiteBehavior [ RunTime:0.000018s ]
INFO: [ app_init ] --END-- [ RunTime:0.000298s ]
INFO: [ app_begin ] --START--
INFO: Run Behavior\ReadHtmlCacheBehavior [ RunTime:0.000390s ]
INFO: [ app_begin ] --END-- [ RunTime:0.000443s ]
NOTIC: [8] Undefined index: articleList C:\wwwroot\shop_31u1a2\web\Application\Admin\Common\function.php 第 51 行.
INFO: [ view_begin ] --START--
INFO: Run Home\Behaviors\testBehavior [ RunTime:0.000376s ]
INFO: [ view_begin ] --END-- [ RunTime:0.000437s ]
INFO: [ view_parse ] --START--
INFO: [ template_filter ] --START--
INFO: Run Behavior\ContentReplaceBehavior [ RunTime:0.000074s ]
INFO: [ template_filter ] --END-- [ RunTime:0.000128s ]
NOTIC: [8] Use of undefined constant cat_id - assumed 'cat_id' C:\wwwroot\shop_31u1a2\web\Application\Runtime\Cache\Admin\8f8f9e924fef2f7f19573b72163671c0.php 第 98 行.
NOTIC: [8] Use of undefined constant cat_id - assumed 'cat_id' C:\wwwroot\shop_31u1a2\web\Application\Runtime\Cache\Admin\8f8f9e924fef2f7f19573b72163671c0.php 第 98 行.
NOTIC: [8] Use of undefined constant cat_id - assumed 'cat_id' C:\wwwroot\shop_31u1a2\web\Application\Runtime\Cache\Admin\8f8f9e924fef2f7f19573b72163671c0.php 第 98 行.
NOTIC: [8] Use of undefined constant cat_id - assumed 'cat_id' C:\wwwroot\shop_31u1a2\web\Application\Runtime\Cache\Admin\8f8f9e924fef2f7f19573b72163671c0.php 第 98 行.
NOTIC: [8] Use of undefined constant cat_id - assumed 'cat_id' C:\wwwroot\shop_31u1a2\web\Application\Runtime\Cache\Admin\8f8f9e924fef2f7f19573b72163671c0.php 第 98 行.
NOTIC: [8] Use of undefined constant cat_id - assumed 'cat_id' C:\wwwroot\shop_31u1a2\web\Application\Runtime\Cache\Admin\8f8f9e924fef2f7f19573b72163671c0.php 第 98 行.
NOTIC: [8] Use of undefined constant cat_id - assumed 'cat_id' C:\wwwroot\shop_31u1a2\web\Application\Runtime\Cache\Admin\8f8f9e924fef2f7f19573b72163671c0.php 第 98 行.
NOTIC: [8] Use of undefined constant cat_id - assumed 'cat_id' C:\wwwroot\shop_31u1a2\web\Application\Runtime\Cache\Admin\8f8f9e924fef2f7f19573b72163671c0.php 第 98 行.
NOTIC: [8] Use of undefined constant cat_id - assumed 'cat_id' C:\wwwroot\shop_31u1a2\web\Application\Runtime\Cache\Admin\8f8f9e924fef2f7f19573b72163671c0.php 第 98 行.
NOTIC: [8] Use of undefined constant cat_id - assumed 'cat_id' C:\wwwroot\shop_31u1a2\web\Application\Runtime\Cache\Admin\8f8f9e924fef2f7f19573b72163671c0.php 第 98 行.
NOTIC: [8] Use of undefined constant cat_id - assumed 'cat_id' C:\wwwroot\shop_31u1a2\web\Application\Runtime\Cache\Admin\8f8f9e924fef2f7f19573b72163671c0.php 第 98 行.
NOTIC: [8] Use of undefined constant cat_id - assumed 'cat_id' C:\wwwroot\shop_31u1a2\web\Application\Runtime\Cache\Admin\8f8f9e924fef2f7f19573b72163671c0.php 第 98 行.
NOTIC: [8] Use of undefined constant cat_id - assumed 'cat_id' C:\wwwroot\shop_31u1a2\web\Application\Runtime\Cache\Admin\8f8f9e924fef2f7f19573b72163671c0.php 第 98 行.
NOTIC: [8] Use of undefined constant cat_id - assumed 'cat_id' C:\wwwroot\shop_31u1a2\web\Application\Runtime\Cache\Admin\8f8f9e924fef2f7f19573b72163671c0.php 第 98 行.
NOTIC: [8] Use of undefined constant cat_id - assumed 'cat_id' C:\wwwroot\shop_31u1a2\web\Application\Runtime\Cache\Admin\8f8f9e924fef2f7f19573b72163671c0.php 第 98 行.
NOTIC: [8] Use of undefined constant cat_id - assumed 'cat_id' C:\wwwroot\shop_31u1a2\web\Application\Runtime\Cache\Admin\8f8f9e924fef2f7f19573b72163671c0.php 第 98 行.
NOTIC: [8] Use of undefined constant cat_id - assumed 'cat_id' C:\wwwroot\shop_31u1a2\web\Application\Runtime\Cache\Admin\8f8f9e924fef2f7f19573b72163671c0.php 第 98 行.
NOTIC: [8] Use of undefined constant cat_id - assumed 'cat_id' C:\wwwroot\shop_31u1a2\web\Application\Runtime\Cache\Admin\8f8f9e924fef2f7f19573b72163671c0.php 第 98 行.
NOTIC: [8] Use of undefined constant cat_id - assumed 'cat_id' C:\wwwroot\shop_31u1a2\web\Application\Runtime\Cache\Admin\8f8f9e924fef2f7f19573b72163671c0.php 第 98 行.
NOTIC: [8] Use of undefined constant cat_id - assumed 'cat_id' C:\wwwroot\shop_31u1a2\web\Application\Runtime\Cache\Admin\8f8f9e924fef2f7f19573b72163671c0.php 第 98 行.
NOTIC: [8] Undefined index: kewords C:\wwwroot\shop_31u1a2\web\Application\Runtime\Cache\Admin\8f8f9e924fef2f7f19573b72163671c0.php 第 128 行.
NOTIC: [8] Use of undefined constant is_open - assumed 'is_open' C:\wwwroot\shop_31u1a2\web\Application\Runtime\Cache\Admin\8f8f9e924fef2f7f19573b72163671c0.php 第 130 行.
NOTIC: [8] Undefined index: kewords C:\wwwroot\shop_31u1a2\web\Application\Runtime\Cache\Admin\8f8f9e924fef2f7f19573b72163671c0.php 第 128 行.
NOTIC: [8] Use of undefined constant is_open - assumed 'is_open' C:\wwwroot\shop_31u1a2\web\Application\Runtime\Cache\Admin\8f8f9e924fef2f7f19573b72163671c0.php 第 130 行.
NOTIC: [8] Undefined index: kewords C:\wwwroot\shop_31u1a2\web\Application\Runtime\Cache\Admin\8f8f9e924fef2f7f19573b72163671c0.php 第 128 行.
NOTIC: [8] Use of undefined constant is_open - assumed 'is_open' C:\wwwroot\shop_31u1a2\web\Application\Runtime\Cache\Admin\8f8f9e924fef2f7f19573b72163671c0.php 第 130 行.
INFO: Run Behavior\ParseTemplateBehavior [ RunTime:0.009746s ]
INFO: [ view_parse ] --END-- [ RunTime:0.009789s ]
INFO: [ view_filter ] --START--
INFO: Run Behavior\WriteHtmlCacheBehavior [ RunTime:0.000181s ]
INFO: Run Behavior\TokenBuildBehavior [ RunTime:0.000742s ]
INFO: [ view_filter ] --END-- [ RunTime:0.000988s ]
INFO: [ app_end ] --START--
INFO: Run Behavior\ShowPageTraceBehavior [ RunTime:0.000419s ]
INFO: [ app_end ] --END-- [ RunTime:0.000458s ]

[ 2017-12-29T11:35:15+08:00 ] 223.73.34.117 /index.php/Admin/Comment/index
INFO: [ app_init ] --START--
INFO: Run Behavior\BuildLiteBehavior [ RunTime:0.000013s ]
INFO: [ app_init ] --END-- [ RunTime:0.000274s ]
INFO: [ app_begin ] --START--
INFO: Run Behavior\ReadHtmlCacheBehavior [ RunTime:0.000384s ]
INFO: [ app_begin ] --END-- [ RunTime:0.000433s ]
INFO: [ view_begin ] --START--
INFO: Run Home\Behaviors\testBehavior [ RunTime:0.000423s ]
INFO: [ view_begin ] --END-- [ RunTime:0.000495s ]
INFO: [ view_parse ] --START--
INFO: [ template_filter ] --START--
INFO: Run Behavior\ContentReplaceBehavior [ RunTime:0.000082s ]
INFO: [ template_filter ] --END-- [ RunTime:0.000126s ]
NOTIC: [8] Undefined variable: comment_list C:\wwwroot\shop_31u1a2\web\Application\Runtime\Cache\Admin\9422665904e471006147a1d12ed26ddc.php 第 138 行.
NOTIC: [8] Undefined variable: page C:\wwwroot\shop_31u1a2\web\Application\Runtime\Cache\Admin\9422665904e471006147a1d12ed26ddc.php 第 173 行.
INFO: Run Behavior\ParseTemplateBehavior [ RunTime:0.009224s ]
INFO: [ view_parse ] --END-- [ RunTime:0.009266s ]
INFO: [ view_filter ] --START--
INFO: Run Behavior\WriteHtmlCacheBehavior [ RunTime:0.000175s ]
INFO: Run Behavior\TokenBuildBehavior [ RunTime:0.000589s ]
INFO: [ view_filter ] --END-- [ RunTime:0.000827s ]
INFO: [ app_end ] --START--
INFO: Run Behavior\ShowPageTraceBehavior [ RunTime:0.000357s ]
INFO: [ app_end ] --END-- [ RunTime:0.000392s ]

[ 2017-12-29T11:35:16+08:00 ] 223.73.34.117 /index.php/Admin/Comment/ajaxindex/p/1
INFO: [ app_init ] --START--
INFO: Run Behavior\BuildLiteBehavior [ RunTime:0.000017s ]
INFO: [ app_init ] --END-- [ RunTime:0.000296s ]
INFO: [ app_begin ] --START--
INFO: Run Behavior\ReadHtmlCacheBehavior [ RunTime:0.000413s ]
INFO: [ app_begin ] --END-- [ RunTime:0.000471s ]
NOTIC: [8] Undefined index: ajaxindex C:\wwwroot\shop_31u1a2\web\Application\Admin\Common\function.php 第 51 行.
NOTIC: [8] Undefined variable: goods_list C:\wwwroot\shop_31u1a2\web\Application\Admin\Controller\CommentController.class.php 第 105 行.
INFO: [ view_begin ] --START--
INFO: Run Home\Behaviors\testBehavior [ RunTime:0.000342s ]
INFO: [ view_begin ] --END-- [ RunTime:0.000387s ]
INFO: [ view_parse ] --START--
INFO: [ template_filter ] --START--
INFO: Run Behavior\ContentReplaceBehavior [ RunTime:0.000047s ]
INFO: [ template_filter ] --END-- [ RunTime:0.000088s ]
INFO: Run Behavior\ParseTemplateBehavior [ RunTime:0.006926s ]
INFO: [ view_parse ] --END-- [ RunTime:0.006972s ]
INFO: [ view_filter ] --START--
INFO: Run Behavior\WriteHtmlCacheBehavior [ RunTime:0.000175s ]
INFO: Run Behavior\TokenBuildBehavior [ RunTime:0.000392s ]
INFO: [ view_filter ] --END-- [ RunTime:0.000620s ]
INFO: [ app_end ] --START--
INFO: Run Behavior\ShowPageTraceBehavior [ RunTime:0.000373s ]
INFO: [ app_end ] --END-- [ RunTime:0.000410s ]

[ 2017-12-29T11:35:17+08:00 ] 223.73.34.117 /index.php/Admin/article/articleList
INFO: [ app_init ] --START--
INFO: Run Behavior\BuildLiteBehavior [ RunTime:0.000017s ]
INFO: [ app_init ] --END-- [ RunTime:0.000528s ]
INFO: [ app_begin ] --START--
INFO: Run Behavior\ReadHtmlCacheBehavior [ RunTime:0.000533s ]
INFO: [ app_begin ] --END-- [ RunTime:0.000602s ]
NOTIC: [8] Undefined index: articleList C:\wwwroot\shop_31u1a2\web\Application\Admin\Common\function.php 第 51 行.
INFO: [ view_begin ] --START--
INFO: Run Home\Behaviors\testBehavior [ RunTime:0.000320s ]
INFO: [ view_begin ] --END-- [ RunTime:0.000375s ]
INFO: [ view_parse ] --START--
INFO: [ template_filter ] --START--
INFO: Run Behavior\ContentReplaceBehavior [ RunTime:0.000115s ]
INFO: [ template_filter ] --END-- [ RunTime:0.000176s ]
NOTIC: [8] Use of undefined constant cat_id - assumed 'cat_id' C:\wwwroot\shop_31u1a2\web\Application\Runtime\Cache\Admin\8f8f9e924fef2f7f19573b72163671c0.php 第 98 行.
NOTIC: [8] Use of undefined constant cat_id - assumed 'cat_id' C:\wwwroot\shop_31u1a2\web\Application\Runtime\Cache\Admin\8f8f9e924fef2f7f19573b72163671c0.php 第 98 行.
NOTIC: [8] Use of undefined constant cat_id - assumed 'cat_id' C:\wwwroot\shop_31u1a2\web\Application\Runtime\Cache\Admin\8f8f9e924fef2f7f19573b72163671c0.php 第 98 行.
NOTIC: [8] Use of undefined constant cat_id - assumed 'cat_id' C:\wwwroot\shop_31u1a2\web\Application\Runtime\Cache\Admin\8f8f9e924fef2f7f19573b72163671c0.php 第 98 行.
NOTIC: [8] Use of undefined constant cat_id - assumed 'cat_id' C:\wwwroot\shop_31u1a2\web\Application\Runtime\Cache\Admin\8f8f9e924fef2f7f19573b72163671c0.php 第 98 行.
NOTIC: [8] Use of undefined constant cat_id - assumed 'cat_id' C:\wwwroot\shop_31u1a2\web\Application\Runtime\Cache\Admin\8f8f9e924fef2f7f19573b72163671c0.php 第 98 行.
NOTIC: [8] Use of undefined constant cat_id - assumed 'cat_id' C:\wwwroot\shop_31u1a2\web\Application\Runtime\Cache\Admin\8f8f9e924fef2f7f19573b72163671c0.php 第 98 行.
NOTIC: [8] Use of undefined constant cat_id - assumed 'cat_id' C:\wwwroot\shop_31u1a2\web\Application\Runtime\Cache\Admin\8f8f9e924fef2f7f19573b72163671c0.php 第 98 行.
NOTIC: [8] Use of undefined constant cat_id - assumed 'cat_id' C:\wwwroot\shop_31u1a2\web\Application\Runtime\Cache\Admin\8f8f9e924fef2f7f19573b72163671c0.php 第 98 行.
NOTIC: [8] Use of undefined constant cat_id - assumed 'cat_id' C:\wwwroot\shop_31u1a2\web\Application\Runtime\Cache\Admin\8f8f9e924fef2f7f19573b72163671c0.php 第 98 行.
NOTIC: [8] Use of undefined constant cat_id - assumed 'cat_id' C:\wwwroot\shop_31u1a2\web\Application\Runtime\Cache\Admin\8f8f9e924fef2f7f19573b72163671c0.php 第 98 行.
NOTIC: [8] Use of undefined constant cat_id - assumed 'cat_id' C:\wwwroot\shop_31u1a2\web\Application\Runtime\Cache\Admin\8f8f9e924fef2f7f19573b72163671c0.php 第 98 行.
NOTIC: [8] Use of undefined constant cat_id - assumed 'cat_id' C:\wwwroot\shop_31u1a2\web\Application\Runtime\Cache\Admin\8f8f9e924fef2f7f19573b72163671c0.php 第 98 行.
NOTIC: [8] Use of undefined constant cat_id - assumed 'cat_id' C:\wwwroot\shop_31u1a2\web\Application\Runtime\Cache\Admin\8f8f9e924fef2f7f19573b72163671c0.php 第 98 行.
NOTIC: [8] Use of undefined constant cat_id - assumed 'cat_id' C:\wwwroot\shop_31u1a2\web\Application\Runtime\Cache\Admin\8f8f9e924fef2f7f19573b72163671c0.php 第 98 行.
NOTIC: [8] Use of undefined constant cat_id - assumed 'cat_id' C:\wwwroot\shop_31u1a2\web\Application\Runtime\Cache\Admin\8f8f9e924fef2f7f19573b72163671c0.php 第 98 行.
NOTIC: [8] Use of undefined constant cat_id - assumed 'cat_id' C:\wwwroot\shop_31u1a2\web\Application\Runtime\Cache\Admin\8f8f9e924fef2f7f19573b72163671c0.php 第 98 行.
NOTIC: [8] Use of undefined constant cat_id - assumed 'cat_id' C:\wwwroot\shop_31u1a2\web\Application\Runtime\Cache\Admin\8f8f9e924fef2f7f19573b72163671c0.php 第 98 行.
NOTIC: [8] Use of undefined constant cat_id - assumed 'cat_id' C:\wwwroot\shop_31u1a2\web\Application\Runtime\Cache\Admin\8f8f9e924fef2f7f19573b72163671c0.php 第 98 行.
NOTIC: [8] Use of undefined constant cat_id - assumed 'cat_id' C:\wwwroot\shop_31u1a2\web\Application\Runtime\Cache\Admin\8f8f9e924fef2f7f19573b72163671c0.php 第 98 行.
NOTIC: [8] Undefined index: kewords C:\wwwroot\shop_31u1a2\web\Application\Runtime\Cache\Admin\8f8f9e924fef2f7f19573b72163671c0.php 第 128 行.
NOTIC: [8] Use of undefined constant is_open - assumed 'is_open' C:\wwwroot\shop_31u1a2\web\Application\Runtime\Cache\Admin\8f8f9e924fef2f7f19573b72163671c0.php 第 130 行.
NOTIC: [8] Undefined index: kewords C:\wwwroot\shop_31u1a2\web\Application\Runtime\Cache\Admin\8f8f9e924fef2f7f19573b72163671c0.php 第 128 行.
NOTIC: [8] Use of undefined constant is_open - assumed 'is_open' C:\wwwroot\shop_31u1a2\web\Application\Runtime\Cache\Admin\8f8f9e924fef2f7f19573b72163671c0.php 第 130 行.
NOTIC: [8] Undefined index: kewords C:\wwwroot\shop_31u1a2\web\Application\Runtime\Cache\Admin\8f8f9e924fef2f7f19573b72163671c0.php 第 128 行.
NOTIC: [8] Use of undefined constant is_open - assumed 'is_open' C:\wwwroot\shop_31u1a2\web\Application\Runtime\Cache\Admin\8f8f9e924fef2f7f19573b72163671c0.php 第 130 行.
NOTIC: [8] Undefined index: kewords C:\wwwroot\shop_31u1a2\web\Application\Runtime\Cache\Admin\8f8f9e924fef2f7f19573b72163671c0.php 第 128 行.
NOTIC: [8] Use of undefined constant is_open - assumed 'is_open' C:\wwwroot\shop_31u1a2\web\Application\Runtime\Cache\Admin\8f8f9e924fef2f7f19573b72163671c0.php 第 130 行.
NOTIC: [8] Undefined index: kewords C:\wwwroot\shop_31u1a2\web\Application\Runtime\Cache\Admin\8f8f9e924fef2f7f19573b72163671c0.php 第 128 行.
NOTIC: [8] Use of undefined constant is_open - assumed 'is_open' C:\wwwroot\shop_31u1a2\web\Application\Runtime\Cache\Admin\8f8f9e924fef2f7f19573b72163671c0.php 第 130 行.
NOTIC: [8] Undefined index: kewords C:\wwwroot\shop_31u1a2\web\Application\Runtime\Cache\Admin\8f8f9e924fef2f7f19573b72163671c0.php 第 128 行.
NOTIC: [8] Use of undefined constant is_open - assumed 'is_open' C:\wwwroot\shop_31u1a2\web\Application\Runtime\Cache\Admin\8f8f9e924fef2f7f19573b72163671c0.php 第 130 行.
NOTIC: [8] Undefined index: kewords C:\wwwroot\shop_31u1a2\web\Application\Runtime\Cache\Admin\8f8f9e924fef2f7f19573b72163671c0.php 第 128 行.
NOTIC: [8] Use of undefined constant is_open - assumed 'is_open' C:\wwwroot\shop_31u1a2\web\Application\Runtime\Cache\Admin\8f8f9e924fef2f7f19573b72163671c0.php 第 130 行.
NOTIC: [8] Undefined index: kewords C:\wwwroot\shop_31u1a2\web\Application\Runtime\Cache\Admin\8f8f9e924fef2f7f19573b72163671c0.php 第 128 行.
NOTIC: [8] Use of undefined constant is_open - assumed 'is_open' C:\wwwroot\shop_31u1a2\web\Application\Runtime\Cache\Admin\8f8f9e924fef2f7f19573b72163671c0.php 第 130 行.
NOTIC: [8] Undefined index: kewords C:\wwwroot\shop_31u1a2\web\Application\Runtime\Cache\Admin\8f8f9e924fef2f7f19573b72163671c0.php 第 128 行.
NOTIC: [8] Use of undefined constant is_open - assumed 'is_open' C:\wwwroot\shop_31u1a2\web\Application\Runtime\Cache\Admin\8f8f9e924fef2f7f19573b72163671c0.php 第 130 行.
NOTIC: [8] Undefined index: kewords C:\wwwroot\shop_31u1a2\web\Application\Runtime\Cache\Admin\8f8f9e924fef2f7f19573b72163671c0.php 第 128 行.
NOTIC: [8] Use of undefined constant is_open - assumed 'is_open' C:\wwwroot\shop_31u1a2\web\Application\Runtime\Cache\Admin\8f8f9e924fef2f7f19573b72163671c0.php 第 130 行.
NOTIC: [8] Undefined index: kewords C:\wwwroot\shop_31u1a2\web\Application\Runtime\Cache\Admin\8f8f9e924fef2f7f19573b72163671c0.php 第 128 行.
NOTIC: [8] Use of undefined constant is_open - assumed 'is_open' C:\wwwroot\shop_31u1a2\web\Application\Runtime\Cache\Admin\8f8f9e924fef2f7f19573b72163671c0.php 第 130 行.
NOTIC: [8] Undefined index: kewords C:\wwwroot\shop_31u1a2\web\Application\Runtime\Cache\Admin\8f8f9e924fef2f7f19573b72163671c0.php 第 128 行.
NOTIC: [8] Use of undefined constant is_open - assumed 'is_open' C:\wwwroot\shop_31u1a2\web\Application\Runtime\Cache\Admin\8f8f9e924fef2f7f19573b72163671c0.php 第 130 行.
NOTIC: [8] Undefined index: kewords C:\wwwroot\shop_31u1a2\web\Application\Runtime\Cache\Admin\8f8f9e924fef2f7f19573b72163671c0.php 第 128 行.
NOTIC: [8] Use of undefined constant is_open - assumed 'is_open' C:\wwwroot\shop_31u1a2\web\Application\Runtime\Cache\Admin\8f8f9e924fef2f7f19573b72163671c0.php 第 130 行.
NOTIC: [8] Undefined index: kewords C:\wwwroot\shop_31u1a2\web\Application\Runtime\Cache\Admin\8f8f9e924fef2f7f19573b72163671c0.php 第 128 行.
NOTIC: [8] Use of undefined constant is_open - assumed 'is_open' C:\wwwroot\shop_31u1a2\web\Application\Runtime\Cache\Admin\8f8f9e924fef2f7f19573b72163671c0.php 第 130 行.
NOTIC: [8] Undefined index: kewords C:\wwwroot\shop_31u1a2\web\Application\Runtime\Cache\Admin\8f8f9e924fef2f7f19573b72163671c0.php 第 128 行.
NOTIC: [8] Use of undefined constant is_open - assumed 'is_open' C:\wwwroot\shop_31u1a2\web\Application\Runtime\Cache\Admin\8f8f9e924fef2f7f19573b72163671c0.php 第 130 行.
NOTIC: [8] Undefined index: kewords C:\wwwroot\shop_31u1a2\web\Application\Runtime\Cache\Admin\8f8f9e924fef2f7f19573b72163671c0.php 第 128 行.
NOTIC: [8] Use of undefined constant is_open - assumed 'is_open' C:\wwwroot\shop_31u1a2\web\Application\Runtime\Cache\Admin\8f8f9e924fef2f7f19573b72163671c0.php 第 130 行.
NOTIC: [8] Undefined index: kewords C:\wwwroot\shop_31u1a2\web\Application\Runtime\Cache\Admin\8f8f9e924fef2f7f19573b72163671c0.php 第 128 行.
NOTIC: [8] Use of undefined constant is_open - assumed 'is_open' C:\wwwroot\shop_31u1a2\web\Application\Runtime\Cache\Admin\8f8f9e924fef2f7f19573b72163671c0.php 第 130 行.
NOTIC: [8] Undefined index: kewords C:\wwwroot\shop_31u1a2\web\Application\Runtime\Cache\Admin\8f8f9e924fef2f7f19573b72163671c0.php 第 128 行.
NOTIC: [8] Use of undefined constant is_open - assumed 'is_open' C:\wwwroot\shop_31u1a2\web\Application\Runtime\Cache\Admin\8f8f9e924fef2f7f19573b72163671c0.php 第 130 行.
NOTIC: [8] Undefined index: kewords C:\wwwroot\shop_31u1a2\web\Application\Runtime\Cache\Admin\8f8f9e924fef2f7f19573b72163671c0.php 第 128 行.
NOTIC: [8] Use of undefined constant is_open - assumed 'is_open' C:\wwwroot\shop_31u1a2\web\Application\Runtime\Cache\Admin\8f8f9e924fef2f7f19573b72163671c0.php 第 130 行.
NOTIC: [8] Undefined index: kewords C:\wwwroot\shop_31u1a2\web\Application\Runtime\Cache\Admin\8f8f9e924fef2f7f19573b72163671c0.php 第 128 行.
NOTIC: [8] Use of undefined constant is_open - assumed 'is_open' C:\wwwroot\shop_31u1a2\web\Application\Runtime\Cache\Admin\8f8f9e924fef2f7f19573b72163671c0.php 第 130 行.
INFO: Run Behavior\ParseTemplateBehavior [ RunTime:0.013789s ]
INFO: [ view_parse ] --END-- [ RunTime:0.013839s ]
INFO: [ view_filter ] --START--
INFO: Run Behavior\WriteHtmlCacheBehavior [ RunTime:0.000241s ]
INFO: Run Behavior\TokenBuildBehavior [ RunTime:0.001913s ]
INFO: [ view_filter ] --END-- [ RunTime:0.002237s ]
INFO: [ app_end ] --START--
INFO: Run Behavior\ShowPageTraceBehavior [ RunTime:0.000530s ]
INFO: [ app_end ] --END-- [ RunTime:0.000587s ]

[ 2017-12-29T11:35:19+08:00 ] 223.73.34.117 /index.php/Admin/article/categoryList
INFO: [ app_init ] --START--
INFO: Run Behavior\BuildLiteBehavior [ RunTime:0.000014s ]
INFO: [ app_init ] --END-- [ RunTime:0.000281s ]
INFO: [ app_begin ] --START--
INFO: Run Behavior\ReadHtmlCacheBehavior [ RunTime:0.000380s ]
INFO: [ app_begin ] --END-- [ RunTime:0.000430s ]
NOTIC: [8] Undefined index: categoryList C:\wwwroot\shop_31u1a2\web\Application\Admin\Common\function.php 第 51 行.
INFO: [ view_begin ] --START--
INFO: Run Home\Behaviors\testBehavior [ RunTime:0.000319s ]
INFO: [ view_begin ] --END-- [ RunTime:0.000379s ]
INFO: [ view_parse ] --START--
INFO: [ template_filter ] --START--
INFO: Run Behavior\ContentReplaceBehavior [ RunTime:0.000085s ]
INFO: [ template_filter ] --END-- [ RunTime:0.000136s ]
NOTIC: [8] Use of undefined constant level - assumed 'level' C:\wwwroot\shop_31u1a2\web\Application\Runtime\Cache\Admin\acfa4e51b277156860932c3efee2792e.php 第 126 行.
NOTIC: [8] Undefined index: is_leaf C:\wwwroot\shop_31u1a2\web\Application\Runtime\Cache\Admin\acfa4e51b277156860932c3efee2792e.php 第 127 行.
NOTIC: [8] Use of undefined constant cat_type - assumed 'cat_type' C:\wwwroot\shop_31u1a2\web\Application\Runtime\Cache\Admin\acfa4e51b277156860932c3efee2792e.php 第 129 行.
NOTIC: [8] Use of undefined constant show_in_nav - assumed 'show_in_nav' C:\wwwroot\shop_31u1a2\web\Application\Runtime\Cache\Admin\acfa4e51b277156860932c3efee2792e.php 第 132 行.
NOTIC: [8] Use of undefined constant level - assumed 'level' C:\wwwroot\shop_31u1a2\web\Application\Runtime\Cache\Admin\acfa4e51b277156860932c3efee2792e.php 第 126 行.
NOTIC: [8] Undefined index: is_leaf C:\wwwroot\shop_31u1a2\web\Application\Runtime\Cache\Admin\acfa4e51b277156860932c3efee2792e.php 第 127 行.
NOTIC: [8] Use of undefined constant cat_type - assumed 'cat_type' C:\wwwroot\shop_31u1a2\web\Application\Runtime\Cache\Admin\acfa4e51b277156860932c3efee2792e.php 第 129 行.
NOTIC: [8] Use of undefined constant show_in_nav - assumed 'show_in_nav' C:\wwwroot\shop_31u1a2\web\Application\Runtime\Cache\Admin\acfa4e51b277156860932c3efee2792e.php 第 132 行.
NOTIC: [8] Use of undefined constant level - assumed 'level' C:\wwwroot\shop_31u1a2\web\Application\Runtime\Cache\Admin\acfa4e51b277156860932c3efee2792e.php 第 126 行.
NOTIC: [8] Undefined index: is_leaf C:\wwwroot\shop_31u1a2\web\Application\Runtime\Cache\Admin\acfa4e51b277156860932c3efee2792e.php 第 127 行.
NOTIC: [8] Use of undefined constant cat_type - assumed 'cat_type' C:\wwwroot\shop_31u1a2\web\Application\Runtime\Cache\Admin\acfa4e51b277156860932c3efee2792e.php 第 129 行.
NOTIC: [8] Undefined index:  C:\wwwroot\shop_31u1a2\web\Application\Runtime\Cache\Admin\acfa4e51b277156860932c3efee2792e.php 第 129 行.
NOTIC: [8] Use of undefined constant show_in_nav - assumed 'show_in_nav' C:\wwwroot\shop_31u1a2\web\Application\Runtime\Cache\Admin\acfa4e51b277156860932c3efee2792e.php 第 132 行.
NOTIC: [8] Use of undefined constant level - assumed 'level' C:\wwwroot\shop_31u1a2\web\Application\Runtime\Cache\Admin\acfa4e51b277156860932c3efee2792e.php 第 126 行.
NOTIC: [8] Undefined index: is_leaf C:\wwwroot\shop_31u1a2\web\Application\Runtime\Cache\Admin\acfa4e51b277156860932c3efee2792e.php 第 127 行.
NOTIC: [8] Use of undefined constant cat_type - assumed 'cat_type' C:\wwwroot\shop_31u1a2\web\Application\Runtime\Cache\Admin\acfa4e51b277156860932c3efee2792e.php 第 129 行.
NOTIC: [8] Undefined index:  C:\wwwroot\shop_31u1a2\web\Application\Runtime\Cache\Admin\acfa4e51b277156860932c3efee2792e.php 第 129 行.
NOTIC: [8] Use of undefined constant show_in_nav - assumed 'show_in_nav' C:\wwwroot\shop_31u1a2\web\Application\Runtime\Cache\Admin\acfa4e51b277156860932c3efee2792e.php 第 132 行.
NOTIC: [8] Use of undefined constant level - assumed 'level' C:\wwwroot\shop_31u1a2\web\Application\Runtime\Cache\Admin\acfa4e51b277156860932c3efee2792e.php 第 126 行.
NOTIC: [8] Undefined index: is_leaf C:\wwwroot\shop_31u1a2\web\Application\Runtime\Cache\Admin\acfa4e51b277156860932c3efee2792e.php 第 127 行.
NOTIC: [8] Use of undefined constant cat_type - assumed 'cat_type' C:\wwwroot\shop_31u1a2\web\Application\Runtime\Cache\Admin\acfa4e51b277156860932c3efee2792e.php 第 129 行.
NOTIC: [8] Use of undefined constant show_in_nav - assumed 'show_in_nav' C:\wwwroot\shop_31u1a2\web\Application\Runtime\Cache\Admin\acfa4e51b277156860932c3efee2792e.php 第 132 行.
NOTIC: [8] Use of undefined constant level - assumed 'level' C:\wwwroot\shop_31u1a2\web\Application\Runtime\Cache\Admin\acfa4e51b277156860932c3efee2792e.php 第 126 行.
NOTIC: [8] Undefined index: is_leaf C:\wwwroot\shop_31u1a2\web\Application\Runtime\Cache\Admin\acfa4e51b277156860932c3efee2792e.php 第 127 行.
NOTIC: [8] Use of undefined constant cat_type - assumed 'cat_type' C:\wwwroot\shop_31u1a2\web\Application\Runtime\Cache\Admin\acfa4e51b277156860932c3efee2792e.php 第 129 行.
NOTIC: [8] Use of undefined constant show_in_nav - assumed 'show_in_nav' C:\wwwroot\shop_31u1a2\web\Application\Runtime\Cache\Admin\acfa4e51b277156860932c3efee2792e.php 第 132 行.
NOTIC: [8] Use of undefined constant level - assumed 'level' C:\wwwroot\shop_31u1a2\web\Application\Runtime\Cache\Admin\acfa4e51b277156860932c3efee2792e.php 第 126 行.
NOTIC: [8] Undefined index: is_leaf C:\wwwroot\shop_31u1a2\web\Application\Runtime\Cache\Admin\acfa4e51b277156860932c3efee2792e.php 第 127 行.
NOTIC: [8] Use of undefined constant cat_type - assumed 'cat_type' C:\wwwroot\shop_31u1a2\web\Application\Runtime\Cache\Admin\acfa4e51b277156860932c3efee2792e.php 第 129 行.
NOTIC: [8] Use of undefined constant show_in_nav - assumed 'show_in_nav' C:\wwwroot\shop_31u1a2\web\Application\Runtime\Cache\Admin\acfa4e51b277156860932c3efee2792e.php 第 132 行.
NOTIC: [8] Use of undefined constant level - assumed 'level' C:\wwwroot\shop_31u1a2\web\Application\Runtime\Cache\Admin\acfa4e51b277156860932c3efee2792e.php 第 126 行.
NOTIC: [8] Undefined index: is_leaf C:\wwwroot\shop_31u1a2\web\Application\Runtime\Cache\Admin\acfa4e51b277156860932c3efee2792e.php 第 127 行.
NOTIC: [8] Use of undefined constant cat_type - assumed 'cat_type' C:\wwwroot\shop_31u1a2\web\Application\Runtime\Cache\Admin\acfa4e51b277156860932c3efee2792e.php 第 129 行.
NOTIC: [8] Use of undefined constant show_in_nav - assumed 'show_in_nav' C:\wwwroot\shop_31u1a2\web\Application\Runtime\Cache\Admin\acfa4e51b277156860932c3efee2792e.php 第 132 行.
NOTIC: [8] Use of undefined constant level - assumed 'level' C:\wwwroot\shop_31u1a2\web\Application\Runtime\Cache\Admin\acfa4e51b277156860932c3efee2792e.php 第 126 行.
NOTIC: [8] Undefined index: is_leaf C:\wwwroot\shop_31u1a2\web\Application\Runtime\Cache\Admin\acfa4e51b277156860932c3efee2792e.php 第 127 行.
NOTIC: [8] Use of undefined constant cat_type - assumed 'cat_type' C:\wwwroot\shop_31u1a2\web\Application\Runtime\Cache\Admin\acfa4e51b277156860932c3efee2792e.php 第 129 行.
NOTIC: [8] Undefined index:  C:\wwwroot\shop_31u1a2\web\Application\Runtime\Cache\Admin\acfa4e51b277156860932c3efee2792e.php 第 129 行.
NOTIC: [8] Use of undefined constant show_in_nav - assumed 'show_in_nav' C:\wwwroot\shop_31u1a2\web\Application\Runtime\Cache\Admin\acfa4e51b277156860932c3efee2792e.php 第 132 行.
NOTIC: [8] Use of undefined constant level - assumed 'level' C:\wwwroot\shop_31u1a2\web\Application\Runtime\Cache\Admin\acfa4e51b277156860932c3efee2792e.php 第 126 行.
NOTIC: [8] Undefined index: is_leaf C:\wwwroot\shop_31u1a2\web\Application\Runtime\Cache\Admin\acfa4e51b277156860932c3efee2792e.php 第 127 行.
NOTIC: [8] Use of undefined constant cat_type - assumed 'cat_type' C:\wwwroot\shop_31u1a2\web\Application\Runtime\Cache\Admin\acfa4e51b277156860932c3efee2792e.php 第 129 行.
NOTIC: [8] Undefined index:  C:\wwwroot\shop_31u1a2\web\Application\Runtime\Cache\Admin\acfa4e51b277156860932c3efee2792e.php 第 129 行.
NOTIC: [8] Use of undefined constant show_in_nav - assumed 'show_in_nav' C:\wwwroot\shop_31u1a2\web\Application\Runtime\Cache\Admin\acfa4e51b277156860932c3efee2792e.php 第 132 行.
NOTIC: [8] Use of undefined constant level - assumed 'level' C:\wwwroot\shop_31u1a2\web\Application\Runtime\Cache\Admin\acfa4e51b277156860932c3efee2792e.php 第 126 行.
NOTIC: [8] Undefined index: is_leaf C:\wwwroot\shop_31u1a2\web\Application\Runtime\Cache\Admin\acfa4e51b277156860932c3efee2792e.php 第 127 行.
NOTIC: [8] Use of undefined constant cat_type - assumed 'cat_type' C:\wwwroot\shop_31u1a2\web\Application\Runtime\Cache\Admin\acfa4e51b277156860932c3efee2792e.php 第 129 行.
NOTIC: [8] Undefined index:  C:\wwwroot\shop_31u1a2\web\Application\Runtime\Cache\Admin\acfa4e51b277156860932c3efee2792e.php 第 129 行.
NOTIC: [8] Use of undefined constant show_in_nav - assumed 'show_in_nav' C:\wwwroot\shop_31u1a2\web\Application\Runtime\Cache\Admin\acfa4e51b277156860932c3efee2792e.php 第 132 行.
NOTIC: [8] Use of undefined constant level - assumed 'level' C:\wwwroot\shop_31u1a2\web\Application\Runtime\Cache\Admin\acfa4e51b277156860932c3efee2792e.php 第 126 行.
NOTIC: [8] Undefined index: is_leaf C:\wwwroot\shop_31u1a2\web\Application\Runtime\Cache\Admin\acfa4e51b277156860932c3efee2792e.php 第 127 行.
NOTIC: [8] Use of undefined constant cat_type - assumed 'cat_type' C:\wwwroot\shop_31u1a2\web\Application\Runtime\Cache\Admin\acfa4e51b277156860932c3efee2792e.php 第 129 行.
NOTIC: [8] Use of undefined constant show_in_nav - assumed 'show_in_nav' C:\wwwroot\shop_31u1a2\web\Application\Runtime\Cache\Admin\acfa4e51b277156860932c3efee2792e.php 第 132 行.
NOTIC: [8] Use of undefined constant level - assumed 'level' C:\wwwroot\shop_31u1a2\web\Application\Runtime\Cache\Admin\acfa4e51b277156860932c3efee2792e.php 第 126 行.
NOTIC: [8] Undefined index: is_leaf C:\wwwroot\shop_31u1a2\web\Application\Runtime\Cache\Admin\acfa4e51b277156860932c3efee2792e.php 第 127 行.
NOTIC: [8] Use of undefined constant cat_type - assumed 'cat_type' C:\wwwroot\shop_31u1a2\web\Application\Runtime\Cache\Admin\acfa4e51b277156860932c3efee2792e.php 第 129 行.
NOTIC: [8] Undefined index:  C:\wwwroot\shop_31u1a2\web\Application\Runtime\Cache\Admin\acfa4e51b277156860932c3efee2792e.php 第 129 行.
NOTIC: [8] Use of undefined constant show_in_nav - assumed 'show_in_nav' C:\wwwroot\shop_31u1a2\web\Application\Runtime\Cache\Admin\acfa4e51b277156860932c3efee2792e.php 第 132 行.
NOTIC: [8] Use of undefined constant level - assumed 'level' C:\wwwroot\shop_31u1a2\web\Application\Runtime\Cache\Admin\acfa4e51b277156860932c3efee2792e.php 第 126 行.
NOTIC: [8] Undefined index: is_leaf C:\wwwroot\shop_31u1a2\web\Application\Runtime\Cache\Admin\acfa4e51b277156860932c3efee2792e.php 第 127 行.
NOTIC: [8] Use of undefined constant cat_type - assumed 'cat_type' C:\wwwroot\shop_31u1a2\web\Application\Runtime\Cache\Admin\acfa4e51b277156860932c3efee2792e.php 第 129 行.
NOTIC: [8] Undefined index:  C:\wwwroot\shop_31u1a2\web\Application\Runtime\Cache\Admin\acfa4e51b277156860932c3efee2792e.php 第 129 行.
NOTIC: [8] Use of undefined constant show_in_nav - assumed 'show_in_nav' C:\wwwroot\shop_31u1a2\web\Application\Runtime\Cache\Admin\acfa4e51b277156860932c3efee2792e.php 第 132 行.
NOTIC: [8] Use of undefined constant level - assumed 'level' C:\wwwroot\shop_31u1a2\web\Application\Runtime\Cache\Admin\acfa4e51b277156860932c3efee2792e.php 第 126 行.
NOTIC: [8] Undefined index: is_leaf C:\wwwroot\shop_31u1a2\web\Application\Runtime\Cache\Admin\acfa4e51b277156860932c3efee2792e.php 第 127 行.
NOTIC: [8] Use of undefined constant cat_type - assumed 'cat_type' C:\wwwroot\shop_31u1a2\web\Application\Runtime\Cache\Admin\acfa4e51b277156860932c3efee2792e.php 第 129 行.
NOTIC: [8] Use of undefined constant show_in_nav - assumed 'show_in_nav' C:\wwwroot\shop_31u1a2\web\Application\Runtime\Cache\Admin\acfa4e51b277156860932c3efee2792e.php 第 132 行.
NOTIC: [8] Use of undefined constant level - assumed 'level' C:\wwwroot\shop_31u1a2\web\Application\Runtime\Cache\Admin\acfa4e51b277156860932c3efee2792e.php 第 126 行.
NOTIC: [8] Undefined index: is_leaf C:\wwwroot\shop_31u1a2\web\Application\Runtime\Cache\Admin\acfa4e51b277156860932c3efee2792e.php 第 127 行.
NOTIC: [8] Use of undefined constant cat_type - assumed 'cat_type' C:\wwwroot\shop_31u1a2\web\Application\Runtime\Cache\Admin\acfa4e51b277156860932c3efee2792e.php 第 129 行.
NOTIC: [8] Use of undefined constant show_in_nav - assumed 'show_in_nav' C:\wwwroot\shop_31u1a2\web\Application\Runtime\Cache\Admin\acfa4e51b277156860932c3efee2792e.php 第 132 行.
NOTIC: [8] Use of undefined constant level - assumed 'level' C:\wwwroot\shop_31u1a2\web\Application\Runtime\Cache\Admin\acfa4e51b277156860932c3efee2792e.php 第 126 行.
NOTIC: [8] Undefined index: is_leaf C:\wwwroot\shop_31u1a2\web\Application\Runtime\Cache\Admin\acfa4e51b277156860932c3efee2792e.php 第 127 行.
NOTIC: [8] Use of undefined constant cat_type - assumed 'cat_type' C:\wwwroot\shop_31u1a2\web\Application\Runtime\Cache\Admin\acfa4e51b277156860932c3efee2792e.php 第 129 行.
NOTIC: [8] Use of undefined constant show_in_nav - assumed 'show_in_nav' C:\wwwroot\shop_31u1a2\web\Application\Runtime\Cache\Admin\acfa4e51b277156860932c3efee2792e.php 第 132 行.
NOTIC: [8] Use of undefined constant level - assumed 'level' C:\wwwroot\shop_31u1a2\web\Application\Runtime\Cache\Admin\acfa4e51b277156860932c3efee2792e.php 第 126 行.
NOTIC: [8] Undefined index: is_leaf C:\wwwroot\shop_31u1a2\web\Application\Runtime\Cache\Admin\acfa4e51b277156860932c3efee2792e.php 第 127 行.
NOTIC: [8] Use of undefined constant cat_type - assumed 'cat_type' C:\wwwroot\shop_31u1a2\web\Application\Runtime\Cache\Admin\acfa4e51b277156860932c3efee2792e.php 第 129 行.
NOTIC: [8] Undefined index:  C:\wwwroot\shop_31u1a2\web\Application\Runtime\Cache\Admin\acfa4e51b277156860932c3efee2792e.php 第 129 行.
NOTIC: [8] Use of undefined constant show_in_nav - assumed 'show_in_nav' C:\wwwroot\shop_31u1a2\web\Application\Runtime\Cache\Admin\acfa4e51b277156860932c3efee2792e.php 第 132 行.
NOTIC: [8] Use of undefined constant level - assumed 'level' C:\wwwroot\shop_31u1a2\web\Application\Runtime\Cache\Admin\acfa4e51b277156860932c3efee2792e.php 第 126 行.
NOTIC: [8] Undefined index: is_leaf C:\wwwroot\shop_31u1a2\web\Application\Runtime\Cache\Admin\acfa4e51b277156860932c3efee2792e.php 第 127 行.
NOTIC: [8] Use of undefined constant cat_type - assumed 'cat_type' C:\wwwroot\shop_31u1a2\web\Application\Runtime\Cache\Admin\acfa4e51b277156860932c3efee2792e.php 第 129 行.
NOTIC: [8] Undefined index:  C:\wwwroot\shop_31u1a2\web\Application\Runtime\Cache\Admin\acfa4e51b277156860932c3efee2792e.php 第 129 行.
NOTIC: [8] Use of undefined constant show_in_nav - assumed 'show_in_nav' C:\wwwroot\shop_31u1a2\web\Application\Runtime\Cache\Admin\acfa4e51b277156860932c3efee2792e.php 第 132 行.
NOTIC: [8] Use of undefined constant level - assumed 'level' C:\wwwroot\shop_31u1a2\web\Application\Runtime\Cache\Admin\acfa4e51b277156860932c3efee2792e.php 第 126 行.
NOTIC: [8] Undefined index: is_leaf C:\wwwroot\shop_31u1a2\web\Application\Runtime\Cache\Admin\acfa4e51b277156860932c3efee2792e.php 第 127 行.
NOTIC: [8] Use of undefined constant cat_type - assumed 'cat_type' C:\wwwroot\shop_31u1a2\web\Application\Runtime\Cache\Admin\acfa4e51b277156860932c3efee2792e.php 第 129 行.
NOTIC: [8] Undefined index:  C:\wwwroot\shop_31u1a2\web\Application\Runtime\Cache\Admin\acfa4e51b277156860932c3efee2792e.php 第 129 行.
NOTIC: [8] Use of undefined constant show_in_nav - assumed 'show_in_nav' C:\wwwroot\shop_31u1a2\web\Application\Runtime\Cache\Admin\acfa4e51b277156860932c3efee2792e.php 第 132 行.
INFO: Run Behavior\ParseTemplateBehavior [ RunTime:0.011481s ]
INFO: [ view_parse ] --END-- [ RunTime:0.011522s ]
INFO: [ view_filter ] --START--
INFO: Run Behavior\WriteHtmlCacheBehavior [ RunTime:0.000199s ]
INFO: Run Behavior\TokenBuildBehavior [ RunTime:0.001524s ]
INFO: [ view_filter ] --END-- [ RunTime:0.001780s ]
INFO: [ app_end ] --START--
INFO: Run Behavior\ShowPageTraceBehavior [ RunTime:0.000421s ]
INFO: [ app_end ] --END-- [ RunTime:0.000462s ]

[ 2017-12-29T11:35:32+08:00 ] 223.73.34.117 /index.php/Admin/Article/category/act/edit/cat_id/13
INFO: [ app_init ] --START--
INFO: Run Behavior\BuildLiteBehavior [ RunTime:0.000013s ]
INFO: [ app_init ] --END-- [ RunTime:0.000274s ]
INFO: [ app_begin ] --START--
INFO: Run Behavior\ReadHtmlCacheBehavior [ RunTime:0.000453s ]
INFO: [ app_begin ] --END-- [ RunTime:0.000526s ]
INFO: [ view_begin ] --START--
INFO: Run Home\Behaviors\testBehavior [ RunTime:0.000423s ]
INFO: [ view_begin ] --END-- [ RunTime:0.000504s ]
INFO: [ view_parse ] --START--
INFO: [ template_filter ] --START--
INFO: Run Behavior\ContentReplaceBehavior [ RunTime:0.000077s ]
INFO: [ template_filter ] --END-- [ RunTime:0.000120s ]
NOTIC: [8] Use of undefined constant cat_type - assumed 'cat_type' C:\wwwroot\shop_31u1a2\web\Application\Runtime\Cache\Admin\2ab78e75319bdfa2a8e4038b726def7a.php 第 104 行.
NOTIC: [8] Use of undefined constant cat_type - assumed 'cat_type' C:\wwwroot\shop_31u1a2\web\Application\Runtime\Cache\Admin\2ab78e75319bdfa2a8e4038b726def7a.php 第 105 行.
NOTIC: [8] Use of undefined constant cat_type - assumed 'cat_type' C:\wwwroot\shop_31u1a2\web\Application\Runtime\Cache\Admin\2ab78e75319bdfa2a8e4038b726def7a.php 第 106 行.
NOTIC: [8] Use of undefined constant show_in_nav - assumed 'show_in_nav' C:\wwwroot\shop_31u1a2\web\Application\Runtime\Cache\Admin\2ab78e75319bdfa2a8e4038b726def7a.php 第 124 行.
NOTIC: [8] Use of undefined constant show_in_nav - assumed 'show_in_nav' C:\wwwroot\shop_31u1a2\web\Application\Runtime\Cache\Admin\2ab78e75319bdfa2a8e4038b726def7a.php 第 125 行.
INFO: Run Behavior\ParseTemplateBehavior [ RunTime:0.008764s ]
INFO: [ view_parse ] --END-- [ RunTime:0.008823s ]
INFO: [ view_filter ] --START--
INFO: Run Behavior\WriteHtmlCacheBehavior [ RunTime:0.000173s ]
INFO: Run Behavior\TokenBuildBehavior [ RunTime:0.000672s ]
INFO: [ view_filter ] --END-- [ RunTime:0.000901s ]
INFO: [ app_end ] --START--
INFO: Run Behavior\ShowPageTraceBehavior [ RunTime:0.000377s ]
INFO: [ app_end ] --END-- [ RunTime:0.000414s ]

[ 2017-12-29T11:35:36+08:00 ] 223.73.34.117 /index.php/Admin/article/categoryList
INFO: [ app_init ] --START--
INFO: Run Behavior\BuildLiteBehavior [ RunTime:0.000018s ]
INFO: [ app_init ] --END-- [ RunTime:0.000403s ]
INFO: [ app_begin ] --START--
INFO: Run Behavior\ReadHtmlCacheBehavior [ RunTime:0.000369s ]
INFO: [ app_begin ] --END-- [ RunTime:0.000418s ]
NOTIC: [8] Undefined index: categoryList C:\wwwroot\shop_31u1a2\web\Application\Admin\Common\function.php 第 51 行.
INFO: [ view_begin ] --START--
INFO: Run Home\Behaviors\testBehavior [ RunTime:0.000316s ]
INFO: [ view_begin ] --END-- [ RunTime:0.000368s ]
INFO: [ view_parse ] --START--
INFO: [ template_filter ] --START--
INFO: Run Behavior\ContentReplaceBehavior [ RunTime:0.000089s ]
INFO: [ template_filter ] --END-- [ RunTime:0.000142s ]
NOTIC: [8] Use of undefined constant level - assumed 'level' C:\wwwroot\shop_31u1a2\web\Application\Runtime\Cache\Admin\acfa4e51b277156860932c3efee2792e.php 第 126 行.
NOTIC: [8] Undefined index: is_leaf C:\wwwroot\shop_31u1a2\web\Application\Runtime\Cache\Admin\acfa4e51b277156860932c3efee2792e.php 第 127 行.
NOTIC: [8] Use of undefined constant cat_type - assumed 'cat_type' C:\wwwroot\shop_31u1a2\web\Application\Runtime\Cache\Admin\acfa4e51b277156860932c3efee2792e.php 第 129 行.
NOTIC: [8] Use of undefined constant show_in_nav - assumed 'show_in_nav' C:\wwwroot\shop_31u1a2\web\Application\Runtime\Cache\Admin\acfa4e51b277156860932c3efee2792e.php 第 132 行.
NOTIC: [8] Use of undefined constant level - assumed 'level' C:\wwwroot\shop_31u1a2\web\Application\Runtime\Cache\Admin\acfa4e51b277156860932c3efee2792e.php 第 126 行.
NOTIC: [8] Undefined index: is_leaf C:\wwwroot\shop_31u1a2\web\Application\Runtime\Cache\Admin\acfa4e51b277156860932c3efee2792e.php 第 127 行.
NOTIC: [8] Use of undefined constant cat_type - assumed 'cat_type' C:\wwwroot\shop_31u1a2\web\Application\Runtime\Cache\Admin\acfa4e51b277156860932c3efee2792e.php 第 129 行.
NOTIC: [8] Use of undefined constant show_in_nav - assumed 'show_in_nav' C:\wwwroot\shop_31u1a2\web\Application\Runtime\Cache\Admin\acfa4e51b277156860932c3efee2792e.php 第 132 行.
NOTIC: [8] Use of undefined constant level - assumed 'level' C:\wwwroot\shop_31u1a2\web\Application\Runtime\Cache\Admin\acfa4e51b277156860932c3efee2792e.php 第 126 行.
NOTIC: [8] Undefined index: is_leaf C:\wwwroot\shop_31u1a2\web\Application\Runtime\Cache\Admin\acfa4e51b277156860932c3efee2792e.php 第 127 行.
NOTIC: [8] Use of undefined constant cat_type - assumed 'cat_type' C:\wwwroot\shop_31u1a2\web\Application\Runtime\Cache\Admin\acfa4e51b277156860932c3efee2792e.php 第 129 行.
NOTIC: [8] Undefined index:  C:\wwwroot\shop_31u1a2\web\Application\Runtime\Cache\Admin\acfa4e51b277156860932c3efee2792e.php 第 129 行.
NOTIC: [8] Use of undefined constant show_in_nav - assumed 'show_in_nav' C:\wwwroot\shop_31u1a2\web\Application\Runtime\Cache\Admin\acfa4e51b277156860932c3efee2792e.php 第 132 行.
NOTIC: [8] Use of undefined constant level - assumed 'level' C:\wwwroot\shop_31u1a2\web\Application\Runtime\Cache\Admin\acfa4e51b277156860932c3efee2792e.php 第 126 行.
NOTIC: [8] Undefined index: is_leaf C:\wwwroot\shop_31u1a2\web\Application\Runtime\Cache\Admin\acfa4e51b277156860932c3efee2792e.php 第 127 行.
NOTIC: [8] Use of undefined constant cat_type - assumed 'cat_type' C:\wwwroot\shop_31u1a2\web\Application\Runtime\Cache\Admin\acfa4e51b277156860932c3efee2792e.php 第 129 行.
NOTIC: [8] Undefined index:  C:\wwwroot\shop_31u1a2\web\Application\Runtime\Cache\Admin\acfa4e51b277156860932c3efee2792e.php 第 129 行.
NOTIC: [8] Use of undefined constant show_in_nav - assumed 'show_in_nav' C:\wwwroot\shop_31u1a2\web\Application\Runtime\Cache\Admin\acfa4e51b277156860932c3efee2792e.php 第 132 行.
NOTIC: [8] Use of undefined constant level - assumed 'level' C:\wwwroot\shop_31u1a2\web\Application\Runtime\Cache\Admin\acfa4e51b277156860932c3efee2792e.php 第 126 行.
NOTIC: [8] Undefined index: is_leaf C:\wwwroot\shop_31u1a2\web\Application\Runtime\Cache\Admin\acfa4e51b277156860932c3efee2792e.php 第 127 行.
NOTIC: [8] Use of undefined constant cat_type - assumed 'cat_type' C:\wwwroot\shop_31u1a2\web\Application\Runtime\Cache\Admin\acfa4e51b277156860932c3efee2792e.php 第 129 行.
NOTIC: [8] Use of undefined constant show_in_nav - assumed 'show_in_nav' C:\wwwroot\shop_31u1a2\web\Application\Runtime\Cache\Admin\acfa4e51b277156860932c3efee2792e.php 第 132 行.
NOTIC: [8] Use of undefined constant level - assumed 'level' C:\wwwroot\shop_31u1a2\web\Application\Runtime\Cache\Admin\acfa4e51b277156860932c3efee2792e.php 第 126 行.
NOTIC: [8] Undefined index: is_leaf C:\wwwroot\shop_31u1a2\web\Application\Runtime\Cache\Admin\acfa4e51b277156860932c3efee2792e.php 第 127 行.
NOTIC: [8] Use of undefined constant cat_type - assumed 'cat_type' C:\wwwroot\shop_31u1a2\web\Application\Runtime\Cache\Admin\acfa4e51b277156860932c3efee2792e.php 第 129 行.
NOTIC: [8] Use of undefined constant show_in_nav - assumed 'show_in_nav' C:\wwwroot\shop_31u1a2\web\Application\Runtime\Cache\Admin\acfa4e51b277156860932c3efee2792e.php 第 132 行.
NOTIC: [8] Use of undefined constant level - assumed 'level' C:\wwwroot\shop_31u1a2\web\Application\Runtime\Cache\Admin\acfa4e51b277156860932c3efee2792e.php 第 126 行.
NOTIC: [8] Undefined index: is_leaf C:\wwwroot\shop_31u1a2\web\Application\Runtime\Cache\Admin\acfa4e51b277156860932c3efee2792e.php 第 127 行.
NOTIC: [8] Use of undefined constant cat_type - assumed 'cat_type' C:\wwwroot\shop_31u1a2\web\Application\Runtime\Cache\Admin\acfa4e51b277156860932c3efee2792e.php 第 129 行.
NOTIC: [8] Use of undefined constant show_in_nav - assumed 'show_in_nav' C:\wwwroot\shop_31u1a2\web\Application\Runtime\Cache\Admin\acfa4e51b277156860932c3efee2792e.php 第 132 行.
NOTIC: [8] Use of undefined constant level - assumed 'level' C:\wwwroot\shop_31u1a2\web\Application\Runtime\Cache\Admin\acfa4e51b277156860932c3efee2792e.php 第 126 行.
NOTIC: [8] Undefined index: is_leaf C:\wwwroot\shop_31u1a2\web\Application\Runtime\Cache\Admin\acfa4e51b277156860932c3efee2792e.php 第 127 行.
NOTIC: [8] Use of undefined constant cat_type - assumed 'cat_type' C:\wwwroot\shop_31u1a2\web\Application\Runtime\Cache\Admin\acfa4e51b277156860932c3efee2792e.php 第 129 行.
NOTIC: [8] Use of undefined constant show_in_nav - assumed 'show_in_nav' C:\wwwroot\shop_31u1a2\web\Application\Runtime\Cache\Admin\acfa4e51b277156860932c3efee2792e.php 第 132 行.
NOTIC: [8] Use of undefined constant level - assumed 'level' C:\wwwroot\shop_31u1a2\web\Application\Runtime\Cache\Admin\acfa4e51b277156860932c3efee2792e.php 第 126 行.
NOTIC: [8] Undefined index: is_leaf C:\wwwroot\shop_31u1a2\web\Application\Runtime\Cache\Admin\acfa4e51b277156860932c3efee2792e.php 第 127 行.
NOTIC: [8] Use of undefined constant cat_type - assumed 'cat_type' C:\wwwroot\shop_31u1a2\web\Application\Runtime\Cache\Admin\acfa4e51b277156860932c3efee2792e.php 第 129 行.
NOTIC: [8] Undefined index:  C:\wwwroot\shop_31u1a2\web\Application\Runtime\Cache\Admin\acfa4e51b277156860932c3efee2792e.php 第 129 行.
NOTIC: [8] Use of undefined constant show_in_nav - assumed 'show_in_nav' C:\wwwroot\shop_31u1a2\web\Application\Runtime\Cache\Admin\acfa4e51b277156860932c3efee2792e.php 第 132 行.
NOTIC: [8] Use of undefined constant level - assumed 'level' C:\wwwroot\shop_31u1a2\web\Application\Runtime\Cache\Admin\acfa4e51b277156860932c3efee2792e.php 第 126 行.
NOTIC: [8] Undefined index: is_leaf C:\wwwroot\shop_31u1a2\web\Application\Runtime\Cache\Admin\acfa4e51b277156860932c3efee2792e.php 第 127 行.
NOTIC: [8] Use of undefined constant cat_type - assumed 'cat_type' C:\wwwroot\shop_31u1a2\web\Application\Runtime\Cache\Admin\acfa4e51b277156860932c3efee2792e.php 第 129 行.
NOTIC: [8] Undefined index:  C:\wwwroot\shop_31u1a2\web\Application\Runtime\Cache\Admin\acfa4e51b277156860932c3efee2792e.php 第 129 行.
NOTIC: [8] Use of undefined constant show_in_nav - assumed 'show_in_nav' C:\wwwroot\shop_31u1a2\web\Application\Runtime\Cache\Admin\acfa4e51b277156860932c3efee2792e.php 第 132 行.
NOTIC: [8] Use of undefined constant level - assumed 'level' C:\wwwroot\shop_31u1a2\web\Application\Runtime\Cache\Admin\acfa4e51b277156860932c3efee2792e.php 第 126 行.
NOTIC: [8] Undefined index: is_leaf C:\wwwroot\shop_31u1a2\web\Application\Runtime\Cache\Admin\acfa4e51b277156860932c3efee2792e.php 第 127 行.
NOTIC: [8] Use of undefined constant cat_type - assumed 'cat_type' C:\wwwroot\shop_31u1a2\web\Application\Runtime\Cache\Admin\acfa4e51b277156860932c3efee2792e.php 第 129 行.
NOTIC: [8] Undefined index:  C:\wwwroot\shop_31u1a2\web\Application\Runtime\Cache\Admin\acfa4e51b277156860932c3efee2792e.php 第 129 行.
NOTIC: [8] Use of undefined constant show_in_nav - assumed 'show_in_nav' C:\wwwroot\shop_31u1a2\web\Application\Runtime\Cache\Admin\acfa4e51b277156860932c3efee2792e.php 第 132 行.
NOTIC: [8] Use of undefined constant level - assumed 'level' C:\wwwroot\shop_31u1a2\web\Application\Runtime\Cache\Admin\acfa4e51b277156860932c3efee2792e.php 第 126 行.
NOTIC: [8] Undefined index: is_leaf C:\wwwroot\shop_31u1a2\web\Application\Runtime\Cache\Admin\acfa4e51b277156860932c3efee2792e.php 第 127 行.
NOTIC: [8] Use of undefined constant cat_type - assumed 'cat_type' C:\wwwroot\shop_31u1a2\web\Application\Runtime\Cache\Admin\acfa4e51b277156860932c3efee2792e.php 第 129 行.
NOTIC: [8] Use of undefined constant show_in_nav - assumed 'show_in_nav' C:\wwwroot\shop_31u1a2\web\Application\Runtime\Cache\Admin\acfa4e51b277156860932c3efee2792e.php 第 132 行.
NOTIC: [8] Use of undefined constant level - assumed 'level' C:\wwwroot\shop_31u1a2\web\Application\Runtime\Cache\Admin\acfa4e51b277156860932c3efee2792e.php 第 126 行.
NOTIC: [8] Undefined index: is_leaf C:\wwwroot\shop_31u1a2\web\Application\Runtime\Cache\Admin\acfa4e51b277156860932c3efee2792e.php 第 127 行.
NOTIC: [8] Use of undefined constant cat_type - assumed 'cat_type' C:\wwwroot\shop_31u1a2\web\Application\Runtime\Cache\Admin\acfa4e51b277156860932c3efee2792e.php 第 129 行.
NOTIC: [8] Undefined index:  C:\wwwroot\shop_31u1a2\web\Application\Runtime\Cache\Admin\acfa4e51b277156860932c3efee2792e.php 第 129 行.
NOTIC: [8] Use of undefined constant show_in_nav - assumed 'show_in_nav' C:\wwwroot\shop_31u1a2\web\Application\Runtime\Cache\Admin\acfa4e51b277156860932c3efee2792e.php 第 132 行.
NOTIC: [8] Use of undefined constant level - assumed 'level' C:\wwwroot\shop_31u1a2\web\Application\Runtime\Cache\Admin\acfa4e51b277156860932c3efee2792e.php 第 126 行.
NOTIC: [8] Undefined index: is_leaf C:\wwwroot\shop_31u1a2\web\Application\Runtime\Cache\Admin\acfa4e51b277156860932c3efee2792e.php 第 127 行.
NOTIC: [8] Use of undefined constant cat_type - assumed 'cat_type' C:\wwwroot\shop_31u1a2\web\Application\Runtime\Cache\Admin\acfa4e51b277156860932c3efee2792e.php 第 129 行.
NOTIC: [8] Undefined index:  C:\wwwroot\shop_31u1a2\web\Application\Runtime\Cache\Admin\acfa4e51b277156860932c3efee2792e.php 第 129 行.
NOTIC: [8] Use of undefined constant show_in_nav - assumed 'show_in_nav' C:\wwwroot\shop_31u1a2\web\Application\Runtime\Cache\Admin\acfa4e51b277156860932c3efee2792e.php 第 132 行.
NOTIC: [8] Use of undefined constant level - assumed 'level' C:\wwwroot\shop_31u1a2\web\Application\Runtime\Cache\Admin\acfa4e51b277156860932c3efee2792e.php 第 126 行.
NOTIC: [8] Undefined index: is_leaf C:\wwwroot\shop_31u1a2\web\Application\Runtime\Cache\Admin\acfa4e51b277156860932c3efee2792e.php 第 127 行.
NOTIC: [8] Use of undefined constant cat_type - assumed 'cat_type' C:\wwwroot\shop_31u1a2\web\Application\Runtime\Cache\Admin\acfa4e51b277156860932c3efee2792e.php 第 129 行.
NOTIC: [8] Use of undefined constant show_in_nav - assumed 'show_in_nav' C:\wwwroot\shop_31u1a2\web\Application\Runtime\Cache\Admin\acfa4e51b277156860932c3efee2792e.php 第 132 行.
NOTIC: [8] Use of undefined constant level - assumed 'level' C:\wwwroot\shop_31u1a2\web\Application\Runtime\Cache\Admin\acfa4e51b277156860932c3efee2792e.php 第 126 行.
NOTIC: [8] Undefined index: is_leaf C:\wwwroot\shop_31u1a2\web\Application\Runtime\Cache\Admin\acfa4e51b277156860932c3efee2792e.php 第 127 行.
NOTIC: [8] Use of undefined constant cat_type - assumed 'cat_type' C:\wwwroot\shop_31u1a2\web\Application\Runtime\Cache\Admin\acfa4e51b277156860932c3efee2792e.php 第 129 行.
NOTIC: [8] Use of undefined constant show_in_nav - assumed 'show_in_nav' C:\wwwroot\shop_31u1a2\web\Application\Runtime\Cache\Admin\acfa4e51b277156860932c3efee2792e.php 第 132 行.
NOTIC: [8] Use of undefined constant level - assumed 'level' C:\wwwroot\shop_31u1a2\web\Application\Runtime\Cache\Admin\acfa4e51b277156860932c3efee2792e.php 第 126 行.
NOTIC: [8] Undefined index: is_leaf C:\wwwroot\shop_31u1a2\web\Application\Runtime\Cache\Admin\acfa4e51b277156860932c3efee2792e.php 第 127 行.
NOTIC: [8] Use of undefined constant cat_type - assumed 'cat_type' C:\wwwroot\shop_31u1a2\web\Application\Runtime\Cache\Admin\acfa4e51b277156860932c3efee2792e.php 第 129 行.
NOTIC: [8] Use of undefined constant show_in_nav - assumed 'show_in_nav' C:\wwwroot\shop_31u1a2\web\Application\Runtime\Cache\Admin\acfa4e51b277156860932c3efee2792e.php 第 132 行.
NOTIC: [8] Use of undefined constant level - assumed 'level' C:\wwwroot\shop_31u1a2\web\Application\Runtime\Cache\Admin\acfa4e51b277156860932c3efee2792e.php 第 126 行.
NOTIC: [8] Undefined index: is_leaf C:\wwwroot\shop_31u1a2\web\Application\Runtime\Cache\Admin\acfa4e51b277156860932c3efee2792e.php 第 127 行.
NOTIC: [8] Use of undefined constant cat_type - assumed 'cat_type' C:\wwwroot\shop_31u1a2\web\Application\Runtime\Cache\Admin\acfa4e51b277156860932c3efee2792e.php 第 129 行.
NOTIC: [8] Undefined index:  C:\wwwroot\shop_31u1a2\web\Application\Runtime\Cache\Admin\acfa4e51b277156860932c3efee2792e.php 第 129 行.
NOTIC: [8] Use of undefined constant show_in_nav - assumed 'show_in_nav' C:\wwwroot\shop_31u1a2\web\Application\Runtime\Cache\Admin\acfa4e51b277156860932c3efee2792e.php 第 132 行.
NOTIC: [8] Use of undefined constant level - assumed 'level' C:\wwwroot\shop_31u1a2\web\Application\Runtime\Cache\Admin\acfa4e51b277156860932c3efee2792e.php 第 126 行.
NOTIC: [8] Undefined index: is_leaf C:\wwwroot\shop_31u1a2\web\Application\Runtime\Cache\Admin\acfa4e51b277156860932c3efee2792e.php 第 127 行.
NOTIC: [8] Use of undefined constant cat_type - assumed 'cat_type' C:\wwwroot\shop_31u1a2\web\Application\Runtime\Cache\Admin\acfa4e51b277156860932c3efee2792e.php 第 129 行.
NOTIC: [8] Undefined index:  C:\wwwroot\shop_31u1a2\web\Application\Runtime\Cache\Admin\acfa4e51b277156860932c3efee2792e.php 第 129 行.
NOTIC: [8] Use of undefined constant show_in_nav - assumed 'show_in_nav' C:\wwwroot\shop_31u1a2\web\Application\Runtime\Cache\Admin\acfa4e51b277156860932c3efee2792e.php 第 132 行.
NOTIC: [8] Use of undefined constant level - assumed 'level' C:\wwwroot\shop_31u1a2\web\Application\Runtime\Cache\Admin\acfa4e51b277156860932c3efee2792e.php 第 126 行.
NOTIC: [8] Undefined index: is_leaf C:\wwwroot\shop_31u1a2\web\Application\Runtime\Cache\Admin\acfa4e51b277156860932c3efee2792e.php 第 127 行.
NOTIC: [8] Use of undefined constant cat_type - assumed 'cat_type' C:\wwwroot\shop_31u1a2\web\Application\Runtime\Cache\Admin\acfa4e51b277156860932c3efee2792e.php 第 129 行.
NOTIC: [8] Undefined index:  C:\wwwroot\shop_31u1a2\web\Application\Runtime\Cache\Admin\acfa4e51b277156860932c3efee2792e.php 第 129 行.
NOTIC: [8] Use of undefined constant show_in_nav - assumed 'show_in_nav' C:\wwwroot\shop_31u1a2\web\Application\Runtime\Cache\Admin\acfa4e51b277156860932c3efee2792e.php 第 132 行.
INFO: Run Behavior\ParseTemplateBehavior [ RunTime:0.010387s ]
INFO: [ view_parse ] --END-- [ RunTime:0.010426s ]
INFO: [ view_filter ] --START--
INFO: Run Behavior\WriteHtmlCacheBehavior [ RunTime:0.000176s ]
INFO: Run Behavior\TokenBuildBehavior [ RunTime:0.001452s ]
INFO: [ view_filter ] --END-- [ RunTime:0.001683s ]
INFO: [ app_end ] --START--
INFO: Run Behavior\ShowPageTraceBehavior [ RunTime:0.000360s ]
INFO: [ app_end ] --END-- [ RunTime:0.000402s ]

[ 2017-12-29T11:36:07+08:00 ] 223.73.34.117 /index.php/Admin/article/articleList
INFO: [ app_init ] --START--
INFO: Run Behavior\BuildLiteBehavior [ RunTime:0.000012s ]
INFO: [ app_init ] --END-- [ RunTime:0.000274s ]
INFO: [ app_begin ] --START--
INFO: Run Behavior\ReadHtmlCacheBehavior [ RunTime:0.000399s ]
INFO: [ app_begin ] --END-- [ RunTime:0.000457s ]
NOTIC: [8] Undefined index: articleList C:\wwwroot\shop_31u1a2\web\Application\Admin\Common\function.php 第 51 行.
INFO: [ view_begin ] --START--
INFO: Run Home\Behaviors\testBehavior [ RunTime:0.000363s ]
INFO: [ view_begin ] --END-- [ RunTime:0.000433s ]
INFO: [ view_parse ] --START--
INFO: [ template_filter ] --START--
INFO: Run Behavior\ContentReplaceBehavior [ RunTime:0.000075s ]
INFO: [ template_filter ] --END-- [ RunTime:0.000130s ]
NOTIC: [8] Use of undefined constant cat_id - assumed 'cat_id' C:\wwwroot\shop_31u1a2\web\Application\Runtime\Cache\Admin\8f8f9e924fef2f7f19573b72163671c0.php 第 98 行.
NOTIC: [8] Use of undefined constant cat_id - assumed 'cat_id' C:\wwwroot\shop_31u1a2\web\Application\Runtime\Cache\Admin\8f8f9e924fef2f7f19573b72163671c0.php 第 98 行.
NOTIC: [8] Use of undefined constant cat_id - assumed 'cat_id' C:\wwwroot\shop_31u1a2\web\Application\Runtime\Cache\Admin\8f8f9e924fef2f7f19573b72163671c0.php 第 98 行.
NOTIC: [8] Use of undefined constant cat_id - assumed 'cat_id' C:\wwwroot\shop_31u1a2\web\Application\Runtime\Cache\Admin\8f8f9e924fef2f7f19573b72163671c0.php 第 98 行.
NOTIC: [8] Use of undefined constant cat_id - assumed 'cat_id' C:\wwwroot\shop_31u1a2\web\Application\Runtime\Cache\Admin\8f8f9e924fef2f7f19573b72163671c0.php 第 98 行.
NOTIC: [8] Use of undefined constant cat_id - assumed 'cat_id' C:\wwwroot\shop_31u1a2\web\Application\Runtime\Cache\Admin\8f8f9e924fef2f7f19573b72163671c0.php 第 98 行.
NOTIC: [8] Use of undefined constant cat_id - assumed 'cat_id' C:\wwwroot\shop_31u1a2\web\Application\Runtime\Cache\Admin\8f8f9e924fef2f7f19573b72163671c0.php 第 98 行.
NOTIC: [8] Use of undefined constant cat_id - assumed 'cat_id' C:\wwwroot\shop_31u1a2\web\Application\Runtime\Cache\Admin\8f8f9e924fef2f7f19573b72163671c0.php 第 98 行.
NOTIC: [8] Use of undefined constant cat_id - assumed 'cat_id' C:\wwwroot\shop_31u1a2\web\Application\Runtime\Cache\Admin\8f8f9e924fef2f7f19573b72163671c0.php 第 98 行.
NOTIC: [8] Use of undefined constant cat_id - assumed 'cat_id' C:\wwwroot\shop_31u1a2\web\Application\Runtime\Cache\Admin\8f8f9e924fef2f7f19573b72163671c0.php 第 98 行.
NOTIC: [8] Use of undefined constant cat_id - assumed 'cat_id' C:\wwwroot\shop_31u1a2\web\Application\Runtime\Cache\Admin\8f8f9e924fef2f7f19573b72163671c0.php 第 98 行.
NOTIC: [8] Use of undefined constant cat_id - assumed 'cat_id' C:\wwwroot\shop_31u1a2\web\Application\Runtime\Cache\Admin\8f8f9e924fef2f7f19573b72163671c0.php 第 98 行.
NOTIC: [8] Use of undefined constant cat_id - assumed 'cat_id' C:\wwwroot\shop_31u1a2\web\Application\Runtime\Cache\Admin\8f8f9e924fef2f7f19573b72163671c0.php 第 98 行.
NOTIC: [8] Use of undefined constant cat_id - assumed 'cat_id' C:\wwwroot\shop_31u1a2\web\Application\Runtime\Cache\Admin\8f8f9e924fef2f7f19573b72163671c0.php 第 98 行.
NOTIC: [8] Use of undefined constant cat_id - assumed 'cat_id' C:\wwwroot\shop_31u1a2\web\Application\Runtime\Cache\Admin\8f8f9e924fef2f7f19573b72163671c0.php 第 98 行.
NOTIC: [8] Use of undefined constant cat_id - assumed 'cat_id' C:\wwwroot\shop_31u1a2\web\Application\Runtime\Cache\Admin\8f8f9e924fef2f7f19573b72163671c0.php 第 98 行.
NOTIC: [8] Use of undefined constant cat_id - assumed 'cat_id' C:\wwwroot\shop_31u1a2\web\Application\Runtime\Cache\Admin\8f8f9e924fef2f7f19573b72163671c0.php 第 98 行.
NOTIC: [8] Use of undefined constant cat_id - assumed 'cat_id' C:\wwwroot\shop_31u1a2\web\Application\Runtime\Cache\Admin\8f8f9e924fef2f7f19573b72163671c0.php 第 98 行.
NOTIC: [8] Use of undefined constant cat_id - assumed 'cat_id' C:\wwwroot\shop_31u1a2\web\Application\Runtime\Cache\Admin\8f8f9e924fef2f7f19573b72163671c0.php 第 98 行.
NOTIC: [8] Use of undefined constant cat_id - assumed 'cat_id' C:\wwwroot\shop_31u1a2\web\Application\Runtime\Cache\Admin\8f8f9e924fef2f7f19573b72163671c0.php 第 98 行.
NOTIC: [8] Undefined index: kewords C:\wwwroot\shop_31u1a2\web\Application\Runtime\Cache\Admin\8f8f9e924fef2f7f19573b72163671c0.php 第 128 行.
NOTIC: [8] Use of undefined constant is_open - assumed 'is_open' C:\wwwroot\shop_31u1a2\web\Application\Runtime\Cache\Admin\8f8f9e924fef2f7f19573b72163671c0.php 第 130 行.
NOTIC: [8] Undefined index: kewords C:\wwwroot\shop_31u1a2\web\Application\Runtime\Cache\Admin\8f8f9e924fef2f7f19573b72163671c0.php 第 128 行.
NOTIC: [8] Use of undefined constant is_open - assumed 'is_open' C:\wwwroot\shop_31u1a2\web\Application\Runtime\Cache\Admin\8f8f9e924fef2f7f19573b72163671c0.php 第 130 行.
NOTIC: [8] Undefined index: kewords C:\wwwroot\shop_31u1a2\web\Application\Runtime\Cache\Admin\8f8f9e924fef2f7f19573b72163671c0.php 第 128 行.
NOTIC: [8] Use of undefined constant is_open - assumed 'is_open' C:\wwwroot\shop_31u1a2\web\Application\Runtime\Cache\Admin\8f8f9e924fef2f7f19573b72163671c0.php 第 130 行.
NOTIC: [8] Undefined index: kewords C:\wwwroot\shop_31u1a2\web\Application\Runtime\Cache\Admin\8f8f9e924fef2f7f19573b72163671c0.php 第 128 行.
NOTIC: [8] Use of undefined constant is_open - assumed 'is_open' C:\wwwroot\shop_31u1a2\web\Application\Runtime\Cache\Admin\8f8f9e924fef2f7f19573b72163671c0.php 第 130 行.
NOTIC: [8] Undefined index: kewords C:\wwwroot\shop_31u1a2\web\Application\Runtime\Cache\Admin\8f8f9e924fef2f7f19573b72163671c0.php 第 128 行.
NOTIC: [8] Use of undefined constant is_open - assumed 'is_open' C:\wwwroot\shop_31u1a2\web\Application\Runtime\Cache\Admin\8f8f9e924fef2f7f19573b72163671c0.php 第 130 行.
NOTIC: [8] Undefined index: kewords C:\wwwroot\shop_31u1a2\web\Application\Runtime\Cache\Admin\8f8f9e924fef2f7f19573b72163671c0.php 第 128 行.
NOTIC: [8] Use of undefined constant is_open - assumed 'is_open' C:\wwwroot\shop_31u1a2\web\Application\Runtime\Cache\Admin\8f8f9e924fef2f7f19573b72163671c0.php 第 130 行.
NOTIC: [8] Undefined index: kewords C:\wwwroot\shop_31u1a2\web\Application\Runtime\Cache\Admin\8f8f9e924fef2f7f19573b72163671c0.php 第 128 行.
NOTIC: [8] Use of undefined constant is_open - assumed 'is_open' C:\wwwroot\shop_31u1a2\web\Application\Runtime\Cache\Admin\8f8f9e924fef2f7f19573b72163671c0.php 第 130 行.
NOTIC: [8] Undefined index: kewords C:\wwwroot\shop_31u1a2\web\Application\Runtime\Cache\Admin\8f8f9e924fef2f7f19573b72163671c0.php 第 128 行.
NOTIC: [8] Use of undefined constant is_open - assumed 'is_open' C:\wwwroot\shop_31u1a2\web\Application\Runtime\Cache\Admin\8f8f9e924fef2f7f19573b72163671c0.php 第 130 行.
NOTIC: [8] Undefined index: kewords C:\wwwroot\shop_31u1a2\web\Application\Runtime\Cache\Admin\8f8f9e924fef2f7f19573b72163671c0.php 第 128 行.
NOTIC: [8] Use of undefined constant is_open - assumed 'is_open' C:\wwwroot\shop_31u1a2\web\Application\Runtime\Cache\Admin\8f8f9e924fef2f7f19573b72163671c0.php 第 130 行.
NOTIC: [8] Undefined index: kewords C:\wwwroot\shop_31u1a2\web\Application\Runtime\Cache\Admin\8f8f9e924fef2f7f19573b72163671c0.php 第 128 行.
NOTIC: [8] Use of undefined constant is_open - assumed 'is_open' C:\wwwroot\shop_31u1a2\web\Application\Runtime\Cache\Admin\8f8f9e924fef2f7f19573b72163671c0.php 第 130 行.
NOTIC: [8] Undefined index: kewords C:\wwwroot\shop_31u1a2\web\Application\Runtime\Cache\Admin\8f8f9e924fef2f7f19573b72163671c0.php 第 128 行.
NOTIC: [8] Use of undefined constant is_open - assumed 'is_open' C:\wwwroot\shop_31u1a2\web\Application\Runtime\Cache\Admin\8f8f9e924fef2f7f19573b72163671c0.php 第 130 行.
NOTIC: [8] Undefined index: kewords C:\wwwroot\shop_31u1a2\web\Application\Runtime\Cache\Admin\8f8f9e924fef2f7f19573b72163671c0.php 第 128 行.
NOTIC: [8] Use of undefined constant is_open - assumed 'is_open' C:\wwwroot\shop_31u1a2\web\Application\Runtime\Cache\Admin\8f8f9e924fef2f7f19573b72163671c0.php 第 130 行.
NOTIC: [8] Undefined index: kewords C:\wwwroot\shop_31u1a2\web\Application\Runtime\Cache\Admin\8f8f9e924fef2f7f19573b72163671c0.php 第 128 行.
NOTIC: [8] Use of undefined constant is_open - assumed 'is_open' C:\wwwroot\shop_31u1a2\web\Application\Runtime\Cache\Admin\8f8f9e924fef2f7f19573b72163671c0.php 第 130 行.
NOTIC: [8] Undefined index: kewords C:\wwwroot\shop_31u1a2\web\Application\Runtime\Cache\Admin\8f8f9e924fef2f7f19573b72163671c0.php 第 128 行.
NOTIC: [8] Use of undefined constant is_open - assumed 'is_open' C:\wwwroot\shop_31u1a2\web\Application\Runtime\Cache\Admin\8f8f9e924fef2f7f19573b72163671c0.php 第 130 行.
NOTIC: [8] Undefined index: kewords C:\wwwroot\shop_31u1a2\web\Application\Runtime\Cache\Admin\8f8f9e924fef2f7f19573b72163671c0.php 第 128 行.
NOTIC: [8] Use of undefined constant is_open - assumed 'is_open' C:\wwwroot\shop_31u1a2\web\Application\Runtime\Cache\Admin\8f8f9e924fef2f7f19573b72163671c0.php 第 130 行.
NOTIC: [8] Undefined index: kewords C:\wwwroot\shop_31u1a2\web\Application\Runtime\Cache\Admin\8f8f9e924fef2f7f19573b72163671c0.php 第 128 行.
NOTIC: [8] Use of undefined constant is_open - assumed 'is_open' C:\wwwroot\shop_31u1a2\web\Application\Runtime\Cache\Admin\8f8f9e924fef2f7f19573b72163671c0.php 第 130 行.
NOTIC: [8] Undefined index: kewords C:\wwwroot\shop_31u1a2\web\Application\Runtime\Cache\Admin\8f8f9e924fef2f7f19573b72163671c0.php 第 128 行.
NOTIC: [8] Use of undefined constant is_open - assumed 'is_open' C:\wwwroot\shop_31u1a2\web\Application\Runtime\Cache\Admin\8f8f9e924fef2f7f19573b72163671c0.php 第 130 行.
NOTIC: [8] Undefined index: kewords C:\wwwroot\shop_31u1a2\web\Application\Runtime\Cache\Admin\8f8f9e924fef2f7f19573b72163671c0.php 第 128 行.
NOTIC: [8] Use of undefined constant is_open - assumed 'is_open' C:\wwwroot\shop_31u1a2\web\Application\Runtime\Cache\Admin\8f8f9e924fef2f7f19573b72163671c0.php 第 130 行.
NOTIC: [8] Undefined index: kewords C:\wwwroot\shop_31u1a2\web\Application\Runtime\Cache\Admin\8f8f9e924fef2f7f19573b72163671c0.php 第 128 行.
NOTIC: [8] Use of undefined constant is_open - assumed 'is_open' C:\wwwroot\shop_31u1a2\web\Application\Runtime\Cache\Admin\8f8f9e924fef2f7f19573b72163671c0.php 第 130 行.
NOTIC: [8] Undefined index: kewords C:\wwwroot\shop_31u1a2\web\Application\Runtime\Cache\Admin\8f8f9e924fef2f7f19573b72163671c0.php 第 128 行.
NOTIC: [8] Use of undefined constant is_open - assumed 'is_open' C:\wwwroot\shop_31u1a2\web\Application\Runtime\Cache\Admin\8f8f9e924fef2f7f19573b72163671c0.php 第 130 行.
INFO: Run Behavior\ParseTemplateBehavior [ RunTime:0.011277s ]
INFO: [ view_parse ] --END-- [ RunTime:0.011328s ]
INFO: [ view_filter ] --START--
INFO: Run Behavior\WriteHtmlCacheBehavior [ RunTime:0.000196s ]
INFO: Run Behavior\TokenBuildBehavior [ RunTime:0.001396s ]
INFO: [ view_filter ] --END-- [ RunTime:0.001650s ]
INFO: [ app_end ] --START--
INFO: Run Behavior\ShowPageTraceBehavior [ RunTime:0.000402s ]
INFO: [ app_end ] --END-- [ RunTime:0.000442s ]

