[ 2018-01-21T16:42:04+08:00 ] 139.205.205.229 /admin
INFO: [ app_init ] --START--
INFO: Run Behavior\BuildLiteBehavior [ RunTime:0.000015s ]
INFO: [ app_init ] --END-- [ RunTime:0.000344s ]
INFO: [ app_begin ] --START--
INFO: Run Behavior\ReadHtmlCacheBehavior [ RunTime:0.000461s ]
INFO: [ app_begin ] --END-- [ RunTime:0.000521s ]
INFO: [ view_begin ] --START--
INFO: Run Home\Behaviors\testBehavior [ RunTime:0.000488s ]
INFO: [ view_begin ] --END-- [ RunTime:0.000593s ]
INFO: [ view_parse ] --START--
INFO: [ template_filter ] --START--
INFO: Run Behavior\ContentReplaceBehavior [ RunTime:0.000062s ]
INFO: [ template_filter ] --END-- [ RunTime:0.000136s ]
INFO: Run Behavior\ParseTemplateBehavior [ RunTime:0.034766s ]
INFO: [ view_parse ] --END-- [ RunTime:0.034847s ]
INFO: [ view_filter ] --START--
INFO: Run Behavior\WriteHtmlCacheBehavior [ RunTime:0.000214s ]
INFO: Run Behavior\TokenBuildBehavior [ RunTime:0.000394s ]
INFO: [ view_filter ] --END-- [ RunTime:0.000686s ]

[ 2018-01-21T16:42:06+08:00 ] 139.205.205.229 /index.php/Admin/Admin/login
INFO: [ app_init ] --START--
INFO: Run Behavior\BuildLiteBehavior [ RunTime:0.000015s ]
INFO: [ app_init ] --END-- [ RunTime:0.000304s ]
INFO: [ app_begin ] --START--
INFO: Run Behavior\ReadHtmlCacheBehavior [ RunTime:0.000424s ]
INFO: [ app_begin ] --END-- [ RunTime:0.000492s ]
NOTIC: [8] Undefined index: login C:\wwwroot\shop_31u1a2\web\Application\Admin\Common\function.php 第 51 行.
INFO: [ view_begin ] --START--
INFO: Run Home\Behaviors\testBehavior [ RunTime:0.000479s ]
INFO: [ view_begin ] --END-- [ RunTime:0.000540s ]
INFO: [ view_parse ] --START--
INFO: [ template_filter ] --START--
INFO: Run Behavior\ContentReplaceBehavior [ RunTime:0.000059s ]
INFO: [ template_filter ] --END-- [ RunTime:0.000112s ]
INFO: Run Behavior\ParseTemplateBehavior [ RunTime:0.025295s ]
INFO: [ view_parse ] --END-- [ RunTime:0.025367s ]
INFO: [ view_filter ] --START--
INFO: Run Behavior\WriteHtmlCacheBehavior [ RunTime:0.000378s ]
INFO: Run Behavior\TokenBuildBehavior [ RunTime:0.000651s ]
INFO: [ view_filter ] --END-- [ RunTime:0.001111s ]
INFO: [ app_end ] --START--
INFO: Run Behavior\ShowPageTraceBehavior [ RunTime:0.000422s ]
INFO: [ app_end ] --END-- [ RunTime:0.000465s ]

[ 2018-01-21T16:42:06+08:00 ] 139.205.205.229 /index.php/Admin/Admin/vertify
INFO: [ app_init ] --START--
INFO: Run Behavior\BuildLiteBehavior [ RunTime:0.000035s ]
INFO: [ app_init ] --END-- [ RunTime:0.000611s ]
INFO: [ app_begin ] --START--
INFO: Run Behavior\ReadHtmlCacheBehavior [ RunTime:0.000890s ]
INFO: [ app_begin ] --END-- [ RunTime:0.001022s ]
NOTIC: [8] Undefined index: vertify C:\wwwroot\shop_31u1a2\web\Application\Admin\Common\function.php 第 51 行.
INFO: [ app_end ] --START--
INFO: Run Behavior\ShowPageTraceBehavior [ RunTime:0.000547s ]
INFO: [ app_end ] --END-- [ RunTime:0.000629s ]

[ 2018-01-21T16:42:17+08:00 ] 139.205.205.229 /index.php?m=Admin&c=Admin&a=login&t=0.2468362140104159
INFO: [ app_init ] --START--
INFO: Run Behavior\BuildLiteBehavior [ RunTime:0.000014s ]
INFO: [ app_init ] --END-- [ RunTime:0.000293s ]
INFO: [ app_begin ] --START--
INFO: Run Behavior\ReadHtmlCacheBehavior [ RunTime:0.000404s ]
INFO: [ app_begin ] --END-- [ RunTime:0.000455s ]
NOTIC: [8] Undefined index: login C:\wwwroot\shop_31u1a2\web\Application\Admin\Common\function.php 第 51 行.

[ 2018-01-21T16:42:17+08:00 ] 139.205.205.229 /index.php/Admin/Index/index
INFO: [ app_init ] --START--
INFO: Run Behavior\BuildLiteBehavior [ RunTime:0.000014s ]
INFO: [ app_init ] --END-- [ RunTime:0.000301s ]
INFO: [ app_begin ] --START--
INFO: Run Behavior\ReadHtmlCacheBehavior [ RunTime:0.000411s ]
INFO: [ app_begin ] --END-- [ RunTime:0.000464s ]
INFO: [ view_begin ] --START--
INFO: Run Home\Behaviors\testBehavior [ RunTime:0.000409s ]
INFO: [ view_begin ] --END-- [ RunTime:0.000470s ]
INFO: [ view_parse ] --START--
INFO: [ template_filter ] --START--
INFO: Run Behavior\ContentReplaceBehavior [ RunTime:0.000091s ]
INFO: [ template_filter ] --END-- [ RunTime:0.000146s ]
INFO: Run Behavior\ParseTemplateBehavior [ RunTime:0.014538s ]
INFO: [ view_parse ] --END-- [ RunTime:0.014588s ]
INFO: [ view_filter ] --START--
INFO: Run Behavior\WriteHtmlCacheBehavior [ RunTime:0.000191s ]
INFO: Run Behavior\TokenBuildBehavior [ RunTime:0.001171s ]
INFO: [ view_filter ] --END-- [ RunTime:0.001422s ]
INFO: [ app_end ] --START--
INFO: Run Behavior\ShowPageTraceBehavior [ RunTime:0.000385s ]
INFO: [ app_end ] --END-- [ RunTime:0.000424s ]

[ 2018-01-21T16:42:17+08:00 ] 139.205.205.229 /index.php/Admin/Index/welcome
INFO: [ app_init ] --START--
INFO: Run Behavior\BuildLiteBehavior [ RunTime:0.000015s ]
INFO: [ app_init ] --END-- [ RunTime:0.000301s ]
INFO: [ app_begin ] --START--
INFO: Run Behavior\ReadHtmlCacheBehavior [ RunTime:0.000496s ]
INFO: [ app_begin ] --END-- [ RunTime:0.000549s ]
NOTIC: [8] Undefined index: welcome C:\wwwroot\shop_31u1a2\web\Application\Admin\Common\function.php 第 51 行.
NOTIC: [8] Undefined index: version C:\wwwroot\shop_31u1a2\web\Application\Admin\Controller\IndexController.class.php 第 64 行.
INFO: [ view_begin ] --START--
INFO: Run Home\Behaviors\testBehavior [ RunTime:0.000426s ]
INFO: [ view_begin ] --END-- [ RunTime:0.000493s ]
INFO: [ view_parse ] --START--
INFO: [ template_filter ] --START--
INFO: Run Behavior\ContentReplaceBehavior [ RunTime:0.000075s ]
INFO: [ template_filter ] --END-- [ RunTime:0.000127s ]
INFO: Run Behavior\ParseTemplateBehavior [ RunTime:0.028695s ]
INFO: [ view_parse ] --END-- [ RunTime:0.028764s ]
INFO: [ view_filter ] --START--
INFO: Run Behavior\WriteHtmlCacheBehavior [ RunTime:0.000219s ]
INFO: Run Behavior\TokenBuildBehavior [ RunTime:0.000794s ]
INFO: [ view_filter ] --END-- [ RunTime:0.001077s ]
INFO: [ app_end ] --START--
INFO: Run Behavior\ShowPageTraceBehavior [ RunTime:0.000435s ]
INFO: [ app_end ] --END-- [ RunTime:0.000476s ]

[ 2018-01-21T16:42:20+08:00 ] 139.205.205.229 /index.php/Admin/System/login_task
INFO: [ app_init ] --START--
INFO: Run Behavior\BuildLiteBehavior [ RunTime:0.000021s ]
INFO: [ app_init ] --END-- [ RunTime:0.000349s ]
INFO: [ app_begin ] --START--
INFO: Run Behavior\ReadHtmlCacheBehavior [ RunTime:0.000458s ]
INFO: [ app_begin ] --END-- [ RunTime:0.000509s ]
NOTIC: [8] Undefined index: login_task C:\wwwroot\shop_31u1a2\web\Application\Admin\Common\function.php 第 51 行.
NOTIC: [2] Invalid argument supplied for foreach() C:\wwwroot\shop_31u1a2\web\Application\Admin\Controller\SystemController.class.php 第 249 行.
INFO: [ app_end ] --START--
INFO: Run Behavior\ShowPageTraceBehavior [ RunTime:0.000514s ]
INFO: [ app_end ] --END-- [ RunTime:0.000569s ]

[ 2018-01-21T16:42:22+08:00 ] 139.205.205.229 /index.php/Admin/System/index
INFO: [ app_init ] --START--
INFO: Run Behavior\BuildLiteBehavior [ RunTime:0.000023s ]
INFO: [ app_init ] --END-- [ RunTime:0.000331s ]
INFO: [ app_begin ] --START--
INFO: Run Behavior\ReadHtmlCacheBehavior [ RunTime:0.000414s ]
INFO: [ app_begin ] --END-- [ RunTime:0.000475s ]
INFO: [ view_begin ] --START--
INFO: Run Home\Behaviors\testBehavior [ RunTime:0.000452s ]
INFO: [ view_begin ] --END-- [ RunTime:0.000521s ]
INFO: [ view_parse ] --START--
INFO: [ template_filter ] --START--
INFO: Run Behavior\ContentReplaceBehavior [ RunTime:0.000136s ]
INFO: [ template_filter ] --END-- [ RunTime:0.000201s ]
INFO: Run Behavior\ParseTemplateBehavior [ RunTime:0.011666s ]
INFO: [ view_parse ] --END-- [ RunTime:0.011717s ]
INFO: [ view_filter ] --START--
INFO: Run Behavior\WriteHtmlCacheBehavior [ RunTime:0.000180s ]
INFO: Run Behavior\TokenBuildBehavior [ RunTime:0.000305s ]
INFO: [ view_filter ] --END-- [ RunTime:0.000546s ]
INFO: [ app_end ] --START--
INFO: Run Behavior\ShowPageTraceBehavior [ RunTime:0.000384s ]
INFO: [ app_end ] --END-- [ RunTime:0.000425s ]

[ 2018-01-21T16:42:22+08:00 ] 139.205.205.229 /index.php?m=Admin&c=Api&a=getRegion&level=1&parent_id=0
INFO: [ app_init ] --START--
INFO: Run Behavior\BuildLiteBehavior [ RunTime:0.000015s ]
INFO: [ app_init ] --END-- [ RunTime:0.000307s ]
INFO: [ app_begin ] --START--
INFO: Run Behavior\ReadHtmlCacheBehavior [ RunTime:0.000430s ]
INFO: [ app_begin ] --END-- [ RunTime:0.000488s ]
NOTIC: [8] Undefined index: admin/api C:\wwwroot\shop_31u1a2\web\Application\Admin\Common\function.php 第 50 行.
NOTIC: [8] Undefined index: admin/api C:\wwwroot\shop_31u1a2\web\Application\Admin\Common\function.php 第 51 行.
INFO: [ app_end ] --START--
INFO: Run Behavior\ShowPageTraceBehavior [ RunTime:0.000560s ]
INFO: [ app_end ] --END-- [ RunTime:0.000625s ]

[ 2018-01-21T16:42:27+08:00 ] 139.205.205.229 /index.php/Admin/Ad/adList
INFO: [ app_init ] --START--
INFO: Run Behavior\BuildLiteBehavior [ RunTime:0.000016s ]
INFO: [ app_init ] --END-- [ RunTime:0.000335s ]
INFO: [ app_begin ] --START--
INFO: Run Behavior\ReadHtmlCacheBehavior [ RunTime:0.000542s ]
INFO: [ app_begin ] --END-- [ RunTime:0.000606s ]
INFO: [ view_begin ] --START--
INFO: Run Home\Behaviors\testBehavior [ RunTime:0.000542s ]
INFO: [ view_begin ] --END-- [ RunTime:0.000607s ]
INFO: [ view_parse ] --START--
NOTIC: [8] Undefined index: level C:\wwwroot\shop_31u1a2\web\ThinkPHP\Library\Think\Template\TagLib\Tpshop.class.php 第 155 行.
INFO: [ template_filter ] --START--
INFO: Run Behavior\ContentReplaceBehavior [ RunTime:0.000092s ]
INFO: [ template_filter ] --END-- [ RunTime:0.000142s ]
INFO: Run Behavior\ParseTemplateBehavior [ RunTime:0.021167s ]
INFO: [ view_parse ] --END-- [ RunTime:0.021231s ]
INFO: [ view_filter ] --START--
INFO: Run Behavior\WriteHtmlCacheBehavior [ RunTime:0.000414s ]
INFO: Run Behavior\TokenBuildBehavior [ RunTime:0.001023s ]
INFO: [ view_filter ] --END-- [ RunTime:0.001517s ]
INFO: [ app_end ] --START--
INFO: Run Behavior\ShowPageTraceBehavior [ RunTime:0.000512s ]
INFO: [ app_end ] --END-- [ RunTime:0.000553s ]

[ 2018-01-21T16:42:29+08:00 ] 139.205.205.229 /index.php/Admin/Ad/positionList
INFO: [ app_init ] --START--
INFO: Run Behavior\BuildLiteBehavior [ RunTime:0.000014s ]
INFO: [ app_init ] --END-- [ RunTime:0.000327s ]
INFO: [ app_begin ] --START--
INFO: Run Behavior\ReadHtmlCacheBehavior [ RunTime:0.000470s ]
INFO: [ app_begin ] --END-- [ RunTime:0.000526s ]
INFO: [ view_begin ] --START--
INFO: Run Home\Behaviors\testBehavior [ RunTime:0.000724s ]
INFO: [ view_begin ] --END-- [ RunTime:0.000792s ]
INFO: [ view_parse ] --START--
INFO: [ template_filter ] --START--
INFO: Run Behavior\ContentReplaceBehavior [ RunTime:0.000064s ]
INFO: [ template_filter ] --END-- [ RunTime:0.000122s ]
NOTIC: [8] Use of undefined constant is_open - assumed 'is_open' C:\wwwroot\shop_31u1a2\web\Application\Runtime\Cache\Admin\e86a261d7612c0adebb99b0365675fb2.php 第 118 行.
NOTIC: [8] Use of undefined constant is_open - assumed 'is_open' C:\wwwroot\shop_31u1a2\web\Application\Runtime\Cache\Admin\e86a261d7612c0adebb99b0365675fb2.php 第 118 行.
NOTIC: [8] Use of undefined constant is_open - assumed 'is_open' C:\wwwroot\shop_31u1a2\web\Application\Runtime\Cache\Admin\e86a261d7612c0adebb99b0365675fb2.php 第 118 行.
NOTIC: [8] Use of undefined constant is_open - assumed 'is_open' C:\wwwroot\shop_31u1a2\web\Application\Runtime\Cache\Admin\e86a261d7612c0adebb99b0365675fb2.php 第 118 行.
NOTIC: [8] Use of undefined constant is_open - assumed 'is_open' C:\wwwroot\shop_31u1a2\web\Application\Runtime\Cache\Admin\e86a261d7612c0adebb99b0365675fb2.php 第 118 行.
NOTIC: [8] Use of undefined constant is_open - assumed 'is_open' C:\wwwroot\shop_31u1a2\web\Application\Runtime\Cache\Admin\e86a261d7612c0adebb99b0365675fb2.php 第 118 行.
NOTIC: [8] Use of undefined constant is_open - assumed 'is_open' C:\wwwroot\shop_31u1a2\web\Application\Runtime\Cache\Admin\e86a261d7612c0adebb99b0365675fb2.php 第 118 行.
NOTIC: [8] Use of undefined constant is_open - assumed 'is_open' C:\wwwroot\shop_31u1a2\web\Application\Runtime\Cache\Admin\e86a261d7612c0adebb99b0365675fb2.php 第 118 行.
NOTIC: [8] Use of undefined constant is_open - assumed 'is_open' C:\wwwroot\shop_31u1a2\web\Application\Runtime\Cache\Admin\e86a261d7612c0adebb99b0365675fb2.php 第 118 行.
NOTIC: [8] Use of undefined constant is_open - assumed 'is_open' C:\wwwroot\shop_31u1a2\web\Application\Runtime\Cache\Admin\e86a261d7612c0adebb99b0365675fb2.php 第 118 行.
INFO: Run Behavior\ParseTemplateBehavior [ RunTime:0.025668s ]
INFO: [ view_parse ] --END-- [ RunTime:0.025718s ]
INFO: [ view_filter ] --START--
INFO: Run Behavior\WriteHtmlCacheBehavior [ RunTime:0.000275s ]
INFO: Run Behavior\TokenBuildBehavior [ RunTime:0.001076s ]
INFO: [ view_filter ] --END-- [ RunTime:0.001425s ]
INFO: [ app_end ] --START--
INFO: Run Behavior\ShowPageTraceBehavior [ RunTime:0.000458s ]
INFO: [ app_end ] --END-- [ RunTime:0.000500s ]

[ 2018-01-21T16:43:17+08:00 ] 139.205.205.229 /index.php/Admin/Ad/adList
INFO: [ app_init ] --START--
INFO: Run Behavior\BuildLiteBehavior [ RunTime:0.000026s ]
INFO: [ app_init ] --END-- [ RunTime:0.000495s ]
INFO: [ app_begin ] --START--
INFO: Run Behavior\ReadHtmlCacheBehavior [ RunTime:0.000430s ]
INFO: [ app_begin ] --END-- [ RunTime:0.000480s ]
INFO: [ view_begin ] --START--
INFO: Run Home\Behaviors\testBehavior [ RunTime:0.000366s ]
INFO: [ view_begin ] --END-- [ RunTime:0.000428s ]
INFO: [ view_parse ] --START--
NOTIC: [8] Undefined index: level C:\wwwroot\shop_31u1a2\web\ThinkPHP\Library\Think\Template\TagLib\Tpshop.class.php 第 155 行.
INFO: [ template_filter ] --START--
INFO: Run Behavior\ContentReplaceBehavior [ RunTime:0.000092s ]
INFO: [ template_filter ] --END-- [ RunTime:0.000138s ]
INFO: Run Behavior\ParseTemplateBehavior [ RunTime:0.016202s ]
INFO: [ view_parse ] --END-- [ RunTime:0.016251s ]
INFO: [ view_filter ] --START--
INFO: Run Behavior\WriteHtmlCacheBehavior [ RunTime:0.000319s ]
INFO: Run Behavior\TokenBuildBehavior [ RunTime:0.000823s ]
INFO: [ view_filter ] --END-- [ RunTime:0.001204s ]
INFO: [ app_end ] --START--
INFO: Run Behavior\ShowPageTraceBehavior [ RunTime:0.000438s ]
INFO: [ app_end ] --END-- [ RunTime:0.000478s ]

[ 2018-01-21T16:43:19+08:00 ] 139.205.205.229 /index.php/Admin/Ad/positionList
INFO: [ app_init ] --START--
INFO: Run Behavior\BuildLiteBehavior [ RunTime:0.000015s ]
INFO: [ app_init ] --END-- [ RunTime:0.000378s ]
INFO: [ app_begin ] --START--
INFO: Run Behavior\ReadHtmlCacheBehavior [ RunTime:0.000432s ]
INFO: [ app_begin ] --END-- [ RunTime:0.000491s ]
INFO: [ view_begin ] --START--
INFO: Run Home\Behaviors\testBehavior [ RunTime:0.000518s ]
INFO: [ view_begin ] --END-- [ RunTime:0.000577s ]
INFO: [ view_parse ] --START--
INFO: [ template_filter ] --START--
INFO: Run Behavior\ContentReplaceBehavior [ RunTime:0.000070s ]
INFO: [ template_filter ] --END-- [ RunTime:0.000126s ]
NOTIC: [8] Use of undefined constant is_open - assumed 'is_open' C:\wwwroot\shop_31u1a2\web\Application\Runtime\Cache\Admin\e86a261d7612c0adebb99b0365675fb2.php 第 118 行.
NOTIC: [8] Use of undefined constant is_open - assumed 'is_open' C:\wwwroot\shop_31u1a2\web\Application\Runtime\Cache\Admin\e86a261d7612c0adebb99b0365675fb2.php 第 118 行.
NOTIC: [8] Use of undefined constant is_open - assumed 'is_open' C:\wwwroot\shop_31u1a2\web\Application\Runtime\Cache\Admin\e86a261d7612c0adebb99b0365675fb2.php 第 118 行.
NOTIC: [8] Use of undefined constant is_open - assumed 'is_open' C:\wwwroot\shop_31u1a2\web\Application\Runtime\Cache\Admin\e86a261d7612c0adebb99b0365675fb2.php 第 118 行.
NOTIC: [8] Use of undefined constant is_open - assumed 'is_open' C:\wwwroot\shop_31u1a2\web\Application\Runtime\Cache\Admin\e86a261d7612c0adebb99b0365675fb2.php 第 118 行.
NOTIC: [8] Use of undefined constant is_open - assumed 'is_open' C:\wwwroot\shop_31u1a2\web\Application\Runtime\Cache\Admin\e86a261d7612c0adebb99b0365675fb2.php 第 118 行.
NOTIC: [8] Use of undefined constant is_open - assumed 'is_open' C:\wwwroot\shop_31u1a2\web\Application\Runtime\Cache\Admin\e86a261d7612c0adebb99b0365675fb2.php 第 118 行.
NOTIC: [8] Use of undefined constant is_open - assumed 'is_open' C:\wwwroot\shop_31u1a2\web\Application\Runtime\Cache\Admin\e86a261d7612c0adebb99b0365675fb2.php 第 118 行.
NOTIC: [8] Use of undefined constant is_open - assumed 'is_open' C:\wwwroot\shop_31u1a2\web\Application\Runtime\Cache\Admin\e86a261d7612c0adebb99b0365675fb2.php 第 118 行.
NOTIC: [8] Use of undefined constant is_open - assumed 'is_open' C:\wwwroot\shop_31u1a2\web\Application\Runtime\Cache\Admin\e86a261d7612c0adebb99b0365675fb2.php 第 118 行.
INFO: Run Behavior\ParseTemplateBehavior [ RunTime:0.011734s ]
INFO: [ view_parse ] --END-- [ RunTime:0.011776s ]
INFO: [ view_filter ] --START--
INFO: Run Behavior\WriteHtmlCacheBehavior [ RunTime:0.000294s ]
INFO: Run Behavior\TokenBuildBehavior [ RunTime:0.000871s ]
INFO: [ view_filter ] --END-- [ RunTime:0.001273s ]
INFO: [ app_end ] --START--
INFO: Run Behavior\ShowPageTraceBehavior [ RunTime:0.000394s ]
INFO: [ app_end ] --END-- [ RunTime:0.000435s ]

[ 2018-01-21T16:43:24+08:00 ] 139.205.205.229 /index.php/Admin/Store/store_class
INFO: [ app_init ] --START--
INFO: Run Behavior\BuildLiteBehavior [ RunTime:0.000014s ]
INFO: [ app_init ] --END-- [ RunTime:0.000338s ]
INFO: [ app_begin ] --START--
INFO: Run Behavior\ReadHtmlCacheBehavior [ RunTime:0.000417s ]
INFO: [ app_begin ] --END-- [ RunTime:0.000478s ]
NOTIC: [8] Undefined index: admin/store C:\wwwroot\shop_31u1a2\web\Application\Admin\Common\function.php 第 50 行.
NOTIC: [8] Undefined index: admin/store C:\wwwroot\shop_31u1a2\web\Application\Admin\Common\function.php 第 51 行.
INFO: [ view_begin ] --START--
INFO: Run Home\Behaviors\testBehavior [ RunTime:0.000456s ]
INFO: [ view_begin ] --END-- [ RunTime:0.000527s ]
INFO: [ view_parse ] --START--
INFO: [ template_filter ] --START--
INFO: Run Behavior\ContentReplaceBehavior [ RunTime:0.000067s ]
INFO: [ template_filter ] --END-- [ RunTime:0.000131s ]
INFO: Run Behavior\ParseTemplateBehavior [ RunTime:0.038991s ]
INFO: [ view_parse ] --END-- [ RunTime:0.039060s ]
INFO: [ view_filter ] --START--
INFO: Run Behavior\WriteHtmlCacheBehavior [ RunTime:0.000204s ]
INFO: Run Behavior\TokenBuildBehavior [ RunTime:0.000560s ]
INFO: [ view_filter ] --END-- [ RunTime:0.000829s ]
INFO: [ app_end ] --START--
INFO: Run Behavior\ShowPageTraceBehavior [ RunTime:0.000437s ]
INFO: [ app_end ] --END-- [ RunTime:0.000478s ]

[ 2018-01-21T16:43:26+08:00 ] 139.205.205.229 /index.php/Admin/Store/store_grade
INFO: [ app_init ] --START--
INFO: Run Behavior\BuildLiteBehavior [ RunTime:0.000013s ]
INFO: [ app_init ] --END-- [ RunTime:0.000298s ]
INFO: [ app_begin ] --START--
INFO: Run Behavior\ReadHtmlCacheBehavior [ RunTime:0.000386s ]
INFO: [ app_begin ] --END-- [ RunTime:0.000436s ]
NOTIC: [8] Undefined index: admin/store C:\wwwroot\shop_31u1a2\web\Application\Admin\Common\function.php 第 50 行.
NOTIC: [8] Undefined index: admin/store C:\wwwroot\shop_31u1a2\web\Application\Admin\Common\function.php 第 51 行.
INFO: [ view_begin ] --START--
INFO: Run Home\Behaviors\testBehavior [ RunTime:0.000323s ]
INFO: [ view_begin ] --END-- [ RunTime:0.000379s ]
INFO: [ view_parse ] --START--
INFO: [ template_filter ] --START--
INFO: Run Behavior\ContentReplaceBehavior [ RunTime:0.000061s ]
INFO: [ template_filter ] --END-- [ RunTime:0.000105s ]
INFO: Run Behavior\ParseTemplateBehavior [ RunTime:0.040337s ]
INFO: [ view_parse ] --END-- [ RunTime:0.040405s ]
INFO: [ view_filter ] --START--
INFO: Run Behavior\WriteHtmlCacheBehavior [ RunTime:0.000309s ]
INFO: Run Behavior\TokenBuildBehavior [ RunTime:0.001020s ]
INFO: [ view_filter ] --END-- [ RunTime:0.001444s ]
INFO: [ app_end ] --START--
INFO: Run Behavior\ShowPageTraceBehavior [ RunTime:0.000661s ]
INFO: [ app_end ] --END-- [ RunTime:0.000732s ]

[ 2018-01-21T16:46:10+08:00 ] 139.205.205.229 /index.php/Admin/Index/index
INFO: [ app_init ] --START--
INFO: Run Behavior\BuildLiteBehavior [ RunTime:0.000015s ]
INFO: [ app_init ] --END-- [ RunTime:0.000346s ]
INFO: [ app_begin ] --START--
INFO: Run Behavior\ReadHtmlCacheBehavior [ RunTime:0.000462s ]
INFO: [ app_begin ] --END-- [ RunTime:0.000527s ]
INFO: [ view_begin ] --START--
INFO: Run Home\Behaviors\testBehavior [ RunTime:0.000533s ]
INFO: [ view_begin ] --END-- [ RunTime:0.000597s ]
INFO: [ view_parse ] --START--
INFO: [ template_filter ] --START--
INFO: Run Behavior\ContentReplaceBehavior [ RunTime:0.000091s ]
INFO: [ template_filter ] --END-- [ RunTime:0.000144s ]
INFO: Run Behavior\ParseTemplateBehavior [ RunTime:0.012679s ]
INFO: [ view_parse ] --END-- [ RunTime:0.012724s ]
INFO: [ view_filter ] --START--
INFO: Run Behavior\WriteHtmlCacheBehavior [ RunTime:0.000242s ]
INFO: Run Behavior\TokenBuildBehavior [ RunTime:0.001382s ]
INFO: [ view_filter ] --END-- [ RunTime:0.001697s ]
INFO: [ app_end ] --START--
INFO: Run Behavior\ShowPageTraceBehavior [ RunTime:0.000457s ]
INFO: [ app_end ] --END-- [ RunTime:0.000498s ]

[ 2018-01-21T16:46:10+08:00 ] 139.205.205.229 /index.php/Admin/Index/welcome
INFO: [ app_init ] --START--
INFO: Run Behavior\BuildLiteBehavior [ RunTime:0.000020s ]
INFO: [ app_init ] --END-- [ RunTime:0.000328s ]
INFO: [ app_begin ] --START--
INFO: Run Behavior\ReadHtmlCacheBehavior [ RunTime:0.000426s ]
INFO: [ app_begin ] --END-- [ RunTime:0.000492s ]
NOTIC: [8] Undefined index: welcome C:\wwwroot\shop_31u1a2\web\Application\Admin\Common\function.php 第 51 行.
NOTIC: [8] Undefined index: version C:\wwwroot\shop_31u1a2\web\Application\Admin\Controller\IndexController.class.php 第 64 行.
INFO: [ view_begin ] --START--
INFO: Run Home\Behaviors\testBehavior [ RunTime:0.000498s ]
INFO: [ view_begin ] --END-- [ RunTime:0.000564s ]
INFO: [ view_parse ] --START--
INFO: [ template_filter ] --START--
INFO: Run Behavior\ContentReplaceBehavior [ RunTime:0.000077s ]
INFO: [ template_filter ] --END-- [ RunTime:0.000132s ]
INFO: Run Behavior\ParseTemplateBehavior [ RunTime:0.009536s ]
INFO: [ view_parse ] --END-- [ RunTime:0.009583s ]
INFO: [ view_filter ] --START--
INFO: Run Behavior\WriteHtmlCacheBehavior [ RunTime:0.000195s ]
INFO: Run Behavior\TokenBuildBehavior [ RunTime:0.000603s ]
INFO: [ view_filter ] --END-- [ RunTime:0.000859s ]
INFO: [ app_end ] --START--
INFO: Run Behavior\ShowPageTraceBehavior [ RunTime:0.000424s ]
INFO: [ app_end ] --END-- [ RunTime:0.000464s ]

[ 2018-01-21T16:46:10+08:00 ] 139.205.205.229 /index.php/Admin/System/login_task
INFO: [ app_init ] --START--
INFO: Run Behavior\BuildLiteBehavior [ RunTime:0.000014s ]
INFO: [ app_init ] --END-- [ RunTime:0.000299s ]
INFO: [ app_begin ] --START--
INFO: Run Behavior\ReadHtmlCacheBehavior [ RunTime:0.000398s ]
INFO: [ app_begin ] --END-- [ RunTime:0.000449s ]
NOTIC: [8] Undefined index: login_task C:\wwwroot\shop_31u1a2\web\Application\Admin\Common\function.php 第 51 行.
NOTIC: [2] Invalid argument supplied for foreach() C:\wwwroot\shop_31u1a2\web\Application\Admin\Controller\SystemController.class.php 第 249 行.
INFO: [ app_end ] --START--
INFO: Run Behavior\ShowPageTraceBehavior [ RunTime:0.000490s ]
INFO: [ app_end ] --END-- [ RunTime:0.000545s ]

[ 2018-01-21T16:46:13+08:00 ] 139.205.205.229 /index.php/Admin/Goods/categoryList
INFO: [ app_init ] --START--
INFO: Run Behavior\BuildLiteBehavior [ RunTime:0.000013s ]
INFO: [ app_init ] --END-- [ RunTime:0.000287s ]
INFO: [ app_begin ] --START--
INFO: Run Behavior\ReadHtmlCacheBehavior [ RunTime:0.000403s ]
INFO: [ app_begin ] --END-- [ RunTime:0.000454s ]
INFO: [ view_begin ] --START--
INFO: Run Home\Behaviors\testBehavior [ RunTime:0.000405s ]
INFO: [ view_begin ] --END-- [ RunTime:0.000463s ]
INFO: [ view_parse ] --START--
INFO: [ template_filter ] --START--
INFO: Run Behavior\ContentReplaceBehavior [ RunTime:0.000095s ]
INFO: [ template_filter ] --END-- [ RunTime:0.000146s ]
INFO: Run Behavior\ParseTemplateBehavior [ RunTime:0.011259s ]
INFO: [ view_parse ] --END-- [ RunTime:0.011303s ]
INFO: [ view_filter ] --START--
INFO: Run Behavior\WriteHtmlCacheBehavior [ RunTime:0.000180s ]
INFO: Run Behavior\TokenBuildBehavior [ RunTime:0.000572s ]
INFO: [ view_filter ] --END-- [ RunTime:0.000809s ]
INFO: [ app_end ] --START--
INFO: Run Behavior\ShowPageTraceBehavior [ RunTime:0.000394s ]
INFO: [ app_end ] --END-- [ RunTime:0.000434s ]

[ 2018-01-21T16:46:14+08:00 ] 139.205.205.229 /index.php/Admin/Goods/goodsList
INFO: [ app_init ] --START--
INFO: Run Behavior\BuildLiteBehavior [ RunTime:0.000014s ]
INFO: [ app_init ] --END-- [ RunTime:0.000286s ]
INFO: [ app_begin ] --START--
INFO: Run Behavior\ReadHtmlCacheBehavior [ RunTime:0.000455s ]
INFO: [ app_begin ] --END-- [ RunTime:0.000505s ]
NOTIC: [2] Invalid argument supplied for foreach() C:\wwwroot\shop_31u1a2\web\Application\Admin\Logic\GoodsLogic.class.php 第 470 行.
NOTIC: [2] array_multisort(): Argument #4 is expected to be an array or a sort flag C:\wwwroot\shop_31u1a2\web\Application\Admin\Logic\GoodsLogic.class.php 第 489 行.
INFO: [ view_begin ] --START--
INFO: Run Home\Behaviors\testBehavior [ RunTime:0.000407s ]
INFO: [ view_begin ] --END-- [ RunTime:0.000454s ]
INFO: [ view_parse ] --START--
INFO: [ template_filter ] --START--
INFO: Run Behavior\ContentReplaceBehavior [ RunTime:0.000088s ]
INFO: [ template_filter ] --END-- [ RunTime:0.000131s ]
INFO: Run Behavior\ParseTemplateBehavior [ RunTime:0.009411s ]
INFO: [ view_parse ] --END-- [ RunTime:0.009461s ]
INFO: [ view_filter ] --START--
INFO: Run Behavior\WriteHtmlCacheBehavior [ RunTime:0.000172s ]
INFO: Run Behavior\TokenBuildBehavior [ RunTime:0.000661s ]
INFO: [ view_filter ] --END-- [ RunTime:0.000889s ]
INFO: [ app_end ] --START--
INFO: Run Behavior\ShowPageTraceBehavior [ RunTime:0.000405s ]
INFO: [ app_end ] --END-- [ RunTime:0.000443s ]

[ 2018-01-21T16:46:14+08:00 ] 139.205.205.229 /index.php?m=Admin&c=goods&a=ajaxGoodsList&p=1
INFO: [ app_init ] --START--
INFO: Run Behavior\BuildLiteBehavior [ RunTime:0.000013s ]
INFO: [ app_init ] --END-- [ RunTime:0.000287s ]
INFO: [ app_begin ] --START--
INFO: Run Behavior\ReadHtmlCacheBehavior [ RunTime:0.000392s ]
INFO: [ app_begin ] --END-- [ RunTime:0.000451s ]
NOTIC: [8] Undefined index: ajaxGoodsList C:\wwwroot\shop_31u1a2\web\Application\Admin\Common\function.php 第 51 行.
INFO: [ view_begin ] --START--
INFO: Run Home\Behaviors\testBehavior [ RunTime:0.000391s ]
INFO: [ view_begin ] --END-- [ RunTime:0.000439s ]
INFO: [ view_parse ] --START--
INFO: [ template_filter ] --START--
INFO: Run Behavior\ContentReplaceBehavior [ RunTime:0.000063s ]
INFO: [ template_filter ] --END-- [ RunTime:0.000103s ]
INFO: Run Behavior\ParseTemplateBehavior [ RunTime:0.009681s ]
INFO: [ view_parse ] --END-- [ RunTime:0.009723s ]
INFO: [ view_filter ] --START--
INFO: Run Behavior\WriteHtmlCacheBehavior [ RunTime:0.000169s ]
INFO: Run Behavior\TokenBuildBehavior [ RunTime:0.000400s ]
INFO: [ view_filter ] --END-- [ RunTime:0.000619s ]
INFO: [ app_end ] --START--
INFO: Run Behavior\ShowPageTraceBehavior [ RunTime:0.000371s ]
INFO: [ app_end ] --END-- [ RunTime:0.000405s ]

[ 2018-01-21T16:46:17+08:00 ] 139.205.205.229 /index.php/Admin/Store/store_class
INFO: [ app_init ] --START--
INFO: Run Behavior\BuildLiteBehavior [ RunTime:0.000014s ]
INFO: [ app_init ] --END-- [ RunTime:0.000311s ]
INFO: [ app_begin ] --START--
INFO: Run Behavior\ReadHtmlCacheBehavior [ RunTime:0.000401s ]
INFO: [ app_begin ] --END-- [ RunTime:0.000453s ]
NOTIC: [8] Undefined index: admin/store C:\wwwroot\shop_31u1a2\web\Application\Admin\Common\function.php 第 50 行.
NOTIC: [8] Undefined index: admin/store C:\wwwroot\shop_31u1a2\web\Application\Admin\Common\function.php 第 51 行.
INFO: [ view_begin ] --START--
INFO: Run Home\Behaviors\testBehavior [ RunTime:0.000406s ]
INFO: [ view_begin ] --END-- [ RunTime:0.000461s ]
INFO: [ view_parse ] --START--
INFO: [ template_filter ] --START--
INFO: Run Behavior\ContentReplaceBehavior [ RunTime:0.000059s ]
INFO: [ template_filter ] --END-- [ RunTime:0.000104s ]
INFO: Run Behavior\ParseTemplateBehavior [ RunTime:0.009144s ]
INFO: [ view_parse ] --END-- [ RunTime:0.009190s ]
INFO: [ view_filter ] --START--
INFO: Run Behavior\WriteHtmlCacheBehavior [ RunTime:0.000179s ]
INFO: Run Behavior\TokenBuildBehavior [ RunTime:0.000474s ]
INFO: [ view_filter ] --END-- [ RunTime:0.000713s ]
INFO: [ app_end ] --START--
INFO: Run Behavior\ShowPageTraceBehavior [ RunTime:0.000396s ]
INFO: [ app_end ] --END-- [ RunTime:0.000436s ]

[ 2018-01-21T16:46:18+08:00 ] 139.205.205.229 /index.php/Admin/Store/store_own_list
INFO: [ app_init ] --START--
INFO: Run Behavior\BuildLiteBehavior [ RunTime:0.000013s ]
INFO: [ app_init ] --END-- [ RunTime:0.000293s ]
INFO: [ app_begin ] --START--
INFO: Run Behavior\ReadHtmlCacheBehavior [ RunTime:0.000386s ]
INFO: [ app_begin ] --END-- [ RunTime:0.000436s ]
NOTIC: [8] Undefined index: admin/store C:\wwwroot\shop_31u1a2\web\Application\Admin\Common\function.php 第 50 行.
NOTIC: [8] Undefined index: admin/store C:\wwwroot\shop_31u1a2\web\Application\Admin\Common\function.php 第 51 行.
INFO: [ view_begin ] --START--
INFO: Run Home\Behaviors\testBehavior [ RunTime:0.000389s ]
INFO: [ view_begin ] --END-- [ RunTime:0.000449s ]
INFO: [ view_parse ] --START--
INFO: [ template_filter ] --START--
INFO: Run Behavior\ContentReplaceBehavior [ RunTime:0.000074s ]
INFO: [ template_filter ] --END-- [ RunTime:0.000115s ]
NOTIC: [8] Undefined variable: pid C:\wwwroot\shop_31u1a2\web\Application\Runtime\Cache\Admin\9340657edec797d438aaa0a2d53ed42c.php 第 95 行.
NOTIC: [8] Undefined variable: pid C:\wwwroot\shop_31u1a2\web\Application\Runtime\Cache\Admin\9340657edec797d438aaa0a2d53ed42c.php 第 95 行.
NOTIC: [8] Undefined variable: pid C:\wwwroot\shop_31u1a2\web\Application\Runtime\Cache\Admin\9340657edec797d438aaa0a2d53ed42c.php 第 95 行.
NOTIC: [8] Use of undefined constant store_state - assumed 'store_state' C:\wwwroot\shop_31u1a2\web\Application\Runtime\Cache\Admin\9340657edec797d438aaa0a2d53ed42c.php 第 157 行.
NOTIC: [8] Use of undefined constant bind_all_gc - assumed 'bind_all_gc' C:\wwwroot\shop_31u1a2\web\Application\Runtime\Cache\Admin\9340657edec797d438aaa0a2d53ed42c.php 第 158 行.
NOTIC: [8] Use of undefined constant store_state - assumed 'store_state' C:\wwwroot\shop_31u1a2\web\Application\Runtime\Cache\Admin\9340657edec797d438aaa0a2d53ed42c.php 第 157 行.
NOTIC: [8] Use of undefined constant bind_all_gc - assumed 'bind_all_gc' C:\wwwroot\shop_31u1a2\web\Application\Runtime\Cache\Admin\9340657edec797d438aaa0a2d53ed42c.php 第 158 行.
NOTIC: [8] Use of undefined constant store_state - assumed 'store_state' C:\wwwroot\shop_31u1a2\web\Application\Runtime\Cache\Admin\9340657edec797d438aaa0a2d53ed42c.php 第 157 行.
NOTIC: [8] Use of undefined constant bind_all_gc - assumed 'bind_all_gc' C:\wwwroot\shop_31u1a2\web\Application\Runtime\Cache\Admin\9340657edec797d438aaa0a2d53ed42c.php 第 158 行.
NOTIC: [8] Use of undefined constant store_state - assumed 'store_state' C:\wwwroot\shop_31u1a2\web\Application\Runtime\Cache\Admin\9340657edec797d438aaa0a2d53ed42c.php 第 157 行.
NOTIC: [8] Use of undefined constant bind_all_gc - assumed 'bind_all_gc' C:\wwwroot\shop_31u1a2\web\Application\Runtime\Cache\Admin\9340657edec797d438aaa0a2d53ed42c.php 第 158 行.
INFO: Run Behavior\ParseTemplateBehavior [ RunTime:0.056323s ]
INFO: [ view_parse ] --END-- [ RunTime:0.056365s ]
INFO: [ view_filter ] --START--
INFO: Run Behavior\WriteHtmlCacheBehavior [ RunTime:0.000215s ]
INFO: Run Behavior\TokenBuildBehavior [ RunTime:0.000675s ]
INFO: [ view_filter ] --END-- [ RunTime:0.000955s ]
INFO: [ app_end ] --START--
INFO: Run Behavior\ShowPageTraceBehavior [ RunTime:0.000435s ]
INFO: [ app_end ] --END-- [ RunTime:0.000475s ]

[ 2018-01-21T16:46:22+08:00 ] 139.205.205.229 /index.php/Admin/Store/store_del
INFO: [ app_init ] --START--
INFO: Run Behavior\BuildLiteBehavior [ RunTime:0.000013s ]
INFO: [ app_init ] --END-- [ RunTime:0.000317s ]
INFO: [ app_begin ] --START--
INFO: Run Behavior\ReadHtmlCacheBehavior [ RunTime:0.000403s ]
INFO: [ app_begin ] --END-- [ RunTime:0.000451s ]
NOTIC: [8] Undefined index: admin/store C:\wwwroot\shop_31u1a2\web\Application\Admin\Common\function.php 第 50 行.
NOTIC: [8] Undefined index: admin/store C:\wwwroot\shop_31u1a2\web\Application\Admin\Common\function.php 第 51 行.

[ 2018-01-21T16:46:25+08:00 ] 139.205.205.229 /index.php/Admin/Store/store_del
INFO: [ app_init ] --START--
INFO: Run Behavior\BuildLiteBehavior [ RunTime:0.000014s ]
INFO: [ app_init ] --END-- [ RunTime:0.000470s ]
INFO: [ app_begin ] --START--
INFO: Run Behavior\ReadHtmlCacheBehavior [ RunTime:0.000456s ]
INFO: [ app_begin ] --END-- [ RunTime:0.000507s ]
NOTIC: [8] Undefined index: admin/store C:\wwwroot\shop_31u1a2\web\Application\Admin\Common\function.php 第 50 行.
NOTIC: [8] Undefined index: admin/store C:\wwwroot\shop_31u1a2\web\Application\Admin\Common\function.php 第 51 行.

[ 2018-01-21T16:46:28+08:00 ] 139.205.205.229 /index.php/Admin/Store/store_del
INFO: [ app_init ] --START--
INFO: Run Behavior\BuildLiteBehavior [ RunTime:0.000014s ]
INFO: [ app_init ] --END-- [ RunTime:0.000311s ]
INFO: [ app_begin ] --START--
INFO: Run Behavior\ReadHtmlCacheBehavior [ RunTime:0.000405s ]
INFO: [ app_begin ] --END-- [ RunTime:0.000454s ]
NOTIC: [8] Undefined index: admin/store C:\wwwroot\shop_31u1a2\web\Application\Admin\Common\function.php 第 50 行.
NOTIC: [8] Undefined index: admin/store C:\wwwroot\shop_31u1a2\web\Application\Admin\Common\function.php 第 51 行.

[ 2018-01-21T16:46:30+08:00 ] 139.205.205.229 /index.php/Admin/Store/store_list
INFO: [ app_init ] --START--
INFO: Run Behavior\BuildLiteBehavior [ RunTime:0.000013s ]
INFO: [ app_init ] --END-- [ RunTime:0.000298s ]
INFO: [ app_begin ] --START--
INFO: Run Behavior\ReadHtmlCacheBehavior [ RunTime:0.000481s ]
INFO: [ app_begin ] --END-- [ RunTime:0.000531s ]
NOTIC: [8] Undefined index: admin/store C:\wwwroot\shop_31u1a2\web\Application\Admin\Common\function.php 第 50 行.
NOTIC: [8] Undefined index: admin/store C:\wwwroot\shop_31u1a2\web\Application\Admin\Common\function.php 第 51 行.
INFO: [ view_begin ] --START--
INFO: Run Home\Behaviors\testBehavior [ RunTime:0.000412s ]
INFO: [ view_begin ] --END-- [ RunTime:0.000495s ]
INFO: [ view_parse ] --START--
INFO: [ template_filter ] --START--
INFO: Run Behavior\ContentReplaceBehavior [ RunTime:0.000088s ]
INFO: [ template_filter ] --END-- [ RunTime:0.000139s ]
NOTIC: [8] Undefined variable: pid C:\wwwroot\shop_31u1a2\web\Application\Runtime\Cache\Admin\18e672ab47455c17877a783eee2aeab6.php 第 114 行.
NOTIC: [8] Undefined variable: pid C:\wwwroot\shop_31u1a2\web\Application\Runtime\Cache\Admin\18e672ab47455c17877a783eee2aeab6.php 第 114 行.
NOTIC: [8] Undefined variable: pid C:\wwwroot\shop_31u1a2\web\Application\Runtime\Cache\Admin\18e672ab47455c17877a783eee2aeab6.php 第 114 行.
NOTIC: [8] Use of undefined constant grade_id - assumed 'grade_id' C:\wwwroot\shop_31u1a2\web\Application\Runtime\Cache\Admin\18e672ab47455c17877a783eee2aeab6.php 第 167 行.
NOTIC: [8] Undefined offset: 0 C:\wwwroot\shop_31u1a2\web\Application\Runtime\Cache\Admin\18e672ab47455c17877a783eee2aeab6.php 第 167 行.
NOTIC: [8] Use of undefined constant sc_id - assumed 'sc_id' C:\wwwroot\shop_31u1a2\web\Application\Runtime\Cache\Admin\18e672ab47455c17877a783eee2aeab6.php 第 168 行.
NOTIC: [8] Use of undefined constant store_state - assumed 'store_state' C:\wwwroot\shop_31u1a2\web\Application\Runtime\Cache\Admin\18e672ab47455c17877a783eee2aeab6.php 第 170 行.
NOTIC: [8] Use of undefined constant store_recommend - assumed 'store_recommend' C:\wwwroot\shop_31u1a2\web\Application\Runtime\Cache\Admin\18e672ab47455c17877a783eee2aeab6.php 第 171 行.
NOTIC: [8] Use of undefined constant grade_id - assumed 'grade_id' C:\wwwroot\shop_31u1a2\web\Application\Runtime\Cache\Admin\18e672ab47455c17877a783eee2aeab6.php 第 167 行.
NOTIC: [8] Use of undefined constant sc_id - assumed 'sc_id' C:\wwwroot\shop_31u1a2\web\Application\Runtime\Cache\Admin\18e672ab47455c17877a783eee2aeab6.php 第 168 行.
NOTIC: [8] Use of undefined constant store_state - assumed 'store_state' C:\wwwroot\shop_31u1a2\web\Application\Runtime\Cache\Admin\18e672ab47455c17877a783eee2aeab6.php 第 170 行.
NOTIC: [8] Use of undefined constant store_recommend - assumed 'store_recommend' C:\wwwroot\shop_31u1a2\web\Application\Runtime\Cache\Admin\18e672ab47455c17877a783eee2aeab6.php 第 171 行.
NOTIC: [8] Use of undefined constant grade_id - assumed 'grade_id' C:\wwwroot\shop_31u1a2\web\Application\Runtime\Cache\Admin\18e672ab47455c17877a783eee2aeab6.php 第 167 行.
NOTIC: [8] Use of undefined constant sc_id - assumed 'sc_id' C:\wwwroot\shop_31u1a2\web\Application\Runtime\Cache\Admin\18e672ab47455c17877a783eee2aeab6.php 第 168 行.
NOTIC: [8] Use of undefined constant store_state - assumed 'store_state' C:\wwwroot\shop_31u1a2\web\Application\Runtime\Cache\Admin\18e672ab47455c17877a783eee2aeab6.php 第 170 行.
NOTIC: [8] Use of undefined constant store_recommend - assumed 'store_recommend' C:\wwwroot\shop_31u1a2\web\Application\Runtime\Cache\Admin\18e672ab47455c17877a783eee2aeab6.php 第 171 行.
NOTIC: [8] Use of undefined constant grade_id - assumed 'grade_id' C:\wwwroot\shop_31u1a2\web\Application\Runtime\Cache\Admin\18e672ab47455c17877a783eee2aeab6.php 第 167 行.
NOTIC: [8] Use of undefined constant sc_id - assumed 'sc_id' C:\wwwroot\shop_31u1a2\web\Application\Runtime\Cache\Admin\18e672ab47455c17877a783eee2aeab6.php 第 168 行.
NOTIC: [8] Use of undefined constant store_state - assumed 'store_state' C:\wwwroot\shop_31u1a2\web\Application\Runtime\Cache\Admin\18e672ab47455c17877a783eee2aeab6.php 第 170 行.
NOTIC: [8] Use of undefined constant store_recommend - assumed 'store_recommend' C:\wwwroot\shop_31u1a2\web\Application\Runtime\Cache\Admin\18e672ab47455c17877a783eee2aeab6.php 第 171 行.
NOTIC: [8] Use of undefined constant grade_id - assumed 'grade_id' C:\wwwroot\shop_31u1a2\web\Application\Runtime\Cache\Admin\18e672ab47455c17877a783eee2aeab6.php 第 167 行.
NOTIC: [8] Use of undefined constant sc_id - assumed 'sc_id' C:\wwwroot\shop_31u1a2\web\Application\Runtime\Cache\Admin\18e672ab47455c17877a783eee2aeab6.php 第 168 行.
NOTIC: [8] Use of undefined constant store_state - assumed 'store_state' C:\wwwroot\shop_31u1a2\web\Application\Runtime\Cache\Admin\18e672ab47455c17877a783eee2aeab6.php 第 170 行.
NOTIC: [8] Use of undefined constant store_recommend - assumed 'store_recommend' C:\wwwroot\shop_31u1a2\web\Application\Runtime\Cache\Admin\18e672ab47455c17877a783eee2aeab6.php 第 171 行.
INFO: Run Behavior\ParseTemplateBehavior [ RunTime:0.017413s ]
INFO: [ view_parse ] --END-- [ RunTime:0.017458s ]
INFO: [ view_filter ] --START--
INFO: Run Behavior\WriteHtmlCacheBehavior [ RunTime:0.000188s ]
INFO: Run Behavior\TokenBuildBehavior [ RunTime:0.000993s ]
INFO: [ view_filter ] --END-- [ RunTime:0.001242s ]
INFO: [ app_end ] --START--
INFO: Run Behavior\ShowPageTraceBehavior [ RunTime:0.000598s ]
INFO: [ app_end ] --END-- [ RunTime:0.000661s ]

[ 2018-01-21T16:46:33+08:00 ] 139.205.205.229 /index.php/Admin/Store/store_del
INFO: [ app_init ] --START--
INFO: Run Behavior\BuildLiteBehavior [ RunTime:0.000014s ]
INFO: [ app_init ] --END-- [ RunTime:0.000295s ]
INFO: [ app_begin ] --START--
INFO: Run Behavior\ReadHtmlCacheBehavior [ RunTime:0.000429s ]
INFO: [ app_begin ] --END-- [ RunTime:0.000479s ]
NOTIC: [8] Undefined index: admin/store C:\wwwroot\shop_31u1a2\web\Application\Admin\Common\function.php 第 50 行.
NOTIC: [8] Undefined index: admin/store C:\wwwroot\shop_31u1a2\web\Application\Admin\Common\function.php 第 51 行.

[ 2018-01-21T16:46:34+08:00 ] 139.205.205.229 /index.php/Admin/Store/store_del
INFO: [ app_init ] --START--
INFO: Run Behavior\BuildLiteBehavior [ RunTime:0.000014s ]
INFO: [ app_init ] --END-- [ RunTime:0.000288s ]
INFO: [ app_begin ] --START--
INFO: Run Behavior\ReadHtmlCacheBehavior [ RunTime:0.000393s ]
INFO: [ app_begin ] --END-- [ RunTime:0.000440s ]
NOTIC: [8] Undefined index: admin/store C:\wwwroot\shop_31u1a2\web\Application\Admin\Common\function.php 第 50 行.
NOTIC: [8] Undefined index: admin/store C:\wwwroot\shop_31u1a2\web\Application\Admin\Common\function.php 第 51 行.

[ 2018-01-21T16:46:37+08:00 ] 139.205.205.229 /index.php/Admin/Store/store_del
INFO: [ app_init ] --START--
INFO: Run Behavior\BuildLiteBehavior [ RunTime:0.000013s ]
INFO: [ app_init ] --END-- [ RunTime:0.000296s ]
INFO: [ app_begin ] --START--
INFO: Run Behavior\ReadHtmlCacheBehavior [ RunTime:0.000398s ]
INFO: [ app_begin ] --END-- [ RunTime:0.000446s ]
NOTIC: [8] Undefined index: admin/store C:\wwwroot\shop_31u1a2\web\Application\Admin\Common\function.php 第 50 行.
NOTIC: [8] Undefined index: admin/store C:\wwwroot\shop_31u1a2\web\Application\Admin\Common\function.php 第 51 行.

[ 2018-01-21T16:46:39+08:00 ] 139.205.205.229 /index.php/Admin/Store/store_del
INFO: [ app_init ] --START--
INFO: Run Behavior\BuildLiteBehavior [ RunTime:0.000013s ]
INFO: [ app_init ] --END-- [ RunTime:0.000284s ]
INFO: [ app_begin ] --START--
INFO: Run Behavior\ReadHtmlCacheBehavior [ RunTime:0.000394s ]
INFO: [ app_begin ] --END-- [ RunTime:0.000440s ]
NOTIC: [8] Undefined index: admin/store C:\wwwroot\shop_31u1a2\web\Application\Admin\Common\function.php 第 50 行.
NOTIC: [8] Undefined index: admin/store C:\wwwroot\shop_31u1a2\web\Application\Admin\Common\function.php 第 51 行.

[ 2018-01-21T16:46:42+08:00 ] 139.205.205.229 /index.php/Admin/Store/store_del
INFO: [ app_init ] --START--
INFO: Run Behavior\BuildLiteBehavior [ RunTime:0.000013s ]
INFO: [ app_init ] --END-- [ RunTime:0.000290s ]
INFO: [ app_begin ] --START--
INFO: Run Behavior\ReadHtmlCacheBehavior [ RunTime:0.000433s ]
INFO: [ app_begin ] --END-- [ RunTime:0.000503s ]
NOTIC: [8] Undefined index: admin/store C:\wwwroot\shop_31u1a2\web\Application\Admin\Common\function.php 第 50 行.
NOTIC: [8] Undefined index: admin/store C:\wwwroot\shop_31u1a2\web\Application\Admin\Common\function.php 第 51 行.

[ 2018-01-21T16:46:46+08:00 ] 139.205.205.229 /index.php/Admin/Store/store_own_list
INFO: [ app_init ] --START--
INFO: Run Behavior\BuildLiteBehavior [ RunTime:0.000013s ]
INFO: [ app_init ] --END-- [ RunTime:0.000286s ]
INFO: [ app_begin ] --START--
INFO: Run Behavior\ReadHtmlCacheBehavior [ RunTime:0.000404s ]
INFO: [ app_begin ] --END-- [ RunTime:0.000454s ]
NOTIC: [8] Undefined index: admin/store C:\wwwroot\shop_31u1a2\web\Application\Admin\Common\function.php 第 50 行.
NOTIC: [8] Undefined index: admin/store C:\wwwroot\shop_31u1a2\web\Application\Admin\Common\function.php 第 51 行.
INFO: [ view_begin ] --START--
INFO: Run Home\Behaviors\testBehavior [ RunTime:0.000379s ]
INFO: [ view_begin ] --END-- [ RunTime:0.000440s ]
INFO: [ view_parse ] --START--
INFO: [ template_filter ] --START--
INFO: Run Behavior\ContentReplaceBehavior [ RunTime:0.000074s ]
INFO: [ template_filter ] --END-- [ RunTime:0.000116s ]
NOTIC: [8] Undefined variable: pid C:\wwwroot\shop_31u1a2\web\Application\Runtime\Cache\Admin\9340657edec797d438aaa0a2d53ed42c.php 第 95 行.
NOTIC: [8] Undefined variable: pid C:\wwwroot\shop_31u1a2\web\Application\Runtime\Cache\Admin\9340657edec797d438aaa0a2d53ed42c.php 第 95 行.
NOTIC: [8] Undefined variable: pid C:\wwwroot\shop_31u1a2\web\Application\Runtime\Cache\Admin\9340657edec797d438aaa0a2d53ed42c.php 第 95 行.
NOTIC: [8] Use of undefined constant store_state - assumed 'store_state' C:\wwwroot\shop_31u1a2\web\Application\Runtime\Cache\Admin\9340657edec797d438aaa0a2d53ed42c.php 第 157 行.
NOTIC: [8] Use of undefined constant bind_all_gc - assumed 'bind_all_gc' C:\wwwroot\shop_31u1a2\web\Application\Runtime\Cache\Admin\9340657edec797d438aaa0a2d53ed42c.php 第 158 行.
INFO: Run Behavior\ParseTemplateBehavior [ RunTime:0.011351s ]
INFO: [ view_parse ] --END-- [ RunTime:0.011401s ]
INFO: [ view_filter ] --START--
INFO: Run Behavior\WriteHtmlCacheBehavior [ RunTime:0.000177s ]
INFO: Run Behavior\TokenBuildBehavior [ RunTime:0.000568s ]
INFO: [ view_filter ] --END-- [ RunTime:0.000804s ]
INFO: [ app_end ] --START--
INFO: Run Behavior\ShowPageTraceBehavior [ RunTime:0.000368s ]
INFO: [ app_end ] --END-- [ RunTime:0.000406s ]

[ 2018-01-21T16:46:49+08:00 ] 139.205.205.229 /index.php/Admin/Store/store_edit/store_id/1
INFO: [ app_init ] --START--
INFO: Run Behavior\BuildLiteBehavior [ RunTime:0.000021s ]
INFO: [ app_init ] --END-- [ RunTime:0.000305s ]
INFO: [ app_begin ] --START--
INFO: Run Behavior\ReadHtmlCacheBehavior [ RunTime:0.000446s ]
INFO: [ app_begin ] --END-- [ RunTime:0.000498s ]
NOTIC: [8] Undefined index: admin/store C:\wwwroot\shop_31u1a2\web\Application\Admin\Common\function.php 第 50 行.
NOTIC: [8] Undefined index: admin/store C:\wwwroot\shop_31u1a2\web\Application\Admin\Common\function.php 第 51 行.
INFO: [ view_begin ] --START--
INFO: Run Home\Behaviors\testBehavior [ RunTime:0.000434s ]
INFO: [ view_begin ] --END-- [ RunTime:0.000499s ]
INFO: [ view_parse ] --START--
INFO: [ template_filter ] --START--
INFO: Run Behavior\ContentReplaceBehavior [ RunTime:0.000075s ]
INFO: [ template_filter ] --END-- [ RunTime:0.000121s ]
NOTIC: [8] Use of undefined constant bind_all_gc - assumed 'bind_all_gc' C:\wwwroot\shop_31u1a2\web\Application\Runtime\Cache\Admin\8275fd255c0d84aec5c2af5830a11219.php 第 137 行.
NOTIC: [8] Use of undefined constant bind_all_gc - assumed 'bind_all_gc' C:\wwwroot\shop_31u1a2\web\Application\Runtime\Cache\Admin\8275fd255c0d84aec5c2af5830a11219.php 第 138 行.
NOTIC: [8] Use of undefined constant goods_examine - assumed 'goods_examine' C:\wwwroot\shop_31u1a2\web\Application\Runtime\Cache\Admin\8275fd255c0d84aec5c2af5830a11219.php 第 144 行.
NOTIC: [8] Use of undefined constant goods_examine - assumed 'goods_examine' C:\wwwroot\shop_31u1a2\web\Application\Runtime\Cache\Admin\8275fd255c0d84aec5c2af5830a11219.php 第 145 行.
NOTIC: [8] Use of undefined constant store_state - assumed 'store_state' C:\wwwroot\shop_31u1a2\web\Application\Runtime\Cache\Admin\8275fd255c0d84aec5c2af5830a11219.php 第 150 行.
NOTIC: [8] Use of undefined constant store_state - assumed 'store_state' C:\wwwroot\shop_31u1a2\web\Application\Runtime\Cache\Admin\8275fd255c0d84aec5c2af5830a11219.php 第 151 行.
INFO: Run Behavior\ParseTemplateBehavior [ RunTime:0.009922s ]
INFO: [ view_parse ] --END-- [ RunTime:0.009974s ]
INFO: [ view_filter ] --START--
INFO: Run Behavior\WriteHtmlCacheBehavior [ RunTime:0.000225s ]
INFO: Run Behavior\TokenBuildBehavior [ RunTime:0.000640s ]
INFO: [ view_filter ] --END-- [ RunTime:0.000924s ]
INFO: [ app_end ] --START--
INFO: Run Behavior\ShowPageTraceBehavior [ RunTime:0.000443s ]
INFO: [ app_end ] --END-- [ RunTime:0.000482s ]

[ 2018-01-21T16:47:00+08:00 ] 139.205.205.229 /index.php/Admin/Store/store_check
INFO: [ app_init ] --START--
INFO: Run Behavior\BuildLiteBehavior [ RunTime:0.000015s ]
INFO: [ app_init ] --END-- [ RunTime:0.000344s ]
INFO: [ app_begin ] --START--
INFO: Run Behavior\ReadHtmlCacheBehavior [ RunTime:0.000441s ]
INFO: [ app_begin ] --END-- [ RunTime:0.000498s ]
NOTIC: [8] Undefined index: admin/store C:\wwwroot\shop_31u1a2\web\Application\Admin\Common\function.php 第 50 行.
NOTIC: [8] Undefined index: admin/store C:\wwwroot\shop_31u1a2\web\Application\Admin\Common\function.php 第 51 行.

[ 2018-01-21T16:47:01+08:00 ] 139.205.205.229 /index.php/Admin/Store/store_edit/store_id/1
INFO: [ app_init ] --START--
INFO: Run Behavior\BuildLiteBehavior [ RunTime:0.000017s ]
INFO: [ app_init ] --END-- [ RunTime:0.000337s ]
INFO: [ app_begin ] --START--
INFO: Run Behavior\ReadHtmlCacheBehavior [ RunTime:0.000452s ]
INFO: [ app_begin ] --END-- [ RunTime:0.000507s ]
NOTIC: [8] Undefined index: admin/store C:\wwwroot\shop_31u1a2\web\Application\Admin\Common\function.php 第 50 行.
NOTIC: [8] Undefined index: admin/store C:\wwwroot\shop_31u1a2\web\Application\Admin\Common\function.php 第 51 行.
INFO: [ view_begin ] --START--
INFO: Run Home\Behaviors\testBehavior [ RunTime:0.000490s ]
INFO: [ view_begin ] --END-- [ RunTime:0.000549s ]
INFO: [ view_parse ] --START--
INFO: [ template_filter ] --START--
INFO: Run Behavior\ContentReplaceBehavior [ RunTime:0.000044s ]
INFO: [ template_filter ] --END-- [ RunTime:0.000097s ]
INFO: Run Behavior\ParseTemplateBehavior [ RunTime:0.006227s ]
INFO: [ view_parse ] --END-- [ RunTime:0.006272s ]
INFO: [ view_filter ] --START--
INFO: Run Behavior\WriteHtmlCacheBehavior [ RunTime:0.000177s ]
INFO: Run Behavior\TokenBuildBehavior [ RunTime:0.000383s ]
INFO: [ view_filter ] --END-- [ RunTime:0.000619s ]

[ 2018-01-21T16:47:02+08:00 ] 139.205.205.229 /index.php/Admin/Store/store_own_list
INFO: [ app_init ] --START--
INFO: Run Behavior\BuildLiteBehavior [ RunTime:0.000015s ]
INFO: [ app_init ] --END-- [ RunTime:0.000302s ]
INFO: [ app_begin ] --START--
INFO: Run Behavior\ReadHtmlCacheBehavior [ RunTime:0.000407s ]
INFO: [ app_begin ] --END-- [ RunTime:0.000474s ]
NOTIC: [8] Undefined index: admin/store C:\wwwroot\shop_31u1a2\web\Application\Admin\Common\function.php 第 50 行.
NOTIC: [8] Undefined index: admin/store C:\wwwroot\shop_31u1a2\web\Application\Admin\Common\function.php 第 51 行.
INFO: [ view_begin ] --START--
INFO: Run Home\Behaviors\testBehavior [ RunTime:0.000432s ]
INFO: [ view_begin ] --END-- [ RunTime:0.000495s ]
INFO: [ view_parse ] --START--
INFO: [ template_filter ] --START--
INFO: Run Behavior\ContentReplaceBehavior [ RunTime:0.000079s ]
INFO: [ template_filter ] --END-- [ RunTime:0.000131s ]
NOTIC: [8] Undefined variable: pid C:\wwwroot\shop_31u1a2\web\Application\Runtime\Cache\Admin\9340657edec797d438aaa0a2d53ed42c.php 第 95 行.
NOTIC: [8] Undefined variable: pid C:\wwwroot\shop_31u1a2\web\Application\Runtime\Cache\Admin\9340657edec797d438aaa0a2d53ed42c.php 第 95 行.
NOTIC: [8] Undefined variable: pid C:\wwwroot\shop_31u1a2\web\Application\Runtime\Cache\Admin\9340657edec797d438aaa0a2d53ed42c.php 第 95 行.
NOTIC: [8] Use of undefined constant store_state - assumed 'store_state' C:\wwwroot\shop_31u1a2\web\Application\Runtime\Cache\Admin\9340657edec797d438aaa0a2d53ed42c.php 第 157 行.
NOTIC: [8] Use of undefined constant bind_all_gc - assumed 'bind_all_gc' C:\wwwroot\shop_31u1a2\web\Application\Runtime\Cache\Admin\9340657edec797d438aaa0a2d53ed42c.php 第 158 行.
INFO: Run Behavior\ParseTemplateBehavior [ RunTime:0.011929s ]
INFO: [ view_parse ] --END-- [ RunTime:0.011985s ]
INFO: [ view_filter ] --START--
INFO: Run Behavior\WriteHtmlCacheBehavior [ RunTime:0.000193s ]
INFO: Run Behavior\TokenBuildBehavior [ RunTime:0.000608s ]
INFO: [ view_filter ] --END-- [ RunTime:0.000861s ]
INFO: [ app_end ] --START--
INFO: Run Behavior\ShowPageTraceBehavior [ RunTime:0.000395s ]
INFO: [ app_end ] --END-- [ RunTime:0.000434s ]

[ 2018-01-21T16:53:26+08:00 ] 139.205.205.229 /admin
INFO: [ app_init ] --START--
INFO: Run Behavior\BuildLiteBehavior [ RunTime:0.000030s ]
INFO: [ app_init ] --END-- [ RunTime:0.000376s ]
INFO: [ app_begin ] --START--
INFO: Run Behavior\ReadHtmlCacheBehavior [ RunTime:0.000458s ]
INFO: [ app_begin ] --END-- [ RunTime:0.000526s ]
NOTIC: [8] Undefined index: Index C:\wwwroot\shop_31u1a2\web\Application\Admin\Common\function.php 第 51 行.
INFO: [ view_begin ] --START--
INFO: Run Home\Behaviors\testBehavior [ RunTime:0.000540s ]
INFO: [ view_begin ] --END-- [ RunTime:0.000615s ]
INFO: [ view_parse ] --START--
INFO: [ template_filter ] --START--
INFO: Run Behavior\ContentReplaceBehavior [ RunTime:0.000092s ]
INFO: [ template_filter ] --END-- [ RunTime:0.000149s ]
INFO: Run Behavior\ParseTemplateBehavior [ RunTime:0.013216s ]
INFO: [ view_parse ] --END-- [ RunTime:0.013262s ]
INFO: [ view_filter ] --START--
INFO: Run Behavior\WriteHtmlCacheBehavior [ RunTime:0.000261s ]
INFO: Run Behavior\TokenBuildBehavior [ RunTime:0.001235s ]
INFO: [ view_filter ] --END-- [ RunTime:0.001558s ]
INFO: [ app_end ] --START--
INFO: Run Behavior\ShowPageTraceBehavior [ RunTime:0.000415s ]
INFO: [ app_end ] --END-- [ RunTime:0.000455s ]

[ 2018-01-21T16:53:30+08:00 ] 139.205.205.229 /index.php/Admin/Index/welcome
INFO: [ app_init ] --START--
INFO: Run Behavior\BuildLiteBehavior [ RunTime:0.000015s ]
INFO: [ app_init ] --END-- [ RunTime:0.000309s ]
INFO: [ app_begin ] --START--
INFO: Run Behavior\ReadHtmlCacheBehavior [ RunTime:0.000433s ]
INFO: [ app_begin ] --END-- [ RunTime:0.000504s ]
NOTIC: [8] Undefined index: welcome C:\wwwroot\shop_31u1a2\web\Application\Admin\Common\function.php 第 51 行.
NOTIC: [8] Undefined index: version C:\wwwroot\shop_31u1a2\web\Application\Admin\Controller\IndexController.class.php 第 64 行.
INFO: [ view_begin ] --START--
INFO: Run Home\Behaviors\testBehavior [ RunTime:0.000647s ]
INFO: [ view_begin ] --END-- [ RunTime:0.000717s ]
INFO: [ view_parse ] --START--
INFO: [ template_filter ] --START--
INFO: Run Behavior\ContentReplaceBehavior [ RunTime:0.000091s ]
INFO: [ template_filter ] --END-- [ RunTime:0.000161s ]
INFO: Run Behavior\ParseTemplateBehavior [ RunTime:0.010124s ]
INFO: [ view_parse ] --END-- [ RunTime:0.010171s ]
INFO: [ view_filter ] --START--
INFO: Run Behavior\WriteHtmlCacheBehavior [ RunTime:0.000277s ]
INFO: Run Behavior\TokenBuildBehavior [ RunTime:0.000758s ]
INFO: [ view_filter ] --END-- [ RunTime:0.001104s ]
INFO: [ app_end ] --START--
INFO: Run Behavior\ShowPageTraceBehavior [ RunTime:0.000422s ]
INFO: [ app_end ] --END-- [ RunTime:0.000476s ]

[ 2018-01-21T16:53:31+08:00 ] 139.205.205.229 /index.php/Admin/System/login_task
INFO: [ app_init ] --START--
INFO: Run Behavior\BuildLiteBehavior [ RunTime:0.000015s ]
INFO: [ app_init ] --END-- [ RunTime:0.000385s ]
INFO: [ app_begin ] --START--
INFO: Run Behavior\ReadHtmlCacheBehavior [ RunTime:0.000630s ]
INFO: [ app_begin ] --END-- [ RunTime:0.000711s ]
NOTIC: [8] Undefined index: login_task C:\wwwroot\shop_31u1a2\web\Application\Admin\Common\function.php 第 51 行.
NOTIC: [2] Invalid argument supplied for foreach() C:\wwwroot\shop_31u1a2\web\Application\Admin\Controller\SystemController.class.php 第 249 行.
INFO: [ app_end ] --START--
INFO: Run Behavior\ShowPageTraceBehavior [ RunTime:0.000613s ]
INFO: [ app_end ] --END-- [ RunTime:0.000702s ]

[ 2018-01-21T16:53:34+08:00 ] 139.205.205.229 /index.php/Admin/Ad/adList
INFO: [ app_init ] --START--
INFO: Run Behavior\BuildLiteBehavior [ RunTime:0.000014s ]
INFO: [ app_init ] --END-- [ RunTime:0.000303s ]
INFO: [ app_begin ] --START--
INFO: Run Behavior\ReadHtmlCacheBehavior [ RunTime:0.000490s ]
INFO: [ app_begin ] --END-- [ RunTime:0.000547s ]
INFO: [ view_begin ] --START--
INFO: Run Home\Behaviors\testBehavior [ RunTime:0.000527s ]
INFO: [ view_begin ] --END-- [ RunTime:0.000588s ]
INFO: [ view_parse ] --START--
NOTIC: [8] Undefined index: level C:\wwwroot\shop_31u1a2\web\ThinkPHP\Library\Think\Template\TagLib\Tpshop.class.php 第 155 行.
INFO: [ template_filter ] --START--
INFO: Run Behavior\ContentReplaceBehavior [ RunTime:0.000090s ]
INFO: [ template_filter ] --END-- [ RunTime:0.000139s ]
NOTIC: [8] Use of undefined constant ad_id - assumed 'ad_id' C:\wwwroot\shop_31u1a2\web\Application\Runtime\Cache\Admin\9dcb80a295485a90dd49f9b2b975f801.php 第 148 行.
NOTIC: [8] Use of undefined constant pid - assumed 'pid' C:\wwwroot\shop_31u1a2\web\Application\Runtime\Cache\Admin\9dcb80a295485a90dd49f9b2b975f801.php 第 149 行.
NOTIC: [8] Use of undefined constant position_name - assumed 'position_name' C:\wwwroot\shop_31u1a2\web\Application\Runtime\Cache\Admin\9dcb80a295485a90dd49f9b2b975f801.php 第 149 行.
NOTIC: [8] Use of undefined constant target - assumed 'target' C:\wwwroot\shop_31u1a2\web\Application\Runtime\Cache\Admin\9dcb80a295485a90dd49f9b2b975f801.php 第 154 行.
NOTIC: [8] Use of undefined constant enabled - assumed 'enabled' C:\wwwroot\shop_31u1a2\web\Application\Runtime\Cache\Admin\9dcb80a295485a90dd49f9b2b975f801.php 第 157 行.
NOTIC: [8] Use of undefined constant ad_id - assumed 'ad_id' C:\wwwroot\shop_31u1a2\web\Application\Runtime\Cache\Admin\9dcb80a295485a90dd49f9b2b975f801.php 第 148 行.
NOTIC: [8] Use of undefined constant pid - assumed 'pid' C:\wwwroot\shop_31u1a2\web\Application\Runtime\Cache\Admin\9dcb80a295485a90dd49f9b2b975f801.php 第 149 行.
NOTIC: [8] Use of undefined constant position_name - assumed 'position_name' C:\wwwroot\shop_31u1a2\web\Application\Runtime\Cache\Admin\9dcb80a295485a90dd49f9b2b975f801.php 第 149 行.
NOTIC: [8] Use of undefined constant target - assumed 'target' C:\wwwroot\shop_31u1a2\web\Application\Runtime\Cache\Admin\9dcb80a295485a90dd49f9b2b975f801.php 第 154 行.
NOTIC: [8] Use of undefined constant enabled - assumed 'enabled' C:\wwwroot\shop_31u1a2\web\Application\Runtime\Cache\Admin\9dcb80a295485a90dd49f9b2b975f801.php 第 157 行.
NOTIC: [8] Use of undefined constant ad_id - assumed 'ad_id' C:\wwwroot\shop_31u1a2\web\Application\Runtime\Cache\Admin\9dcb80a295485a90dd49f9b2b975f801.php 第 148 行.
NOTIC: [8] Use of undefined constant pid - assumed 'pid' C:\wwwroot\shop_31u1a2\web\Application\Runtime\Cache\Admin\9dcb80a295485a90dd49f9b2b975f801.php 第 149 行.
NOTIC: [8] Use of undefined constant position_name - assumed 'position_name' C:\wwwroot\shop_31u1a2\web\Application\Runtime\Cache\Admin\9dcb80a295485a90dd49f9b2b975f801.php 第 149 行.
NOTIC: [8] Use of undefined constant target - assumed 'target' C:\wwwroot\shop_31u1a2\web\Application\Runtime\Cache\Admin\9dcb80a295485a90dd49f9b2b975f801.php 第 154 行.
NOTIC: [8] Use of undefined constant enabled - assumed 'enabled' C:\wwwroot\shop_31u1a2\web\Application\Runtime\Cache\Admin\9dcb80a295485a90dd49f9b2b975f801.php 第 157 行.
NOTIC: [8] Use of undefined constant ad_id - assumed 'ad_id' C:\wwwroot\shop_31u1a2\web\Application\Runtime\Cache\Admin\9dcb80a295485a90dd49f9b2b975f801.php 第 148 行.
NOTIC: [8] Use of undefined constant pid - assumed 'pid' C:\wwwroot\shop_31u1a2\web\Application\Runtime\Cache\Admin\9dcb80a295485a90dd49f9b2b975f801.php 第 149 行.
NOTIC: [8] Use of undefined constant position_name - assumed 'position_name' C:\wwwroot\shop_31u1a2\web\Application\Runtime\Cache\Admin\9dcb80a295485a90dd49f9b2b975f801.php 第 149 行.
NOTIC: [8] Use of undefined constant target - assumed 'target' C:\wwwroot\shop_31u1a2\web\Application\Runtime\Cache\Admin\9dcb80a295485a90dd49f9b2b975f801.php 第 154 行.
NOTIC: [8] Use of undefined constant enabled - assumed 'enabled' C:\wwwroot\shop_31u1a2\web\Application\Runtime\Cache\Admin\9dcb80a295485a90dd49f9b2b975f801.php 第 157 行.
NOTIC: [8] Use of undefined constant ad_id - assumed 'ad_id' C:\wwwroot\shop_31u1a2\web\Application\Runtime\Cache\Admin\9dcb80a295485a90dd49f9b2b975f801.php 第 148 行.
NOTIC: [8] Use of undefined constant pid - assumed 'pid' C:\wwwroot\shop_31u1a2\web\Application\Runtime\Cache\Admin\9dcb80a295485a90dd49f9b2b975f801.php 第 149 行.
NOTIC: [8] Use of undefined constant position_name - assumed 'position_name' C:\wwwroot\shop_31u1a2\web\Application\Runtime\Cache\Admin\9dcb80a295485a90dd49f9b2b975f801.php 第 149 行.
NOTIC: [8] Use of undefined constant target - assumed 'target' C:\wwwroot\shop_31u1a2\web\Application\Runtime\Cache\Admin\9dcb80a295485a90dd49f9b2b975f801.php 第 154 行.
NOTIC: [8] Use of undefined constant enabled - assumed 'enabled' C:\wwwroot\shop_31u1a2\web\Application\Runtime\Cache\Admin\9dcb80a295485a90dd49f9b2b975f801.php 第 157 行.
NOTIC: [8] Use of undefined constant ad_id - assumed 'ad_id' C:\wwwroot\shop_31u1a2\web\Application\Runtime\Cache\Admin\9dcb80a295485a90dd49f9b2b975f801.php 第 148 行.
NOTIC: [8] Use of undefined constant pid - assumed 'pid' C:\wwwroot\shop_31u1a2\web\Application\Runtime\Cache\Admin\9dcb80a295485a90dd49f9b2b975f801.php 第 149 行.
NOTIC: [8] Use of undefined constant position_name - assumed 'position_name' C:\wwwroot\shop_31u1a2\web\Application\Runtime\Cache\Admin\9dcb80a295485a90dd49f9b2b975f801.php 第 149 行.
NOTIC: [8] Use of undefined constant target - assumed 'target' C:\wwwroot\shop_31u1a2\web\Application\Runtime\Cache\Admin\9dcb80a295485a90dd49f9b2b975f801.php 第 154 行.
NOTIC: [8] Use of undefined constant enabled - assumed 'enabled' C:\wwwroot\shop_31u1a2\web\Application\Runtime\Cache\Admin\9dcb80a295485a90dd49f9b2b975f801.php 第 157 行.
NOTIC: [8] Use of undefined constant ad_id - assumed 'ad_id' C:\wwwroot\shop_31u1a2\web\Application\Runtime\Cache\Admin\9dcb80a295485a90dd49f9b2b975f801.php 第 148 行.
NOTIC: [8] Use of undefined constant pid - assumed 'pid' C:\wwwroot\shop_31u1a2\web\Application\Runtime\Cache\Admin\9dcb80a295485a90dd49f9b2b975f801.php 第 149 行.
NOTIC: [8] Use of undefined constant position_name - assumed 'position_name' C:\wwwroot\shop_31u1a2\web\Application\Runtime\Cache\Admin\9dcb80a295485a90dd49f9b2b975f801.php 第 149 行.
NOTIC: [8] Use of undefined constant target - assumed 'target' C:\wwwroot\shop_31u1a2\web\Application\Runtime\Cache\Admin\9dcb80a295485a90dd49f9b2b975f801.php 第 154 行.
NOTIC: [8] Use of undefined constant enabled - assumed 'enabled' C:\wwwroot\shop_31u1a2\web\Application\Runtime\Cache\Admin\9dcb80a295485a90dd49f9b2b975f801.php 第 157 行.
NOTIC: [8] Use of undefined constant ad_id - assumed 'ad_id' C:\wwwroot\shop_31u1a2\web\Application\Runtime\Cache\Admin\9dcb80a295485a90dd49f9b2b975f801.php 第 148 行.
NOTIC: [8] Use of undefined constant pid - assumed 'pid' C:\wwwroot\shop_31u1a2\web\Application\Runtime\Cache\Admin\9dcb80a295485a90dd49f9b2b975f801.php 第 149 行.
NOTIC: [8] Use of undefined constant position_name - assumed 'position_name' C:\wwwroot\shop_31u1a2\web\Application\Runtime\Cache\Admin\9dcb80a295485a90dd49f9b2b975f801.php 第 149 行.
NOTIC: [8] Use of undefined constant target - assumed 'target' C:\wwwroot\shop_31u1a2\web\Application\Runtime\Cache\Admin\9dcb80a295485a90dd49f9b2b975f801.php 第 154 行.
NOTIC: [8] Use of undefined constant enabled - assumed 'enabled' C:\wwwroot\shop_31u1a2\web\Application\Runtime\Cache\Admin\9dcb80a295485a90dd49f9b2b975f801.php 第 157 行.
NOTIC: [8] Use of undefined constant ad_id - assumed 'ad_id' C:\wwwroot\shop_31u1a2\web\Application\Runtime\Cache\Admin\9dcb80a295485a90dd49f9b2b975f801.php 第 148 行.
NOTIC: [8] Use of undefined constant pid - assumed 'pid' C:\wwwroot\shop_31u1a2\web\Application\Runtime\Cache\Admin\9dcb80a295485a90dd49f9b2b975f801.php 第 149 行.
NOTIC: [8] Use of undefined constant position_name - assumed 'position_name' C:\wwwroot\shop_31u1a2\web\Application\Runtime\Cache\Admin\9dcb80a295485a90dd49f9b2b975f801.php 第 149 行.
NOTIC: [8] Use of undefined constant target - assumed 'target' C:\wwwroot\shop_31u1a2\web\Application\Runtime\Cache\Admin\9dcb80a295485a90dd49f9b2b975f801.php 第 154 行.
NOTIC: [8] Use of undefined constant enabled - assumed 'enabled' C:\wwwroot\shop_31u1a2\web\Application\Runtime\Cache\Admin\9dcb80a295485a90dd49f9b2b975f801.php 第 157 行.
NOTIC: [8] Use of undefined constant ad_id - assumed 'ad_id' C:\wwwroot\shop_31u1a2\web\Application\Runtime\Cache\Admin\9dcb80a295485a90dd49f9b2b975f801.php 第 148 行.
NOTIC: [8] Use of undefined constant pid - assumed 'pid' C:\wwwroot\shop_31u1a2\web\Application\Runtime\Cache\Admin\9dcb80a295485a90dd49f9b2b975f801.php 第 149 行.
NOTIC: [8] Use of undefined constant position_name - assumed 'position_name' C:\wwwroot\shop_31u1a2\web\Application\Runtime\Cache\Admin\9dcb80a295485a90dd49f9b2b975f801.php 第 149 行.
NOTIC: [8] Use of undefined constant target - assumed 'target' C:\wwwroot\shop_31u1a2\web\Application\Runtime\Cache\Admin\9dcb80a295485a90dd49f9b2b975f801.php 第 154 行.
NOTIC: [8] Use of undefined constant enabled - assumed 'enabled' C:\wwwroot\shop_31u1a2\web\Application\Runtime\Cache\Admin\9dcb80a295485a90dd49f9b2b975f801.php 第 157 行.
INFO: Run Behavior\ParseTemplateBehavior [ RunTime:0.015985s ]
INFO: [ view_parse ] --END-- [ RunTime:0.016033s ]
INFO: [ view_filter ] --START--
INFO: Run Behavior\WriteHtmlCacheBehavior [ RunTime:0.000437s ]
INFO: Run Behavior\TokenBuildBehavior [ RunTime:0.001418s ]
INFO: [ view_filter ] --END-- [ RunTime:0.001920s ]
INFO: [ app_end ] --START--
INFO: Run Behavior\ShowPageTraceBehavior [ RunTime:0.000465s ]
INFO: [ app_end ] --END-- [ RunTime:0.000513s ]

[ 2018-01-21T17:11:46+08:00 ] 139.205.205.229 /index.php/Admin/Index/index
INFO: [ app_init ] --START--
INFO: Run Behavior\BuildLiteBehavior [ RunTime:0.000015s ]
INFO: [ app_init ] --END-- [ RunTime:0.000354s ]
INFO: [ app_begin ] --START--
INFO: Run Behavior\ReadHtmlCacheBehavior [ RunTime:0.000426s ]
INFO: [ app_begin ] --END-- [ RunTime:0.000480s ]
INFO: [ view_begin ] --START--
INFO: Run Home\Behaviors\testBehavior [ RunTime:0.000481s ]
INFO: [ view_begin ] --END-- [ RunTime:0.000562s ]
INFO: [ view_parse ] --START--
INFO: [ template_filter ] --START--
INFO: Run Behavior\ContentReplaceBehavior [ RunTime:0.000092s ]
INFO: [ template_filter ] --END-- [ RunTime:0.000148s ]
INFO: Run Behavior\ParseTemplateBehavior [ RunTime:0.021171s ]
INFO: [ view_parse ] --END-- [ RunTime:0.021216s ]
INFO: [ view_filter ] --START--
INFO: Run Behavior\WriteHtmlCacheBehavior [ RunTime:0.000257s ]
INFO: Run Behavior\TokenBuildBehavior [ RunTime:0.001400s ]
INFO: [ view_filter ] --END-- [ RunTime:0.001719s ]
INFO: [ app_end ] --START--
INFO: Run Behavior\ShowPageTraceBehavior [ RunTime:0.000463s ]
INFO: [ app_end ] --END-- [ RunTime:0.000505s ]

[ 2018-01-21T17:11:46+08:00 ] 139.205.205.229 /index.php/Admin/Index/welcome
INFO: [ app_init ] --START--
INFO: Run Behavior\BuildLiteBehavior [ RunTime:0.000019s ]
INFO: [ app_init ] --END-- [ RunTime:0.000383s ]
INFO: [ app_begin ] --START--
INFO: Run Behavior\ReadHtmlCacheBehavior [ RunTime:0.000486s ]
INFO: [ app_begin ] --END-- [ RunTime:0.000538s ]
NOTIC: [8] Undefined index: welcome C:\wwwroot\shop_31u1a2\web\Application\Admin\Common\function.php 第 51 行.
NOTIC: [8] Undefined index: version C:\wwwroot\shop_31u1a2\web\Application\Admin\Controller\IndexController.class.php 第 64 行.
INFO: [ view_begin ] --START--
INFO: Run Home\Behaviors\testBehavior [ RunTime:0.000427s ]
INFO: [ view_begin ] --END-- [ RunTime:0.000494s ]
INFO: [ view_parse ] --START--
INFO: [ template_filter ] --START--
INFO: Run Behavior\ContentReplaceBehavior [ RunTime:0.000128s ]
INFO: [ template_filter ] --END-- [ RunTime:0.000178s ]
INFO: Run Behavior\ParseTemplateBehavior [ RunTime:0.009608s ]
INFO: [ view_parse ] --END-- [ RunTime:0.009667s ]
INFO: [ view_filter ] --START--
INFO: Run Behavior\WriteHtmlCacheBehavior [ RunTime:0.000240s ]
INFO: Run Behavior\TokenBuildBehavior [ RunTime:0.000689s ]
INFO: [ view_filter ] --END-- [ RunTime:0.000999s ]
INFO: [ app_end ] --START--
INFO: Run Behavior\ShowPageTraceBehavior [ RunTime:0.000501s ]
INFO: [ app_end ] --END-- [ RunTime:0.000542s ]

[ 2018-01-21T17:11:46+08:00 ] 139.205.205.229 /index.php/Admin/System/login_task
INFO: [ app_init ] --START--
INFO: Run Behavior\BuildLiteBehavior [ RunTime:0.000014s ]
INFO: [ app_init ] --END-- [ RunTime:0.000413s ]
INFO: [ app_begin ] --START--
INFO: Run Behavior\ReadHtmlCacheBehavior [ RunTime:0.000473s ]
INFO: [ app_begin ] --END-- [ RunTime:0.000524s ]
NOTIC: [8] Undefined index: login_task C:\wwwroot\shop_31u1a2\web\Application\Admin\Common\function.php 第 51 行.
NOTIC: [2] Invalid argument supplied for foreach() C:\wwwroot\shop_31u1a2\web\Application\Admin\Controller\SystemController.class.php 第 249 行.
INFO: [ app_end ] --START--
INFO: Run Behavior\ShowPageTraceBehavior [ RunTime:0.000572s ]
INFO: [ app_end ] --END-- [ RunTime:0.000624s ]

[ 2018-01-21T17:12:04+08:00 ] 139.205.205.229 /index.php/Admin/Index/index
INFO: [ app_init ] --START--
INFO: Run Behavior\BuildLiteBehavior [ RunTime:0.000016s ]
INFO: [ app_init ] --END-- [ RunTime:0.000495s ]
INFO: [ app_begin ] --START--
INFO: Run Behavior\ReadHtmlCacheBehavior [ RunTime:0.000424s ]
INFO: [ app_begin ] --END-- [ RunTime:0.000481s ]
INFO: [ view_begin ] --START--
INFO: Run Home\Behaviors\testBehavior [ RunTime:0.000406s ]
INFO: [ view_begin ] --END-- [ RunTime:0.000533s ]
INFO: [ view_parse ] --START--
INFO: [ template_filter ] --START--
INFO: Run Behavior\ContentReplaceBehavior [ RunTime:0.000094s ]
INFO: [ template_filter ] --END-- [ RunTime:0.000216s ]
INFO: Run Behavior\ParseTemplateBehavior [ RunTime:0.013515s ]
INFO: [ view_parse ] --END-- [ RunTime:0.013565s ]
INFO: [ view_filter ] --START--
INFO: Run Behavior\WriteHtmlCacheBehavior [ RunTime:0.000303s ]
INFO: Run Behavior\TokenBuildBehavior [ RunTime:0.001420s ]
INFO: [ view_filter ] --END-- [ RunTime:0.001797s ]
INFO: [ app_end ] --START--
INFO: Run Behavior\ShowPageTraceBehavior [ RunTime:0.000540s ]
INFO: [ app_end ] --END-- [ RunTime:0.000586s ]

[ 2018-01-21T17:12:04+08:00 ] 139.205.205.229 /index.php/Admin/Index/welcome
INFO: [ app_init ] --START--
INFO: Run Behavior\BuildLiteBehavior [ RunTime:0.000014s ]
INFO: [ app_init ] --END-- [ RunTime:0.000319s ]
INFO: [ app_begin ] --START--
INFO: Run Behavior\ReadHtmlCacheBehavior [ RunTime:0.000483s ]
INFO: [ app_begin ] --END-- [ RunTime:0.000553s ]
NOTIC: [8] Undefined index: welcome C:\wwwroot\shop_31u1a2\web\Application\Admin\Common\function.php 第 51 行.
NOTIC: [8] Undefined index: version C:\wwwroot\shop_31u1a2\web\Application\Admin\Controller\IndexController.class.php 第 64 行.
INFO: [ view_begin ] --START--
INFO: Run Home\Behaviors\testBehavior [ RunTime:0.000464s ]
INFO: [ view_begin ] --END-- [ RunTime:0.000537s ]
INFO: [ view_parse ] --START--
INFO: [ template_filter ] --START--
INFO: Run Behavior\ContentReplaceBehavior [ RunTime:0.000092s ]
INFO: [ template_filter ] --END-- [ RunTime:0.000153s ]
INFO: Run Behavior\ParseTemplateBehavior [ RunTime:0.010246s ]
INFO: [ view_parse ] --END-- [ RunTime:0.010301s ]
INFO: [ view_filter ] --START--
INFO: Run Behavior\WriteHtmlCacheBehavior [ RunTime:0.000271s ]
INFO: Run Behavior\TokenBuildBehavior [ RunTime:0.000728s ]
INFO: [ view_filter ] --END-- [ RunTime:0.001125s ]
INFO: [ app_end ] --START--
INFO: Run Behavior\ShowPageTraceBehavior [ RunTime:0.000596s ]
INFO: [ app_end ] --END-- [ RunTime:0.000642s ]

[ 2018-01-21T17:12:04+08:00 ] 139.205.205.229 /index.php/Admin/System/login_task
INFO: [ app_init ] --START--
INFO: Run Behavior\BuildLiteBehavior [ RunTime:0.000015s ]
INFO: [ app_init ] --END-- [ RunTime:0.000344s ]
INFO: [ app_begin ] --START--
INFO: Run Behavior\ReadHtmlCacheBehavior [ RunTime:0.000448s ]
INFO: [ app_begin ] --END-- [ RunTime:0.000506s ]
NOTIC: [8] Undefined index: login_task C:\wwwroot\shop_31u1a2\web\Application\Admin\Common\function.php 第 51 行.
NOTIC: [2] Invalid argument supplied for foreach() C:\wwwroot\shop_31u1a2\web\Application\Admin\Controller\SystemController.class.php 第 249 行.
INFO: [ app_end ] --START--
INFO: Run Behavior\ShowPageTraceBehavior [ RunTime:0.000710s ]
INFO: [ app_end ] --END-- [ RunTime:0.000768s ]

